	Command being timed: "gg-force --jobs 2000 --engine lambda=us-west-2 --engine lambda=us-east-1 --jobs 1000 --engine lambda=us-west-1 --engine lambda=us-east-2 --timeout 4 app/.libs/gimp-2.8 app/.libs/gimp-console-2.8"
	User time (seconds): 10.05
	System time (seconds): 1.54
	Percent of CPU this job got: 31%
	Elapsed (wall clock) time (h:mm:ss or m:ss): 0:36.38
	Average shared text size (kbytes): 0
	Average unshared data size (kbytes): 0
	Average stack size (kbytes): 0
	Average total size (kbytes): 0
	Maximum resident set size (kbytes): 368860
	Average resident set size (kbytes): 0
	Major (requiring I/O) page faults: 0
	Minor (reclaiming a frame) page faults: 93773
	Voluntary context switches: 3287
	Involuntary context switches: 300
	Swaps: 0
	File system inputs: 0
	File system outputs: 299824
	Socket messages sent: 0
	Socket messages received: 0
	Signals delivered: 0
	Page size (bytes): 4096
	Exit status: 0
