	Command being timed: "gg-build-infer make -j4"
	User time (seconds): 147.31
	System time (seconds): 35.84
	Percent of CPU this job got: 312%
	Elapsed (wall clock) time (h:mm:ss or m:ss): 0:58.68
	Average shared text size (kbytes): 0
	Average unshared data size (kbytes): 0
	Average stack size (kbytes): 0
	Average total size (kbytes): 0
	Maximum resident set size (kbytes): 83816
	Average resident set size (kbytes): 0
	Major (requiring I/O) page faults: 0
	Minor (reclaiming a frame) page faults: 13304896
	Voluntary context switches: 185377
	Involuntary context switches: 84277
	Swaps: 0
	File system inputs: 0
	File system outputs: 843944
	Socket messages sent: 0
	Socket messages received: 0
	Signals delivered: 0
	Page size (bytes): 4096
	Exit status: 0
