	Command being timed: "gg-build-infer make -j4"
	User time (seconds): 147.34
	System time (seconds): 35.63
	Percent of CPU this job got: 311%
	Elapsed (wall clock) time (h:mm:ss or m:ss): 0:58.81
	Average shared text size (kbytes): 0
	Average unshared data size (kbytes): 0
	Average stack size (kbytes): 0
	Average total size (kbytes): 0
	Maximum resident set size (kbytes): 84164
	Average resident set size (kbytes): 0
	Major (requiring I/O) page faults: 0
	Minor (reclaiming a frame) page faults: 13304624
	Voluntary context switches: 184017
	Involuntary context switches: 84424
	Swaps: 0
	File system inputs: 0
	File system outputs: 844888
	Socket messages sent: 0
	Socket messages received: 0
	Signals delivered: 0
	Page size (bytes): 4096
	Exit status: 0
