	Command being timed: "make -j64"
	User time (seconds): 1001.87
	System time (seconds): 46.02
	Percent of CPU this job got: 2516%
	Elapsed (wall clock) time (h:mm:ss or m:ss): 0:41.64
	Average shared text size (kbytes): 0
	Average unshared data size (kbytes): 0
	Average stack size (kbytes): 0
	Average total size (kbytes): 0
	Maximum resident set size (kbytes): 218868
	Average resident set size (kbytes): 0
	Major (requiring I/O) page faults: 0
	Minor (reclaiming a frame) page faults: 13847099
	Voluntary context switches: 26847
	Involuntary context switches: 30287
	Swaps: 0
	File system inputs: 0
	File system outputs: 1621024
	Socket messages sent: 0
	Socket messages received: 0
	Signals delivered: 0
	Page size (bytes): 4096
	Exit status: 0
