	Command being timed: "make -j64"
	User time (seconds): 144.70
	System time (seconds): 3.36
	Percent of CPU this job got: 529%
	Elapsed (wall clock) time (h:mm:ss or m:ss): 0:27.94
	Average shared text size (kbytes): 0
	Average unshared data size (kbytes): 0
	Average stack size (kbytes): 0
	Average total size (kbytes): 0
	Maximum resident set size (kbytes): 93248
	Average resident set size (kbytes): 0
	Major (requiring I/O) page faults: 0
	Minor (reclaiming a frame) page faults: 1240949
	Voluntary context switches: 6488
	Involuntary context switches: 1772
	Swaps: 0
	File system inputs: 0
	File system outputs: 537880
	Socket messages sent: 0
	Socket messages received: 0
	Signals delivered: 0
	Page size (bytes): 4096
	Exit status: 0
