	Command being timed: "make -j64"
	User time (seconds): 149.76
	System time (seconds): 4.32
	Percent of CPU this job got: 550%
	Elapsed (wall clock) time (h:mm:ss or m:ss): 0:27.96
	Average shared text size (kbytes): 0
	Average unshared data size (kbytes): 0
	Average stack size (kbytes): 0
	Average total size (kbytes): 0
	Maximum resident set size (kbytes): 92976
	Average resident set size (kbytes): 0
	Major (requiring I/O) page faults: 0
	Minor (reclaiming a frame) page faults: 1423743
	Voluntary context switches: 6928
	Involuntary context switches: 2611
	Swaps: 0
	File system inputs: 0
	File system outputs: 604888
	Socket messages sent: 0
	Socket messages received: 0
	Signals delivered: 0
	Page size (bytes): 4096
	Exit status: 0
