	Command being timed: "make inkscape inkview"
	User time (seconds): 2104.68
	System time (seconds): 364.27
	Percent of CPU this job got: 99%
	Elapsed (wall clock) time (h:mm:ss or m:ss): 41:13.84
	Average shared text size (kbytes): 0
	Average unshared data size (kbytes): 0
	Average stack size (kbytes): 0
	Average total size (kbytes): 0
	Maximum resident set size (kbytes): 607664
	Average resident set size (kbytes): 0
	Major (requiring I/O) page faults: 0
	Minor (reclaiming a frame) page faults: 71258715
	Voluntary context switches: 13344
	Involuntary context switches: 53400
	Swaps: 0
	File system inputs: 0
	File system outputs: 639152
	Socket messages sent: 0
	Socket messages received: 0
	Signals delivered: 0
	Page size (bytes): 4096
	Exit status: 0
