	Command being timed: "gg-reduce bin/llc"
	User time (seconds): 9.16
	System time (seconds): 1.65
	Percent of CPU this job got: 5%
	Elapsed (wall clock) time (h:mm:ss or m:ss): 3:12.76
	Average shared text size (kbytes): 0
	Average unshared data size (kbytes): 0
	Average stack size (kbytes): 0
	Average total size (kbytes): 0
	Maximum resident set size (kbytes): 642176
	Average resident set size (kbytes): 0
	Major (requiring I/O) page faults: 0
	Minor (reclaiming a frame) page faults: 133521
	Voluntary context switches: 18252
	Involuntary context switches: 141
	Swaps: 0
	File system inputs: 0
	File system outputs: 214392
	Socket messages sent: 0
	Socket messages received: 0
	Signals delivered: 0
	Page size (bytes): 4096
	Exit status: 0
