	Command being timed: "gg-run make -j4 llc"
	User time (seconds): 511.52
	System time (seconds): 54.50
	Percent of CPU this job got: 247%
	Elapsed (wall clock) time (h:mm:ss or m:ss): 3:49.13
	Average shared text size (kbytes): 0
	Average unshared data size (kbytes): 0
	Average stack size (kbytes): 0
	Average total size (kbytes): 0
	Maximum resident set size (kbytes): 353352
	Average resident set size (kbytes): 0
	Major (requiring I/O) page faults: 0
	Minor (reclaiming a frame) page faults: 11069291
	Voluntary context switches: 54499
	Involuntary context switches: 71392
	Swaps: 0
	File system inputs: 0
	File system outputs: 1647960
	Socket messages sent: 0
	Socket messages received: 0
	Signals delivered: 0
	Page size (bytes): 4096
	Exit status: 0
