Command exited with non-zero status 2
	Command being timed: "gg-run make -j4 llc"
	User time (seconds): 32.17
	System time (seconds): 6.19
	Percent of CPU this job got: 85%
	Elapsed (wall clock) time (h:mm:ss or m:ss): 0:44.99
	Average shared text size (kbytes): 0
	Average unshared data size (kbytes): 0
	Average stack size (kbytes): 0
	Average total size (kbytes): 0
	Maximum resident set size (kbytes): 141312
	Average resident set size (kbytes): 0
	Major (requiring I/O) page faults: 0
	Minor (reclaiming a frame) page faults: 953737
	Voluntary context switches: 25298
	Involuntary context switches: 7751
	Swaps: 0
	File system inputs: 0
	File system outputs: 306080
	Socket messages sent: 0
	Socket messages received: 0
	Signals delivered: 0
	Page size (bytes): 4096
	Exit status: 2
