	Command being timed: "gg-run make -j4 cmake"
	User time (seconds): 39.63
	System time (seconds): 8.67
	Percent of CPU this job got: 328%
	Elapsed (wall clock) time (h:mm:ss or m:ss): 0:14.72
	Average shared text size (kbytes): 0
	Average unshared data size (kbytes): 0
	Average stack size (kbytes): 0
	Average total size (kbytes): 0
	Maximum resident set size (kbytes): 45840
	Average resident set size (kbytes): 0
	Major (requiring I/O) page faults: 0
	Minor (reclaiming a frame) page faults: 1895197
	Voluntary context switches: 14680
	Involuntary context switches: 14388
	Swaps: 0
	File system inputs: 0
	File system outputs: 400544
	Socket messages sent: 0
	Socket messages received: 0
	Signals delivered: 0
	Page size (bytes): 4096
	Exit status: 0
