	Command being timed: "gg-run make -j4 cmake"
	User time (seconds): 40.00
	System time (seconds): 8.55
	Percent of CPU this job got: 328%
	Elapsed (wall clock) time (h:mm:ss or m:ss): 0:14.78
	Average shared text size (kbytes): 0
	Average unshared data size (kbytes): 0
	Average stack size (kbytes): 0
	Average total size (kbytes): 0
	Maximum resident set size (kbytes): 45480
	Average resident set size (kbytes): 0
	Major (requiring I/O) page faults: 0
	Minor (reclaiming a frame) page faults: 1899733
	Voluntary context switches: 14683
	Involuntary context switches: 14215
	Swaps: 0
	File system inputs: 0
	File system outputs: 400496
	Socket messages sent: 0
	Socket messages received: 0
	Signals delivered: 0
	Page size (bytes): 4096
	Exit status: 0
