	Command being timed: "gg-reduce bin/cmake"
	User time (seconds): 3.74
	System time (seconds): 1.03
	Percent of CPU this job got: 19%
	Elapsed (wall clock) time (h:mm:ss or m:ss): 0:24.93
	Average shared text size (kbytes): 0
	Average unshared data size (kbytes): 0
	Average stack size (kbytes): 0
	Average total size (kbytes): 0
	Maximum resident set size (kbytes): 244264
	Average resident set size (kbytes): 0
	Major (requiring I/O) page faults: 0
	Minor (reclaiming a frame) page faults: 66390
	Voluntary context switches: 10026
	Involuntary context switches: 193
	Swaps: 0
	File system inputs: 0
	File system outputs: 88984
	Socket messages sent: 0
	Socket messages received: 0
	Signals delivered: 0
	Page size (bytes): 4096
	Exit status: 0
