	Command being timed: "gg-reduce ffmpeg ffserver ffprobe"
	User time (seconds): 759.29
	System time (seconds): 52.33
	Percent of CPU this job got: 3462%
	Elapsed (wall clock) time (h:mm:ss or m:ss): 0:23.44
	Average shared text size (kbytes): 0
	Average unshared data size (kbytes): 0
	Average stack size (kbytes): 0
	Average total size (kbytes): 0
	Maximum resident set size (kbytes): 206476
	Average resident set size (kbytes): 0
	Major (requiring I/O) page faults: 0
	Minor (reclaiming a frame) page faults: 15954642
	Voluntary context switches: 30943
	Involuntary context switches: 16485
	Swaps: 0
	File system inputs: 16
	File system outputs: 1641920
	Socket messages sent: 0
	Socket messages received: 0
	Signals delivered: 0
	Page size (bytes): 4096
	Exit status: 0
