	Command being timed: "gg-run make -j4 llc"
	User time (seconds): 935.54
	System time (seconds): 54.20
	Percent of CPU this job got: 327%
	Elapsed (wall clock) time (h:mm:ss or m:ss): 5:02.51
	Average shared text size (kbytes): 0
	Average unshared data size (kbytes): 0
	Average stack size (kbytes): 0
	Average total size (kbytes): 0
	Maximum resident set size (kbytes): 356796
	Average resident set size (kbytes): 0
	Major (requiring I/O) page faults: 0
	Minor (reclaiming a frame) page faults: 11161646
	Voluntary context switches: 64004
	Involuntary context switches: 75648
	Swaps: 0
	File system inputs: 0
	File system outputs: 2238896
	Socket messages sent: 0
	Socket messages received: 0
	Signals delivered: 0
	Page size (bytes): 4096
	Exit status: 0
