	Command being timed: "gg-run make -j4 llc"
	User time (seconds): 938.20
	System time (seconds): 55.30
	Percent of CPU this job got: 319%
	Elapsed (wall clock) time (h:mm:ss or m:ss): 5:10.69
	Average shared text size (kbytes): 0
	Average unshared data size (kbytes): 0
	Average stack size (kbytes): 0
	Average total size (kbytes): 0
	Maximum resident set size (kbytes): 357072
	Average resident set size (kbytes): 0
	Major (requiring I/O) page faults: 0
	Minor (reclaiming a frame) page faults: 11166741
	Voluntary context switches: 67476
	Involuntary context switches: 75537
	Swaps: 0
	File system inputs: 0
	File system outputs: 2145360
	Socket messages sent: 0
	Socket messages received: 0
	Signals delivered: 0
	Page size (bytes): 4096
	Exit status: 0
