	Command being timed: "gg-reduce bin/llc"
	User time (seconds): 10.89
	System time (seconds): 4.22
	Percent of CPU this job got: 4%
	Elapsed (wall clock) time (h:mm:ss or m:ss): 5:41.37
	Average shared text size (kbytes): 0
	Average unshared data size (kbytes): 0
	Average stack size (kbytes): 0
	Average total size (kbytes): 0
	Maximum resident set size (kbytes): 2456360
	Average resident set size (kbytes): 0
	Major (requiring I/O) page faults: 0
	Minor (reclaiming a frame) page faults: 129021
	Voluntary context switches: 122942
	Involuntary context switches: 153
	Swaps: 0
	File system inputs: 0
	File system outputs: 3882632
	Socket messages sent: 0
	Socket messages received: 0
	Signals delivered: 0
	Page size (bytes): 4096
	Exit status: 0
