	Command being timed: "gg-run make -j4 llc"
	User time (seconds): 930.86
	System time (seconds): 53.59
	Percent of CPU this job got: 324%
	Elapsed (wall clock) time (h:mm:ss or m:ss): 5:02.95
	Average shared text size (kbytes): 0
	Average unshared data size (kbytes): 0
	Average stack size (kbytes): 0
	Average total size (kbytes): 0
	Maximum resident set size (kbytes): 356272
	Average resident set size (kbytes): 0
	Major (requiring I/O) page faults: 0
	Minor (reclaiming a frame) page faults: 11168614
	Voluntary context switches: 69047
	Involuntary context switches: 75318
	Swaps: 0
	File system inputs: 0
	File system outputs: 2237384
	Socket messages sent: 0
	Socket messages received: 0
	Signals delivered: 0
	Page size (bytes): 4096
	Exit status: 0
