	Command being timed: "gg-run make -j4 ssh sshd scp sftp ssh-keygen ssh-agent"
	User time (seconds): 13.00
	System time (seconds): 2.63
	Percent of CPU this job got: 88%
	Elapsed (wall clock) time (h:mm:ss or m:ss): 0:17.70
	Average shared text size (kbytes): 0
	Average unshared data size (kbytes): 0
	Average stack size (kbytes): 0
	Average total size (kbytes): 0
	Maximum resident set size (kbytes): 46096
	Average resident set size (kbytes): 0
	Major (requiring I/O) page faults: 35
	Minor (reclaiming a frame) page faults: 647781
	Voluntary context switches: 6700
	Involuntary context switches: 3433
	Swaps: 0
	File system inputs: 72408
	File system outputs: 361216
	Socket messages sent: 0
	Socket messages received: 0
	Signals delivered: 0
	Page size (bytes): 4096
	Exit status: 0
