	Command being timed: "gg-reduce ssh sshd scp sftp ssh-keygen ssh-agent"
	User time (seconds): 0.88
	System time (seconds): 0.29
	Percent of CPU this job got: 5%
	Elapsed (wall clock) time (h:mm:ss or m:ss): 0:21.68
	Average shared text size (kbytes): 0
	Average unshared data size (kbytes): 0
	Average stack size (kbytes): 0
	Average total size (kbytes): 0
	Maximum resident set size (kbytes): 117332
	Average resident set size (kbytes): 0
	Major (requiring I/O) page faults: 0
	Minor (reclaiming a frame) page faults: 29013
	Voluntary context switches: 5786
	Involuntary context switches: 82
	Swaps: 0
	File system inputs: 0
	File system outputs: 47312
	Socket messages sent: 0
	Socket messages received: 0
	Signals delivered: 0
	Page size (bytes): 4096
	Exit status: 0
