	Command being timed: "gg-reduce ssh sshd scp sftp ssh-keygen ssh-agent"
	User time (seconds): 0.92
	System time (seconds): 0.28
	Percent of CPU this job got: 6%
	Elapsed (wall clock) time (h:mm:ss or m:ss): 0:17.71
	Average shared text size (kbytes): 0
	Average unshared data size (kbytes): 0
	Average stack size (kbytes): 0
	Average total size (kbytes): 0
	Maximum resident set size (kbytes): 80924
	Average resident set size (kbytes): 0
	Major (requiring I/O) page faults: 0
	Minor (reclaiming a frame) page faults: 28378
	Voluntary context switches: 7298
	Involuntary context switches: 88
	Swaps: 0
	File system inputs: 0
	File system outputs: 47312
	Socket messages sent: 0
	Socket messages received: 0
	Signals delivered: 0
	Page size (bytes): 4096
	Exit status: 0
