	Command being timed: "gg-run make -j4 ssh sshd scp sftp ssh-keygen ssh-agent"
	User time (seconds): 13.44
	System time (seconds): 2.36
	Percent of CPU this job got: 339%
	Elapsed (wall clock) time (h:mm:ss or m:ss): 0:04.65
	Average shared text size (kbytes): 0
	Average unshared data size (kbytes): 0
	Average stack size (kbytes): 0
	Average total size (kbytes): 0
	Maximum resident set size (kbytes): 45176
	Average resident set size (kbytes): 0
	Major (requiring I/O) page faults: 0
	Minor (reclaiming a frame) page faults: 633184
	Voluntary context switches: 4848
	Involuntary context switches: 3863
	Swaps: 0
	File system inputs: 0
	File system outputs: 169168
	Socket messages sent: 0
	Socket messages received: 0
	Signals delivered: 0
	Page size (bytes): 4096
	Exit status: 0
