	Command being timed: "gg-infer make -j64"
	User time (seconds): 96.32
	System time (seconds): 35.61
	Percent of CPU this job got: 2314%
	Elapsed (wall clock) time (h:mm:ss or m:ss): 0:05.70
	Average shared text size (kbytes): 0
	Average unshared data size (kbytes): 0
	Average stack size (kbytes): 0
	Average total size (kbytes): 0
	Maximum resident set size (kbytes): 44944
	Average resident set size (kbytes): 0
	Major (requiring I/O) page faults: 0
	Minor (reclaiming a frame) page faults: 4798399
	Voluntary context switches: 38902
	Involuntary context switches: 18486
	Swaps: 0
	File system inputs: 0
	File system outputs: 2819216
	Socket messages sent: 0
	Socket messages received: 0
	Signals delivered: 0
	Page size (bytes): 4096
	Exit status: 0
