	Command being timed: "gg-force --jobs 64 ffmpeg ffprobe"
	User time (seconds): 819.11
	System time (seconds): 75.66
	Percent of CPU this job got: 3716%
	Elapsed (wall clock) time (h:mm:ss or m:ss): 0:24.07
	Average shared text size (kbytes): 0
	Average unshared data size (kbytes): 0
	Average stack size (kbytes): 0
	Average total size (kbytes): 0
	Maximum resident set size (kbytes): 206040
	Average resident set size (kbytes): 0
	Major (requiring I/O) page faults: 0
	Minor (reclaiming a frame) page faults: 17838750
	Voluntary context switches: 34717
	Involuntary context switches: 14925
	Swaps: 0
	File system inputs: 0
	File system outputs: 1473024
	Socket messages sent: 0
	Socket messages received: 0
	Signals delivered: 0
	Page size (bytes): 4096
	Exit status: 0
