	Command being timed: "gg-infer make -j64"
	User time (seconds): 96.44
	System time (seconds): 46.22
	Percent of CPU this job got: 1898%
	Elapsed (wall clock) time (h:mm:ss or m:ss): 0:07.51
	Average shared text size (kbytes): 0
	Average unshared data size (kbytes): 0
	Average stack size (kbytes): 0
	Average total size (kbytes): 0
	Maximum resident set size (kbytes): 44972
	Average resident set size (kbytes): 0
	Major (requiring I/O) page faults: 0
	Minor (reclaiming a frame) page faults: 5049190
	Voluntary context switches: 52534
	Involuntary context switches: 18503
	Swaps: 0
	File system inputs: 0
	File system outputs: 3679104
	Socket messages sent: 0
	Socket messages received: 0
	Signals delivered: 0
	Page size (bytes): 4096
	Exit status: 0
