	Command being timed: "gg-run make -j64"
	User time (seconds): 204.88
	System time (seconds): 20.16
	Percent of CPU this job got: 664%
	Elapsed (wall clock) time (h:mm:ss or m:ss): 0:33.88
	Average shared text size (kbytes): 0
	Average unshared data size (kbytes): 0
	Average stack size (kbytes): 0
	Average total size (kbytes): 0
	Maximum resident set size (kbytes): 68516
	Average resident set size (kbytes): 0
	Major (requiring I/O) page faults: 0
	Minor (reclaiming a frame) page faults: 4178514
	Voluntary context switches: 31296
	Involuntary context switches: 17272
	Swaps: 0
	File system inputs: 0
	File system outputs: 2544688
	Socket messages sent: 0
	Socket messages received: 0
	Signals delivered: 0
	Page size (bytes): 4096
	Exit status: 0
