	Command being timed: "gg-reduce ffmpeg ffserver ffprobe"
	User time (seconds): 962.70
	System time (seconds): 62.02
	Percent of CPU this job got: 3541%
	Elapsed (wall clock) time (h:mm:ss or m:ss): 0:28.93
	Average shared text size (kbytes): 0
	Average unshared data size (kbytes): 0
	Average stack size (kbytes): 0
	Average total size (kbytes): 0
	Maximum resident set size (kbytes): 264692
	Average resident set size (kbytes): 0
	Major (requiring I/O) page faults: 0
	Minor (reclaiming a frame) page faults: 18828858
	Voluntary context switches: 30232
	Involuntary context switches: 17995
	Swaps: 0
	File system inputs: 56
	File system outputs: 3742128
	Socket messages sent: 0
	Socket messages received: 0
	Signals delivered: 0
	Page size (bytes): 4096
	Exit status: 0
