	Command being timed: "gg-run make -j64"
	User time (seconds): 205.67
	System time (seconds): 25.61
	Percent of CPU this job got: 671%
	Elapsed (wall clock) time (h:mm:ss or m:ss): 0:34.46
	Average shared text size (kbytes): 0
	Average unshared data size (kbytes): 0
	Average stack size (kbytes): 0
	Average total size (kbytes): 0
	Maximum resident set size (kbytes): 68536
	Average resident set size (kbytes): 0
	Major (requiring I/O) page faults: 0
	Minor (reclaiming a frame) page faults: 4191845
	Voluntary context switches: 31643
	Involuntary context switches: 17391
	Swaps: 0
	File system inputs: 0
	File system outputs: 2632472
	Socket messages sent: 0
	Socket messages received: 0
	Signals delivered: 0
	Page size (bytes): 4096
	Exit status: 0
