	Command being timed: "gg-reduce ffmpeg ffserver ffprobe"
	User time (seconds): 960.65
	System time (seconds): 62.26
	Percent of CPU this job got: 3566%
	Elapsed (wall clock) time (h:mm:ss or m:ss): 0:28.68
	Average shared text size (kbytes): 0
	Average unshared data size (kbytes): 0
	Average stack size (kbytes): 0
	Average total size (kbytes): 0
	Maximum resident set size (kbytes): 264800
	Average resident set size (kbytes): 0
	Major (requiring I/O) page faults: 0
	Minor (reclaiming a frame) page faults: 18812896
	Voluntary context switches: 30801
	Involuntary context switches: 17992
	Swaps: 0
	File system inputs: 72
	File system outputs: 3742128
	Socket messages sent: 0
	Socket messages received: 0
	Signals delivered: 0
	Page size (bytes): 4096
	Exit status: 0
