	Command being timed: "gg-infer make -j4"
	User time (seconds): 75.73
	System time (seconds): 17.21
	Percent of CPU this job got: 197%
	Elapsed (wall clock) time (h:mm:ss or m:ss): 0:46.99
	Average shared text size (kbytes): 0
	Average unshared data size (kbytes): 0
	Average stack size (kbytes): 0
	Average total size (kbytes): 0
	Maximum resident set size (kbytes): 44860
	Average resident set size (kbytes): 0
	Major (requiring I/O) page faults: 0
	Minor (reclaiming a frame) page faults: 4123432
	Voluntary context switches: 31608
	Involuntary context switches: 32502
	Swaps: 0
	File system inputs: 0
	File system outputs: 715312
	Socket messages sent: 0
	Socket messages received: 0
	Signals delivered: 0
	Page size (bytes): 4096
	Exit status: 0
