	Command being timed: "gg-get VKyfU2udSuhnqor9b7OoK0Co43VVi4hGu1jKZgDmA83M0612add4"
	User time (seconds): 0.06
	System time (seconds): 0.37
	Percent of CPU this job got: 6%
	Elapsed (wall clock) time (h:mm:ss or m:ss): 0:06.93
	Average shared text size (kbytes): 0
	Average unshared data size (kbytes): 0
	Average stack size (kbytes): 0
	Average total size (kbytes): 0
	Maximum resident set size (kbytes): 207996
	Average resident set size (kbytes): 0
	Major (requiring I/O) page faults: 3
	Minor (reclaiming a frame) page faults: 82894
	Voluntary context switches: 17601
	Involuntary context switches: 12
	Swaps: 0
	File system inputs: 880
	File system outputs: 199000
	Socket messages sent: 0
	Socket messages received: 0
	Signals delivered: 0
	Page size (bytes): 4096
	Exit status: 0
