	Command being timed: "gg-get Vp4D9O0wMK.p.xMOBKgJCmNxinUeCyyjFBEHe2ogpqLM0625ffeb"
	User time (seconds): 0.09
	System time (seconds): 0.43
	Percent of CPU this job got: 5%
	Elapsed (wall clock) time (h:mm:ss or m:ss): 0:10.40
	Average shared text size (kbytes): 0
	Average unshared data size (kbytes): 0
	Average stack size (kbytes): 0
	Average total size (kbytes): 0
	Maximum resident set size (kbytes): 210692
	Average resident set size (kbytes): 0
	Major (requiring I/O) page faults: 0
	Minor (reclaiming a frame) page faults: 83513
	Voluntary context switches: 31358
	Involuntary context switches: 4
	Swaps: 0
	File system inputs: 0
	File system outputs: 201472
	Socket messages sent: 0
	Socket messages received: 0
	Signals delivered: 0
	Page size (bytes): 4096
	Exit status: 0
