	Command being timed: "gg-remodel src/inkscape"
	User time (seconds): 3.34
	System time (seconds): 2.37
	Percent of CPU this job got: 96%
	Elapsed (wall clock) time (h:mm:ss or m:ss): 0:05.94
	Average shared text size (kbytes): 0
	Average unshared data size (kbytes): 0
	Average stack size (kbytes): 0
	Average total size (kbytes): 0
	Maximum resident set size (kbytes): 61084
	Average resident set size (kbytes): 0
	Major (requiring I/O) page faults: 37
	Minor (reclaiming a frame) page faults: 99785
	Voluntary context switches: 321
	Involuntary context switches: 1255
	Swaps: 0
	File system inputs: 9992
	File system outputs: 228592
	Socket messages sent: 0
	Socket messages received: 0
	Signals delivered: 0
	Page size (bytes): 4096
	Exit status: 0
