	Command being timed: "gg-get VLAtaMWWS9SdqIYsTYkTKuka7LCmRN2XtFj1.OPCs5c80626b257"
	User time (seconds): 0.07
	System time (seconds): 0.39
	Percent of CPU this job got: 6%
	Elapsed (wall clock) time (h:mm:ss or m:ss): 0:07.05
	Average shared text size (kbytes): 0
	Average unshared data size (kbytes): 0
	Average stack size (kbytes): 0
	Average total size (kbytes): 0
	Maximum resident set size (kbytes): 210660
	Average resident set size (kbytes): 0
	Major (requiring I/O) page faults: 0
	Minor (reclaiming a frame) page faults: 83534
	Voluntary context switches: 20327
	Involuntary context switches: 11
	Swaps: 0
	File system inputs: 0
	File system outputs: 201568
	Socket messages sent: 0
	Socket messages received: 0
	Signals delivered: 0
	Page size (bytes): 4096
	Exit status: 0
