	Command being timed: "gg-get VorFkD4m7fzraZsdrjUPR7K3VDLooZiTJ0uawA7fA5aU062ecbf5"
	User time (seconds): 0.08
	System time (seconds): 0.37
	Percent of CPU this job got: 7%
	Elapsed (wall clock) time (h:mm:ss or m:ss): 0:06.44
	Average shared text size (kbytes): 0
	Average unshared data size (kbytes): 0
	Average stack size (kbytes): 0
	Average total size (kbytes): 0
	Maximum resident set size (kbytes): 211720
	Average resident set size (kbytes): 0
	Major (requiring I/O) page faults: 0
	Minor (reclaiming a frame) page faults: 83796
	Voluntary context switches: 20446
	Involuntary context switches: 9
	Swaps: 0
	File system inputs: 0
	File system outputs: 202600
	Socket messages sent: 0
	Socket messages received: 0
	Signals delivered: 0
	Page size (bytes): 4096
	Exit status: 0
