	Command being timed: "gg-remodel src/inkscape"
	User time (seconds): 3.46
	System time (seconds): 2.60
	Percent of CPU this job got: 97%
	Elapsed (wall clock) time (h:mm:ss or m:ss): 0:06.21
	Average shared text size (kbytes): 0
	Average unshared data size (kbytes): 0
	Average stack size (kbytes): 0
	Average total size (kbytes): 0
	Maximum resident set size (kbytes): 61172
	Average resident set size (kbytes): 0
	Major (requiring I/O) page faults: 0
	Minor (reclaiming a frame) page faults: 109357
	Voluntary context switches: 302
	Involuntary context switches: 985
	Swaps: 0
	File system inputs: 8
	File system outputs: 263432
	Socket messages sent: 0
	Socket messages received: 0
	Signals delivered: 0
	Page size (bytes): 4096
	Exit status: 0
