	Command being timed: "gg-put inkscape.ggdist.tar.gz"
	User time (seconds): 0.61
	System time (seconds): 0.58
	Percent of CPU this job got: 20%
	Elapsed (wall clock) time (h:mm:ss or m:ss): 0:05.72
	Average shared text size (kbytes): 0
	Average unshared data size (kbytes): 0
	Average stack size (kbytes): 0
	Average total size (kbytes): 0
	Maximum resident set size (kbytes): 552540
	Average resident set size (kbytes): 0
	Major (requiring I/O) page faults: 0
	Minor (reclaiming a frame) page faults: 294998
	Voluntary context switches: 81
	Involuntary context switches: 7
	Swaps: 0
	File system inputs: 0
	File system outputs: 0
	Socket messages sent: 0
	Socket messages received: 0
	Signals delivered: 0
	Page size (bytes): 4096
	Exit status: 0
