	Command being timed: "gg-get VwNxeAETgXZU52VBbWPosUjUFeeor6SucZwlg9qHMAfY0612add4"
	User time (seconds): 0.10
	System time (seconds): 0.39
	Percent of CPU this job got: 3%
	Elapsed (wall clock) time (h:mm:ss or m:ss): 0:12.73
	Average shared text size (kbytes): 0
	Average unshared data size (kbytes): 0
	Average stack size (kbytes): 0
	Average total size (kbytes): 0
	Maximum resident set size (kbytes): 208040
	Average resident set size (kbytes): 0
	Major (requiring I/O) page faults: 0
	Minor (reclaiming a frame) page faults: 82897
	Voluntary context switches: 26108
	Involuntary context switches: 12
	Swaps: 0
	File system inputs: 0
	File system outputs: 199000
	Socket messages sent: 0
	Socket messages received: 0
	Signals delivered: 0
	Page size (bytes): 4096
	Exit status: 0
