	Command being timed: "gg-get VPrTtLWMyWi4IDn4FZjflhcPpDRaxiTov3EtBgN0XAFA0638df58"
	User time (seconds): 0.12
	System time (seconds): 0.34
	Percent of CPU this job got: 6%
	Elapsed (wall clock) time (h:mm:ss or m:ss): 0:07.40
	Average shared text size (kbytes): 0
	Average unshared data size (kbytes): 0
	Average stack size (kbytes): 0
	Average total size (kbytes): 0
	Maximum resident set size (kbytes): 212656
	Average resident set size (kbytes): 0
	Major (requiring I/O) page faults: 0
	Minor (reclaiming a frame) page faults: 84115
	Voluntary context switches: 20313
	Involuntary context switches: 8
	Swaps: 0
	File system inputs: 0
	File system outputs: 203888
	Socket messages sent: 0
	Socket messages received: 0
	Signals delivered: 0
	Page size (bytes): 4096
	Exit status: 0
