	Command being timed: "gg-get VoG8MRTgOeF8YqDG_uprvflZHvlrI5CRbA_84l5ywFQ00638df58"
	User time (seconds): 0.11
	System time (seconds): 0.40
	Percent of CPU this job got: 2%
	Elapsed (wall clock) time (h:mm:ss or m:ss): 0:17.50
	Average shared text size (kbytes): 0
	Average unshared data size (kbytes): 0
	Average stack size (kbytes): 0
	Average total size (kbytes): 0
	Maximum resident set size (kbytes): 212804
	Average resident set size (kbytes): 0
	Major (requiring I/O) page faults: 0
	Minor (reclaiming a frame) page faults: 84115
	Voluntary context switches: 29463
	Involuntary context switches: 11
	Swaps: 0
	File system inputs: 0
	File system outputs: 203888
	Socket messages sent: 0
	Socket messages received: 0
	Signals delivered: 0
	Page size (bytes): 4096
	Exit status: 0
