	Command being timed: "gg-get Vc_a8FyJJkNeVW5FEuWKPJCnFvhQMsVoCdGKiYFOlvas0638df58"
	User time (seconds): 0.09
	System time (seconds): 0.39
	Percent of CPU this job got: 7%
	Elapsed (wall clock) time (h:mm:ss or m:ss): 0:06.81
	Average shared text size (kbytes): 0
	Average unshared data size (kbytes): 0
	Average stack size (kbytes): 0
	Average total size (kbytes): 0
	Maximum resident set size (kbytes): 212972
	Average resident set size (kbytes): 0
	Major (requiring I/O) page faults: 0
	Minor (reclaiming a frame) page faults: 84114
	Voluntary context switches: 24358
	Involuntary context switches: 12
	Swaps: 0
	File system inputs: 0
	File system outputs: 203888
	Socket messages sent: 0
	Socket messages received: 0
	Signals delivered: 0
	Page size (bytes): 4096
	Exit status: 0
