	Command being timed: "gg-remodel src/inkscape"
	User time (seconds): 25.42
	System time (seconds): 10.43
	Percent of CPU this job got: 97%
	Elapsed (wall clock) time (h:mm:ss or m:ss): 0:36.64
	Average shared text size (kbytes): 0
	Average unshared data size (kbytes): 0
	Average stack size (kbytes): 0
	Average total size (kbytes): 0
	Maximum resident set size (kbytes): 89964
	Average resident set size (kbytes): 0
	Major (requiring I/O) page faults: 160
	Minor (reclaiming a frame) page faults: 1608873
	Voluntary context switches: 1266
	Involuntary context switches: 5859
	Swaps: 0
	File system inputs: 37248
	File system outputs: 417080
	Socket messages sent: 0
	Socket messages received: 0
	Signals delivered: 0
	Page size (bytes): 4096
	Exit status: 0
