	Command being timed: "gg-get VqlINMwJSXH5HsyVwC.zPHOchWT88XGhHqcDss7vv.9c06902e40"
	User time (seconds): 0.12
	System time (seconds): 0.54
	Percent of CPU this job got: 10%
	Elapsed (wall clock) time (h:mm:ss or m:ss): 0:06.49
	Average shared text size (kbytes): 0
	Average unshared data size (kbytes): 0
	Average stack size (kbytes): 0
	Average total size (kbytes): 0
	Maximum resident set size (kbytes): 224168
	Average resident set size (kbytes): 0
	Major (requiring I/O) page faults: 0
	Minor (reclaiming a frame) page faults: 86913
	Voluntary context switches: 48805
	Involuntary context switches: 12
	Swaps: 0
	File system inputs: 0
	File system outputs: 215064
	Socket messages sent: 0
	Socket messages received: 0
	Signals delivered: 0
	Page size (bytes): 4096
	Exit status: 0
