	Command being timed: "gg-remodel src/inkscape"
	User time (seconds): 3.72
	System time (seconds): 2.66
	Percent of CPU this job got: 97%
	Elapsed (wall clock) time (h:mm:ss or m:ss): 0:06.54
	Average shared text size (kbytes): 0
	Average unshared data size (kbytes): 0
	Average stack size (kbytes): 0
	Average total size (kbytes): 0
	Maximum resident set size (kbytes): 87672
	Average resident set size (kbytes): 0
	Major (requiring I/O) page faults: 0
	Minor (reclaiming a frame) page faults: 127453
	Voluntary context switches: 288
	Involuntary context switches: 1092
	Swaps: 0
	File system inputs: 0
	File system outputs: 289392
	Socket messages sent: 0
	Socket messages received: 0
	Signals delivered: 0
	Page size (bytes): 4096
	Exit status: 0
