	Command being timed: "gg-get Vdn76VwnLNcNAUNTOjOPM2b6YWkNMDBoC2_L8S1TsHbE06932bee"
	User time (seconds): 0.15
	System time (seconds): 0.32
	Percent of CPU this job got: 6%
	Elapsed (wall clock) time (h:mm:ss or m:ss): 0:07.72
	Average shared text size (kbytes): 0
	Average unshared data size (kbytes): 0
	Average stack size (kbytes): 0
	Average total size (kbytes): 0
	Maximum resident set size (kbytes): 224664
	Average resident set size (kbytes): 0
	Major (requiring I/O) page faults: 0
	Minor (reclaiming a frame) page faults: 87010
	Voluntary context switches: 19828
	Involuntary context switches: 9
	Swaps: 0
	File system inputs: 0
	File system outputs: 215448
	Socket messages sent: 0
	Socket messages received: 0
	Signals delivered: 0
	Page size (bytes): 4096
	Exit status: 0
