	Command being timed: "gg-get VsLIBBxJd1VPIiQxeloPZvkA_pd34JQUaOXS1Axt0SKo06957345"
	User time (seconds): 0.16
	System time (seconds): 0.36
	Percent of CPU this job got: 7%
	Elapsed (wall clock) time (h:mm:ss or m:ss): 0:06.55
	Average shared text size (kbytes): 0
	Average unshared data size (kbytes): 0
	Average stack size (kbytes): 0
	Average total size (kbytes): 0
	Maximum resident set size (kbytes): 224968
	Average resident set size (kbytes): 0
	Major (requiring I/O) page faults: 0
	Minor (reclaiming a frame) page faults: 87081
	Voluntary context switches: 27701
	Involuntary context switches: 11
	Swaps: 0
	File system inputs: 0
	File system outputs: 215744
	Socket messages sent: 0
	Socket messages received: 0
	Signals delivered: 0
	Page size (bytes): 4096
	Exit status: 0
