	Command being timed: "gg-get V0qgnAcDsBX0q7dJyR_8dDcPPL.UzBfLBDN0uhuMKNK80699cf2b"
	User time (seconds): 0.11
	System time (seconds): 0.38
	Percent of CPU this job got: 6%
	Elapsed (wall clock) time (h:mm:ss or m:ss): 0:07.20
	Average shared text size (kbytes): 0
	Average unshared data size (kbytes): 0
	Average stack size (kbytes): 0
	Average total size (kbytes): 0
	Maximum resident set size (kbytes): 225412
	Average resident set size (kbytes): 0
	Major (requiring I/O) page faults: 0
	Minor (reclaiming a frame) page faults: 87217
	Voluntary context switches: 20917
	Involuntary context switches: 11
	Swaps: 0
	File system inputs: 0
	File system outputs: 216296
	Socket messages sent: 0
	Socket messages received: 0
	Signals delivered: 0
	Page size (bytes): 4096
	Exit status: 0
