	Command being timed: "gg-get VRYapWVfK3i.fImEe5FLL3huv_h8AsCRV4OtGiGZQOvw0612add4"
	User time (seconds): 0.11
	System time (seconds): 0.31
	Percent of CPU this job got: 6%
	Elapsed (wall clock) time (h:mm:ss or m:ss): 0:06.40
	Average shared text size (kbytes): 0
	Average unshared data size (kbytes): 0
	Average stack size (kbytes): 0
	Average total size (kbytes): 0
	Maximum resident set size (kbytes): 207944
	Average resident set size (kbytes): 0
	Major (requiring I/O) page faults: 4
	Minor (reclaiming a frame) page faults: 82889
	Voluntary context switches: 16779
	Involuntary context switches: 6
	Swaps: 0
	File system inputs: 776
	File system outputs: 199000
	Socket messages sent: 0
	Socket messages received: 0
	Signals delivered: 0
	Page size (bytes): 4096
	Exit status: 0
