	Command being timed: "gg-force --status --engine lambda --jobs 2000 --timeout 2 src/inkscape"
	User time (seconds): 1.91
	System time (seconds): 0.28
	Percent of CPU this job got: 7%
	Elapsed (wall clock) time (h:mm:ss or m:ss): 0:29.43
	Average shared text size (kbytes): 0
	Average unshared data size (kbytes): 0
	Average stack size (kbytes): 0
	Average total size (kbytes): 0
	Maximum resident set size (kbytes): 319852
	Average resident set size (kbytes): 0
	Major (requiring I/O) page faults: 1
	Minor (reclaiming a frame) page faults: 95229
	Voluntary context switches: 3892
	Involuntary context switches: 57
	Swaps: 0
	File system inputs: 168
	File system outputs: 76240
	Socket messages sent: 0
	Socket messages received: 0
	Signals delivered: 0
	Page size (bytes): 4096
	Exit status: 0
