	Command being timed: "gg-get VPX9zihuGRUid8dfiqJ7FllA36y_iNcgc50hy6gODQqo069be3b6"
	User time (seconds): 0.09
	System time (seconds): 0.40
	Percent of CPU this job got: 6%
	Elapsed (wall clock) time (h:mm:ss or m:ss): 0:07.64
	Average shared text size (kbytes): 0
	Average unshared data size (kbytes): 0
	Average stack size (kbytes): 0
	Average total size (kbytes): 0
	Maximum resident set size (kbytes): 225528
	Average resident set size (kbytes): 0
	Major (requiring I/O) page faults: 0
	Minor (reclaiming a frame) page faults: 87287
	Voluntary context switches: 23803
	Involuntary context switches: 12
	Swaps: 0
	File system inputs: 0
	File system outputs: 216568
	Socket messages sent: 0
	Socket messages received: 0
	Signals delivered: 0
	Page size (bytes): 4096
	Exit status: 0
