	Command being timed: "gg-get VynzYUWSoegfjOhjiBSDKBUjoDDDHVmSz.r6bYvKj.NM069df9a8"
	User time (seconds): 0.11
	System time (seconds): 0.42
	Percent of CPU this job got: 6%
	Elapsed (wall clock) time (h:mm:ss or m:ss): 0:07.80
	Average shared text size (kbytes): 0
	Average unshared data size (kbytes): 0
	Average stack size (kbytes): 0
	Average total size (kbytes): 0
	Maximum resident set size (kbytes): 225980
	Average resident set size (kbytes): 0
	Major (requiring I/O) page faults: 0
	Minor (reclaiming a frame) page faults: 87354
	Voluntary context switches: 28569
	Involuntary context switches: 14
	Swaps: 0
	File system inputs: 0
	File system outputs: 216832
	Socket messages sent: 0
	Socket messages received: 0
	Signals delivered: 0
	Page size (bytes): 4096
	Exit status: 0
