	Command being timed: "gg-remodel src/inkscape"
	User time (seconds): 3.68
	System time (seconds): 2.61
	Percent of CPU this job got: 97%
	Elapsed (wall clock) time (h:mm:ss or m:ss): 0:06.44
	Average shared text size (kbytes): 0
	Average unshared data size (kbytes): 0
	Average stack size (kbytes): 0
	Average total size (kbytes): 0
	Maximum resident set size (kbytes): 65672
	Average resident set size (kbytes): 0
	Major (requiring I/O) page faults: 0
	Minor (reclaiming a frame) page faults: 121454
	Voluntary context switches: 282
	Involuntary context switches: 1013
	Swaps: 0
	File system inputs: 0
	File system outputs: 282736
	Socket messages sent: 0
	Socket messages received: 0
	Signals delivered: 0
	Page size (bytes): 4096
	Exit status: 0
