	Command being timed: "gg-get VHeIIdvu7x9C2_up8uJiZ4sY.VYmsuWBaVScuz2BeCyE06a0d625"
	User time (seconds): 0.12
	System time (seconds): 0.43
	Percent of CPU this job got: 1%
	Elapsed (wall clock) time (h:mm:ss or m:ss): 0:54.90
	Average shared text size (kbytes): 0
	Average unshared data size (kbytes): 0
	Average stack size (kbytes): 0
	Average total size (kbytes): 0
	Maximum resident set size (kbytes): 226180
	Average resident set size (kbytes): 0
	Major (requiring I/O) page faults: 0
	Minor (reclaiming a frame) page faults: 87444
	Voluntary context switches: 33137
	Involuntary context switches: 18
	Swaps: 0
	File system inputs: 0
	File system outputs: 217200
	Socket messages sent: 0
	Socket messages received: 0
	Signals delivered: 0
	Page size (bytes): 4096
	Exit status: 0
