	Command being timed: "gg-get VAiSHOzRVNbBE2Hkye3ASLkC6eEQHD2x8m1KFhBz3BeA06a0d625"
	User time (seconds): 0.13
	System time (seconds): 0.41
	Percent of CPU this job got: 6%
	Elapsed (wall clock) time (h:mm:ss or m:ss): 0:08.82
	Average shared text size (kbytes): 0
	Average unshared data size (kbytes): 0
	Average stack size (kbytes): 0
	Average total size (kbytes): 0
	Maximum resident set size (kbytes): 226132
	Average resident set size (kbytes): 0
	Major (requiring I/O) page faults: 0
	Minor (reclaiming a frame) page faults: 87443
	Voluntary context switches: 28477
	Involuntary context switches: 11
	Swaps: 0
	File system inputs: 0
	File system outputs: 217200
	Socket messages sent: 0
	Socket messages received: 0
	Signals delivered: 0
	Page size (bytes): 4096
	Exit status: 0
