	Command being timed: "gg-force --status --engine lambda --jobs 2000 --timeout 2 src/inkscape"
	User time (seconds): 1.74
	System time (seconds): 0.35
	Percent of CPU this job got: 8%
	Elapsed (wall clock) time (h:mm:ss or m:ss): 0:25.29
	Average shared text size (kbytes): 0
	Average unshared data size (kbytes): 0
	Average stack size (kbytes): 0
	Average total size (kbytes): 0
	Maximum resident set size (kbytes): 319760
	Average resident set size (kbytes): 0
	Major (requiring I/O) page faults: 0
	Minor (reclaiming a frame) page faults: 95083
	Voluntary context switches: 2925
	Involuntary context switches: 46
	Swaps: 0
	File system inputs: 0
	File system outputs: 75904
	Socket messages sent: 0
	Socket messages received: 0
	Signals delivered: 0
	Page size (bytes): 4096
	Exit status: 0
