	Command being timed: "gg-get VQfcJ0aAKZkJBRvDETFEgNN5_VzVH2yQgu3CayUvTMMc06a99cd4"
	User time (seconds): 0.13
	System time (seconds): 0.35
	Percent of CPU this job got: 7%
	Elapsed (wall clock) time (h:mm:ss or m:ss): 0:06.84
	Average shared text size (kbytes): 0
	Average unshared data size (kbytes): 0
	Average stack size (kbytes): 0
	Average total size (kbytes): 0
	Maximum resident set size (kbytes): 227176
	Average resident set size (kbytes): 0
	Major (requiring I/O) page faults: 0
	Minor (reclaiming a frame) page faults: 87723
	Voluntary context switches: 21902
	Involuntary context switches: 9
	Swaps: 0
	File system inputs: 0
	File system outputs: 218320
	Socket messages sent: 0
	Socket messages received: 0
	Signals delivered: 0
	Page size (bytes): 4096
	Exit status: 0
