	Command being timed: "gg-remodel src/inkscape"
	User time (seconds): 3.79
	System time (seconds): 2.62
	Percent of CPU this job got: 94%
	Elapsed (wall clock) time (h:mm:ss or m:ss): 0:06.80
	Average shared text size (kbytes): 0
	Average unshared data size (kbytes): 0
	Average stack size (kbytes): 0
	Average total size (kbytes): 0
	Maximum resident set size (kbytes): 87724
	Average resident set size (kbytes): 0
	Major (requiring I/O) page faults: 0
	Minor (reclaiming a frame) page faults: 128153
	Voluntary context switches: 274
	Involuntary context switches: 1280
	Swaps: 0
	File system inputs: 0
	File system outputs: 289416
	Socket messages sent: 0
	Socket messages received: 0
	Signals delivered: 0
	Page size (bytes): 4096
	Exit status: 0
