	Command being timed: "gg-get VBGqtgPnxELQl6WxIjI0XunK5dGcCXJkP6rHSFNo0azU06aece3d"
	User time (seconds): 0.08
	System time (seconds): 0.39
	Percent of CPU this job got: 7%
	Elapsed (wall clock) time (h:mm:ss or m:ss): 0:06.72
	Average shared text size (kbytes): 0
	Average unshared data size (kbytes): 0
	Average stack size (kbytes): 0
	Average total size (kbytes): 0
	Maximum resident set size (kbytes): 228048
	Average resident set size (kbytes): 0
	Major (requiring I/O) page faults: 0
	Minor (reclaiming a frame) page faults: 87893
	Voluntary context switches: 21135
	Involuntary context switches: 10
	Swaps: 0
	File system inputs: 0
	File system outputs: 218984
	Socket messages sent: 0
	Socket messages received: 0
	Signals delivered: 0
	Page size (bytes): 4096
	Exit status: 0
