	Command being timed: "gg-remodel src/inkscape"
	User time (seconds): 4.12
	System time (seconds): 2.73
	Percent of CPU this job got: 97%
	Elapsed (wall clock) time (h:mm:ss or m:ss): 0:07.01
	Average shared text size (kbytes): 0
	Average unshared data size (kbytes): 0
	Average stack size (kbytes): 0
	Average total size (kbytes): 0
	Maximum resident set size (kbytes): 86588
	Average resident set size (kbytes): 0
	Major (requiring I/O) page faults: 0
	Minor (reclaiming a frame) page faults: 147459
	Voluntary context switches: 357
	Involuntary context switches: 1335
	Swaps: 0
	File system inputs: 440
	File system outputs: 289448
	Socket messages sent: 0
	Socket messages received: 0
	Signals delivered: 0
	Page size (bytes): 4096
	Exit status: 0
