	Command being timed: "gg-get V0j7wQUxjNVgC_i5QH8I3LXMgqZjl90Gzv7399t6MNzw06b073f3"
	User time (seconds): 0.13
	System time (seconds): 0.36
	Percent of CPU this job got: 5%
	Elapsed (wall clock) time (h:mm:ss or m:ss): 0:08.80
	Average shared text size (kbytes): 0
	Average unshared data size (kbytes): 0
	Average stack size (kbytes): 0
	Average total size (kbytes): 0
	Maximum resident set size (kbytes): 228404
	Average resident set size (kbytes): 0
	Major (requiring I/O) page faults: 4
	Minor (reclaiming a frame) page faults: 87943
	Voluntary context switches: 21671
	Involuntary context switches: 16
	Swaps: 0
	File system inputs: 928
	File system outputs: 219200
	Socket messages sent: 0
	Socket messages received: 0
	Signals delivered: 0
	Page size (bytes): 4096
	Exit status: 0
