	Command being timed: "gg-remodel src/inkscape"
	User time (seconds): 3.39
	System time (seconds): 2.48
	Percent of CPU this job got: 97%
	Elapsed (wall clock) time (h:mm:ss or m:ss): 0:06.02
	Average shared text size (kbytes): 0
	Average unshared data size (kbytes): 0
	Average stack size (kbytes): 0
	Average total size (kbytes): 0
	Maximum resident set size (kbytes): 61212
	Average resident set size (kbytes): 0
	Major (requiring I/O) page faults: 7
	Minor (reclaiming a frame) page faults: 102054
	Voluntary context switches: 303
	Involuntary context switches: 967
	Swaps: 0
	File system inputs: 1088
	File system outputs: 249240
	Socket messages sent: 0
	Socket messages received: 0
	Signals delivered: 0
	Page size (bytes): 4096
	Exit status: 0
