	Command being timed: "gg-force --status --engine lambda --jobs 2000 --timeout 2 src/inkscape"
	User time (seconds): 1.85
	System time (seconds): 0.32
	Percent of CPU this job got: 7%
	Elapsed (wall clock) time (h:mm:ss or m:ss): 0:30.66
	Average shared text size (kbytes): 0
	Average unshared data size (kbytes): 0
	Average stack size (kbytes): 0
	Average total size (kbytes): 0
	Maximum resident set size (kbytes): 320196
	Average resident set size (kbytes): 0
	Major (requiring I/O) page faults: 0
	Minor (reclaiming a frame) page faults: 95353
	Voluntary context switches: 2196
	Involuntary context switches: 47
	Swaps: 0
	File system inputs: 0
	File system outputs: 76272
	Socket messages sent: 0
	Socket messages received: 0
	Signals delivered: 0
	Page size (bytes): 4096
	Exit status: 0
