	Command being timed: "gg-get VoRsnoNlRbYoodR85Dg_qrvOr7oSIX__S5EQZtGy8s8A06bf3900"
	User time (seconds): 0.11
	System time (seconds): 0.49
	Percent of CPU this job got: 8%
	Elapsed (wall clock) time (h:mm:ss or m:ss): 0:07.03
	Average shared text size (kbytes): 0
	Average unshared data size (kbytes): 0
	Average stack size (kbytes): 0
	Average total size (kbytes): 0
	Maximum resident set size (kbytes): 230112
	Average resident set size (kbytes): 0
	Major (requiring I/O) page faults: 0
	Minor (reclaiming a frame) page faults: 88416
	Voluntary context switches: 42493
	Involuntary context switches: 15
	Swaps: 0
	File system inputs: 0
	File system outputs: 221088
	Socket messages sent: 0
	Socket messages received: 0
	Signals delivered: 0
	Page size (bytes): 4096
	Exit status: 0
