	Command being timed: "gg-remodel src/inkscape"
	User time (seconds): 5.72
	System time (seconds): 3.41
	Percent of CPU this job got: 93%
	Elapsed (wall clock) time (h:mm:ss or m:ss): 0:09.81
	Average shared text size (kbytes): 0
	Average unshared data size (kbytes): 0
	Average stack size (kbytes): 0
	Average total size (kbytes): 0
	Maximum resident set size (kbytes): 87416
	Average resident set size (kbytes): 0
	Major (requiring I/O) page faults: 267
	Minor (reclaiming a frame) page faults: 285457
	Voluntary context switches: 937
	Involuntary context switches: 1267
	Swaps: 0
	File system inputs: 115040
	File system outputs: 356680
	Socket messages sent: 0
	Socket messages received: 0
	Signals delivered: 0
	Page size (bytes): 4096
	Exit status: 0
