	Command being timed: "gg-get VKxS9T77DItsH820gDR9CWdvHPRUvepKxVkwvhT5a_Zs06c8649a"
	User time (seconds): 0.11
	System time (seconds): 0.38
	Percent of CPU this job got: 7%
	Elapsed (wall clock) time (h:mm:ss or m:ss): 0:06.36
	Average shared text size (kbytes): 0
	Average unshared data size (kbytes): 0
	Average stack size (kbytes): 0
	Average total size (kbytes): 0
	Maximum resident set size (kbytes): 231484
	Average resident set size (kbytes): 0
	Major (requiring I/O) page faults: 0
	Minor (reclaiming a frame) page faults: 88710
	Voluntary context switches: 21617
	Involuntary context switches: 20
	Swaps: 0
	File system inputs: 0
	File system outputs: 222264
	Socket messages sent: 0
	Socket messages received: 0
	Signals delivered: 0
	Page size (bytes): 4096
	Exit status: 0
