	Command being timed: "gg-remodel src/inkscape"
	User time (seconds): 3.83
	System time (seconds): 2.56
	Percent of CPU this job got: 97%
	Elapsed (wall clock) time (h:mm:ss or m:ss): 0:06.59
	Average shared text size (kbytes): 0
	Average unshared data size (kbytes): 0
	Average stack size (kbytes): 0
	Average total size (kbytes): 0
	Maximum resident set size (kbytes): 86508
	Average resident set size (kbytes): 0
	Major (requiring I/O) page faults: 32
	Minor (reclaiming a frame) page faults: 128133
	Voluntary context switches: 336
	Involuntary context switches: 1272
	Swaps: 0
	File system inputs: 6800
	File system outputs: 288232
	Socket messages sent: 0
	Socket messages received: 0
	Signals delivered: 0
	Page size (bytes): 4096
	Exit status: 0
