	Command being timed: "gg-force --status --engine lambda --jobs 2000 --timeout 2 src/inkscape"
	User time (seconds): 1.78
	System time (seconds): 0.30
	Percent of CPU this job got: 7%
	Elapsed (wall clock) time (h:mm:ss or m:ss): 0:26.52
	Average shared text size (kbytes): 0
	Average unshared data size (kbytes): 0
	Average stack size (kbytes): 0
	Average total size (kbytes): 0
	Maximum resident set size (kbytes): 319984
	Average resident set size (kbytes): 0
	Major (requiring I/O) page faults: 0
	Minor (reclaiming a frame) page faults: 95119
	Voluntary context switches: 2628
	Involuntary context switches: 56
	Swaps: 0
	File system inputs: 0
	File system outputs: 75904
	Socket messages sent: 0
	Socket messages received: 0
	Signals delivered: 0
	Page size (bytes): 4096
	Exit status: 0
