	Command being timed: "gg-get VYoj8s47FjBgorFP4S9m0UVTTKoR.JZsvksl.C_UavdY061ebd14"
	User time (seconds): 0.11
	System time (seconds): 0.33
	Percent of CPU this job got: 6%
	Elapsed (wall clock) time (h:mm:ss or m:ss): 0:06.97
	Average shared text size (kbytes): 0
	Average unshared data size (kbytes): 0
	Average stack size (kbytes): 0
	Average total size (kbytes): 0
	Maximum resident set size (kbytes): 209412
	Average resident set size (kbytes): 0
	Major (requiring I/O) page faults: 0
	Minor (reclaiming a frame) page faults: 83283
	Voluntary context switches: 18591
	Involuntary context switches: 13
	Swaps: 0
	File system inputs: 0
	File system outputs: 200544
	Socket messages sent: 0
	Socket messages received: 0
	Signals delivered: 0
	Page size (bytes): 4096
	Exit status: 0
