	Command being timed: "gg-get VtYJ75AQ4GqKB1bbq7kfuwbuLB5ryHhzBxrQBeh9LWgE06cb5969"
	User time (seconds): 0.13
	System time (seconds): 0.34
	Percent of CPU this job got: 6%
	Elapsed (wall clock) time (h:mm:ss or m:ss): 0:07.70
	Average shared text size (kbytes): 0
	Average unshared data size (kbytes): 0
	Average stack size (kbytes): 0
	Average total size (kbytes): 0
	Maximum resident set size (kbytes): 231816
	Average resident set size (kbytes): 0
	Major (requiring I/O) page faults: 0
	Minor (reclaiming a frame) page faults: 88801
	Voluntary context switches: 18309
	Involuntary context switches: 12
	Swaps: 0
	File system inputs: 0
	File system outputs: 222640
	Socket messages sent: 0
	Socket messages received: 0
	Signals delivered: 0
	Page size (bytes): 4096
	Exit status: 0
