	Command being timed: "gg-get VHoCN45cLyfGbwsJWOl5.8oiPOWp_yp1l94nva26apK4061ebd14"
	User time (seconds): 0.09
	System time (seconds): 0.35
	Percent of CPU this job got: 5%
	Elapsed (wall clock) time (h:mm:ss or m:ss): 0:07.68
	Average shared text size (kbytes): 0
	Average unshared data size (kbytes): 0
	Average stack size (kbytes): 0
	Average total size (kbytes): 0
	Maximum resident set size (kbytes): 209564
	Average resident set size (kbytes): 0
	Major (requiring I/O) page faults: 0
	Minor (reclaiming a frame) page faults: 83285
	Voluntary context switches: 17181
	Involuntary context switches: 3
	Swaps: 0
	File system inputs: 0
	File system outputs: 200544
	Socket messages sent: 0
	Socket messages received: 0
	Signals delivered: 0
	Page size (bytes): 4096
	Exit status: 0
