	Command being timed: "make -j48"
	User time (seconds): 601.94
	System time (seconds): 37.51
	Percent of CPU this job got: 3301%
	Elapsed (wall clock) time (h:mm:ss or m:ss): 0:19.37
	Average shared text size (kbytes): 0
	Average unshared data size (kbytes): 0
	Average stack size (kbytes): 0
	Average total size (kbytes): 0
	Maximum resident set size (kbytes): 218804
	Average resident set size (kbytes): 0
	Major (requiring I/O) page faults: 27
	Minor (reclaiming a frame) page faults: 11261328
	Voluntary context switches: 19749
	Involuntary context switches: 14537
	Swaps: 0
	File system inputs: 93544
	File system outputs: 489864
	Socket messages sent: 0
	Socket messages received: 0
	Signals delivered: 0
	Page size (bytes): 4096
	Exit status: 0
