	Command being timed: "gg-run make -j64"
	User time (seconds): 29.46
	System time (seconds): 3.73
	Percent of CPU this job got: 1411%
	Elapsed (wall clock) time (h:mm:ss or m:ss): 0:02.35
	Average shared text size (kbytes): 0
	Average unshared data size (kbytes): 0
	Average stack size (kbytes): 0
	Average total size (kbytes): 0
	Maximum resident set size (kbytes): 68448
	Average resident set size (kbytes): 0
	Major (requiring I/O) page faults: 0
	Minor (reclaiming a frame) page faults: 1146501
	Voluntary context switches: 11435
	Involuntary context switches: 5486
	Swaps: 0
	File system inputs: 16
	File system outputs: 220856
	Socket messages sent: 0
	Socket messages received: 0
	Signals delivered: 0
	Page size (bytes): 4096
	Exit status: 0
