	Command being timed: "gg-run make -j64"
	User time (seconds): 30.44
	System time (seconds): 3.67
	Percent of CPU this job got: 1459%
	Elapsed (wall clock) time (h:mm:ss or m:ss): 0:02.33
	Average shared text size (kbytes): 0
	Average unshared data size (kbytes): 0
	Average stack size (kbytes): 0
	Average total size (kbytes): 0
	Maximum resident set size (kbytes): 68588
	Average resident set size (kbytes): 0
	Major (requiring I/O) page faults: 0
	Minor (reclaiming a frame) page faults: 1145598
	Voluntary context switches: 10945
	Involuntary context switches: 4987
	Swaps: 0
	File system inputs: 0
	File system outputs: 218544
	Socket messages sent: 0
	Socket messages received: 0
	Signals delivered: 0
	Page size (bytes): 4096
	Exit status: 0
