	Command being timed: "gg-run make -j64"
	User time (seconds): 14.73
	System time (seconds): 2.10
	Percent of CPU this job got: 947%
	Elapsed (wall clock) time (h:mm:ss or m:ss): 0:01.77
	Average shared text size (kbytes): 0
	Average unshared data size (kbytes): 0
	Average stack size (kbytes): 0
	Average total size (kbytes): 0
	Maximum resident set size (kbytes): 68636
	Average resident set size (kbytes): 0
	Major (requiring I/O) page faults: 0
	Minor (reclaiming a frame) page faults: 854165
	Voluntary context switches: 9643
	Involuntary context switches: 3746
	Swaps: 0
	File system inputs: 0
	File system outputs: 75560
	Socket messages sent: 0
	Socket messages received: 0
	Signals delivered: 0
	Page size (bytes): 4096
	Exit status: 0
