	Command being timed: "gg-reduce src/protoc"
	User time (seconds): 531.76
	System time (seconds): 31.99
	Percent of CPU this job got: 2531%
	Elapsed (wall clock) time (h:mm:ss or m:ss): 0:22.27
	Average shared text size (kbytes): 0
	Average unshared data size (kbytes): 0
	Average stack size (kbytes): 0
	Average total size (kbytes): 0
	Maximum resident set size (kbytes): 441628
	Average resident set size (kbytes): 0
	Major (requiring I/O) page faults: 0
	Minor (reclaiming a frame) page faults: 9263774
	Voluntary context switches: 12120
	Involuntary context switches: 3990
	Swaps: 0
	File system inputs: 24
	File system outputs: 2175800
	Socket messages sent: 0
	Socket messages received: 0
	Signals delivered: 0
	Page size (bytes): 4096
	Exit status: 0
