	Command being timed: "gg-run make -j64"
	User time (seconds): 14.63
	System time (seconds): 2.18
	Percent of CPU this job got: 944%
	Elapsed (wall clock) time (h:mm:ss or m:ss): 0:01.78
	Average shared text size (kbytes): 0
	Average unshared data size (kbytes): 0
	Average stack size (kbytes): 0
	Average total size (kbytes): 0
	Maximum resident set size (kbytes): 68564
	Average resident set size (kbytes): 0
	Major (requiring I/O) page faults: 0
	Minor (reclaiming a frame) page faults: 854005
	Voluntary context switches: 9695
	Involuntary context switches: 3885
	Swaps: 0
	File system inputs: 0
	File system outputs: 75560
	Socket messages sent: 0
	Socket messages received: 0
	Signals delivered: 0
	Page size (bytes): 4096
	Exit status: 0
