	Command being timed: "make -j64"
	User time (seconds): 767.78
	System time (seconds): 45.43
	Percent of CPU this job got: 4046%
	Elapsed (wall clock) time (h:mm:ss or m:ss): 0:20.09
	Average shared text size (kbytes): 0
	Average unshared data size (kbytes): 0
	Average stack size (kbytes): 0
	Average total size (kbytes): 0
	Maximum resident set size (kbytes): 218880
	Average resident set size (kbytes): 0
	Major (requiring I/O) page faults: 0
	Minor (reclaiming a frame) page faults: 11203499
	Voluntary context switches: 18110
	Involuntary context switches: 17107
	Swaps: 0
	File system inputs: 0
	File system outputs: 489712
	Socket messages sent: 0
	Socket messages received: 0
	Signals delivered: 0
	Page size (bytes): 4096
	Exit status: 0
