	Command being timed: "make -j64"
	User time (seconds): 1089.26
	System time (seconds): 41.56
	Percent of CPU this job got: 2542%
	Elapsed (wall clock) time (h:mm:ss or m:ss): 0:44.48
	Average shared text size (kbytes): 0
	Average unshared data size (kbytes): 0
	Average stack size (kbytes): 0
	Average total size (kbytes): 0
	Maximum resident set size (kbytes): 280212
	Average resident set size (kbytes): 0
	Major (requiring I/O) page faults: 0
	Minor (reclaiming a frame) page faults: 13003303
	Voluntary context switches: 17601
	Involuntary context switches: 17131
	Swaps: 0
	File system inputs: 0
	File system outputs: 3700208
	Socket messages sent: 0
	Socket messages received: 0
	Signals delivered: 0
	Page size (bytes): 4096
	Exit status: 0
