	Command being timed: "make -j64"
	User time (seconds): 1088.84
	System time (seconds): 41.96
	Percent of CPU this job got: 2548%
	Elapsed (wall clock) time (h:mm:ss or m:ss): 0:44.36
	Average shared text size (kbytes): 0
	Average unshared data size (kbytes): 0
	Average stack size (kbytes): 0
	Average total size (kbytes): 0
	Maximum resident set size (kbytes): 279040
	Average resident set size (kbytes): 0
	Major (requiring I/O) page faults: 0
	Minor (reclaiming a frame) page faults: 13020127
	Voluntary context switches: 17782
	Involuntary context switches: 17617
	Swaps: 0
	File system inputs: 0
	File system outputs: 3700208
	Socket messages sent: 0
	Socket messages received: 0
	Signals delivered: 0
	Page size (bytes): 4096
	Exit status: 0
