	Command being timed: "make -j64 llc"
	User time (seconds): 10076.19
	System time (seconds): 770.92
	Percent of CPU this job got: 4011%
	Elapsed (wall clock) time (h:mm:ss or m:ss): 4:30.42
	Average shared text size (kbytes): 0
	Average unshared data size (kbytes): 0
	Average stack size (kbytes): 0
	Average total size (kbytes): 0
	Maximum resident set size (kbytes): 5261116
	Average resident set size (kbytes): 0
	Major (requiring I/O) page faults: 0
	Minor (reclaiming a frame) page faults: 168075659
	Voluntary context switches: 708593
	Involuntary context switches: 115851
	Swaps: 0
	File system inputs: 976
	File system outputs: 63664160
	Socket messages sent: 0
	Socket messages received: 0
	Signals delivered: 0
	Page size (bytes): 4096
	Exit status: 0
