	Command being timed: "make -j64 llc"
	User time (seconds): 1399.37
	System time (seconds): 109.43
	Percent of CPU this job got: 1246%
	Elapsed (wall clock) time (h:mm:ss or m:ss): 2:01.08
	Average shared text size (kbytes): 0
	Average unshared data size (kbytes): 0
	Average stack size (kbytes): 0
	Average total size (kbytes): 0
	Maximum resident set size (kbytes): 5260800
	Average resident set size (kbytes): 0
	Major (requiring I/O) page faults: 0
	Minor (reclaiming a frame) page faults: 21912613
	Voluntary context switches: 383110
	Involuntary context switches: 20810
	Swaps: 0
	File system inputs: 0
	File system outputs: 32685224
	Socket messages sent: 0
	Socket messages received: 0
	Signals delivered: 0
	Page size (bytes): 4096
	Exit status: 0
