	Command being timed: "make -j64 llc"
	User time (seconds): 1417.35
	System time (seconds): 112.56
	Percent of CPU this job got: 1256%
	Elapsed (wall clock) time (h:mm:ss or m:ss): 2:01.77
	Average shared text size (kbytes): 0
	Average unshared data size (kbytes): 0
	Average stack size (kbytes): 0
	Average total size (kbytes): 0
	Maximum resident set size (kbytes): 5261072
	Average resident set size (kbytes): 0
	Major (requiring I/O) page faults: 0
	Minor (reclaiming a frame) page faults: 22041531
	Voluntary context switches: 340826
	Involuntary context switches: 22747
	Swaps: 0
	File system inputs: 40
	File system outputs: 32419824
	Socket messages sent: 0
	Socket messages received: 0
	Signals delivered: 0
	Page size (bytes): 4096
	Exit status: 0
