	Command being timed: "make -j64 llc"
	User time (seconds): 10177.32
	System time (seconds): 791.32
	Percent of CPU this job got: 4102%
	Elapsed (wall clock) time (h:mm:ss or m:ss): 4:27.34
	Average shared text size (kbytes): 0
	Average unshared data size (kbytes): 0
	Average stack size (kbytes): 0
	Average total size (kbytes): 0
	Maximum resident set size (kbytes): 5261088
	Average resident set size (kbytes): 0
	Major (requiring I/O) page faults: 0
	Minor (reclaiming a frame) page faults: 169380580
	Voluntary context switches: 637802
	Involuntary context switches: 129571
	Swaps: 0
	File system inputs: 80
	File system outputs: 63664280
	Socket messages sent: 0
	Socket messages received: 0
	Signals delivered: 0
	Page size (bytes): 4096
	Exit status: 0
