	Command being timed: "make -j64 llc"
	User time (seconds): 10097.80
	System time (seconds): 783.93
	Percent of CPU this job got: 4118%
	Elapsed (wall clock) time (h:mm:ss or m:ss): 4:24.20
	Average shared text size (kbytes): 0
	Average unshared data size (kbytes): 0
	Average stack size (kbytes): 0
	Average total size (kbytes): 0
	Maximum resident set size (kbytes): 5261016
	Average resident set size (kbytes): 0
	Major (requiring I/O) page faults: 0
	Minor (reclaiming a frame) page faults: 169373757
	Voluntary context switches: 691241
	Involuntary context switches: 112488
	Swaps: 0
	File system inputs: 80
	File system outputs: 63664344
	Socket messages sent: 0
	Socket messages received: 0
	Signals delivered: 0
	Page size (bytes): 4096
	Exit status: 0
