	Command being timed: "make -j64 llc"
	User time (seconds): 1254.71
	System time (seconds): 101.00
	Percent of CPU this job got: 1151%
	Elapsed (wall clock) time (h:mm:ss or m:ss): 1:57.70
	Average shared text size (kbytes): 0
	Average unshared data size (kbytes): 0
	Average stack size (kbytes): 0
	Average total size (kbytes): 0
	Maximum resident set size (kbytes): 5260956
	Average resident set size (kbytes): 0
	Major (requiring I/O) page faults: 0
	Minor (reclaiming a frame) page faults: 18764099
	Voluntary context switches: 390961
	Involuntary context switches: 19675
	Swaps: 0
	File system inputs: 32
	File system outputs: 31705104
	Socket messages sent: 0
	Socket messages received: 0
	Signals delivered: 0
	Page size (bytes): 4096
	Exit status: 0
