	Command being timed: "make -j64 llc"
	User time (seconds): 10074.27
	System time (seconds): 772.83
	Percent of CPU this job got: 4145%
	Elapsed (wall clock) time (h:mm:ss or m:ss): 4:21.66
	Average shared text size (kbytes): 0
	Average unshared data size (kbytes): 0
	Average stack size (kbytes): 0
	Average total size (kbytes): 0
	Maximum resident set size (kbytes): 5261076
	Average resident set size (kbytes): 0
	Major (requiring I/O) page faults: 0
	Minor (reclaiming a frame) page faults: 167564868
	Voluntary context switches: 627992
	Involuntary context switches: 128031
	Swaps: 0
	File system inputs: 64
	File system outputs: 63656784
	Socket messages sent: 0
	Socket messages received: 0
	Signals delivered: 0
	Page size (bytes): 4096
	Exit status: 0
