	Command being timed: "make -j64 llc"
	User time (seconds): 1392.58
	System time (seconds): 110.66
	Percent of CPU this job got: 1245%
	Elapsed (wall clock) time (h:mm:ss or m:ss): 2:00.72
	Average shared text size (kbytes): 0
	Average unshared data size (kbytes): 0
	Average stack size (kbytes): 0
	Average total size (kbytes): 0
	Maximum resident set size (kbytes): 5261052
	Average resident set size (kbytes): 0
	Major (requiring I/O) page faults: 0
	Minor (reclaiming a frame) page faults: 21328927
	Voluntary context switches: 492544
	Involuntary context switches: 23015
	Swaps: 0
	File system inputs: 40
	File system outputs: 32374032
	Socket messages sent: 0
	Socket messages received: 0
	Signals delivered: 0
	Page size (bytes): 4096
	Exit status: 0
