	Command being timed: "make -j64 llc"
	User time (seconds): 10186.29
	System time (seconds): 788.93
	Percent of CPU this job got: 4131%
	Elapsed (wall clock) time (h:mm:ss or m:ss): 4:25.61
	Average shared text size (kbytes): 0
	Average unshared data size (kbytes): 0
	Average stack size (kbytes): 0
	Average total size (kbytes): 0
	Maximum resident set size (kbytes): 5260880
	Average resident set size (kbytes): 0
	Major (requiring I/O) page faults: 0
	Minor (reclaiming a frame) page faults: 168824726
	Voluntary context switches: 572565
	Involuntary context switches: 123209
	Swaps: 0
	File system inputs: 64
	File system outputs: 63663592
	Socket messages sent: 0
	Socket messages received: 0
	Signals delivered: 0
	Page size (bytes): 4096
	Exit status: 0
