	Command being timed: "make -j64 llc"
	User time (seconds): 10083.73
	System time (seconds): 770.84
	Percent of CPU this job got: 4060%
	Elapsed (wall clock) time (h:mm:ss or m:ss): 4:27.32
	Average shared text size (kbytes): 0
	Average unshared data size (kbytes): 0
	Average stack size (kbytes): 0
	Average total size (kbytes): 0
	Maximum resident set size (kbytes): 5260984
	Average resident set size (kbytes): 0
	Major (requiring I/O) page faults: 0
	Minor (reclaiming a frame) page faults: 168110430
	Voluntary context switches: 649954
	Involuntary context switches: 117134
	Swaps: 0
	File system inputs: 0
	File system outputs: 63663920
	Socket messages sent: 0
	Socket messages received: 0
	Signals delivered: 0
	Page size (bytes): 4096
	Exit status: 0
