	Command being timed: "make -j64 llc"
	User time (seconds): 1208.31
	System time (seconds): 99.02
	Percent of CPU this job got: 1093%
	Elapsed (wall clock) time (h:mm:ss or m:ss): 1:59.58
	Average shared text size (kbytes): 0
	Average unshared data size (kbytes): 0
	Average stack size (kbytes): 0
	Average total size (kbytes): 0
	Maximum resident set size (kbytes): 5261020
	Average resident set size (kbytes): 0
	Major (requiring I/O) page faults: 0
	Minor (reclaiming a frame) page faults: 18449959
	Voluntary context switches: 303912
	Involuntary context switches: 21432
	Swaps: 0
	File system inputs: 0
	File system outputs: 31701640
	Socket messages sent: 0
	Socket messages received: 0
	Signals delivered: 0
	Page size (bytes): 4096
	Exit status: 0
