	Command being timed: "make -j64 llc"
	User time (seconds): 10110.35
	System time (seconds): 774.47
	Percent of CPU this job got: 4160%
	Elapsed (wall clock) time (h:mm:ss or m:ss): 4:21.59
	Average shared text size (kbytes): 0
	Average unshared data size (kbytes): 0
	Average stack size (kbytes): 0
	Average total size (kbytes): 0
	Maximum resident set size (kbytes): 5260876
	Average resident set size (kbytes): 0
	Major (requiring I/O) page faults: 0
	Minor (reclaiming a frame) page faults: 168467945
	Voluntary context switches: 729624
	Involuntary context switches: 126608
	Swaps: 0
	File system inputs: 0
	File system outputs: 63663712
	Socket messages sent: 0
	Socket messages received: 0
	Signals delivered: 0
	Page size (bytes): 4096
	Exit status: 0
