	Command being timed: "make -j64 llc"
	User time (seconds): 10111.78
	System time (seconds): 789.98
	Percent of CPU this job got: 4122%
	Elapsed (wall clock) time (h:mm:ss or m:ss): 4:24.44
	Average shared text size (kbytes): 0
	Average unshared data size (kbytes): 0
	Average stack size (kbytes): 0
	Average total size (kbytes): 0
	Maximum resident set size (kbytes): 5261028
	Average resident set size (kbytes): 0
	Major (requiring I/O) page faults: 0
	Minor (reclaiming a frame) page faults: 169876295
	Voluntary context switches: 599741
	Involuntary context switches: 130579
	Swaps: 0
	File system inputs: 0
	File system outputs: 63664312
	Socket messages sent: 0
	Socket messages received: 0
	Signals delivered: 0
	Page size (bytes): 4096
	Exit status: 0
