	Command being timed: "gg-reduce src/frontend/mosh-server src/frontend/mosh-client"
	User time (seconds): 0.31
	System time (seconds): 0.21
	Percent of CPU this job got: 5%
	Elapsed (wall clock) time (h:mm:ss or m:ss): 0:09.67
	Average shared text size (kbytes): 0
	Average unshared data size (kbytes): 0
	Average stack size (kbytes): 0
	Average total size (kbytes): 0
	Maximum resident set size (kbytes): 116828
	Average resident set size (kbytes): 0
	Major (requiring I/O) page faults: 0
	Minor (reclaiming a frame) page faults: 30874
	Voluntary context switches: 5810
	Involuntary context switches: 200
	Swaps: 0
	File system inputs: 0
	File system outputs: 42288
	Socket messages sent: 0
	Socket messages received: 0
	Signals delivered: 0
	Page size (bytes): 4096
	Exit status: 0
