	Command being timed: "gg-run make -j4"
	User time (seconds): 2.17
	System time (seconds): 0.72
	Percent of CPU this job got: 189%
	Elapsed (wall clock) time (h:mm:ss or m:ss): 0:01.53
	Average shared text size (kbytes): 0
	Average unshared data size (kbytes): 0
	Average stack size (kbytes): 0
	Average total size (kbytes): 0
	Maximum resident set size (kbytes): 45576
	Average resident set size (kbytes): 0
	Major (requiring I/O) page faults: 0
	Minor (reclaiming a frame) page faults: 143649
	Voluntary context switches: 1860
	Involuntary context switches: 560
	Swaps: 0
	File system inputs: 0
	File system outputs: 257712
	Socket messages sent: 0
	Socket messages received: 0
	Signals delivered: 0
	Page size (bytes): 4096
	Exit status: 0
