	Command being timed: "gg-run make -j4"
	User time (seconds): 2.44
	System time (seconds): 0.69
	Percent of CPU this job got: 183%
	Elapsed (wall clock) time (h:mm:ss or m:ss): 0:01.71
	Average shared text size (kbytes): 0
	Average unshared data size (kbytes): 0
	Average stack size (kbytes): 0
	Average total size (kbytes): 0
	Maximum resident set size (kbytes): 45076
	Average resident set size (kbytes): 0
	Major (requiring I/O) page faults: 0
	Minor (reclaiming a frame) page faults: 138484
	Voluntary context switches: 2150
	Involuntary context switches: 591
	Swaps: 0
	File system inputs: 0
	File system outputs: 254336
	Socket messages sent: 0
	Socket messages received: 0
	Signals delivered: 0
	Page size (bytes): 4096
	Exit status: 0
