	Command being timed: "make -j49 llc"
	User time (seconds): 710.60
	System time (seconds): 85.57
	Percent of CPU this job got: 349%
	Elapsed (wall clock) time (h:mm:ss or m:ss): 3:47.74
	Average shared text size (kbytes): 0
	Average unshared data size (kbytes): 0
	Average stack size (kbytes): 0
	Average total size (kbytes): 0
	Maximum resident set size (kbytes): 726916
	Average resident set size (kbytes): 0
	Major (requiring I/O) page faults: 0
	Minor (reclaiming a frame) page faults: 17731759
	Voluntary context switches: 1256895
	Involuntary context switches: 1324689
	Swaps: 0
	File system inputs: 0
	File system outputs: 1686088
	Socket messages sent: 0
	Socket messages received: 0
	Signals delivered: 0
	Page size (bytes): 4096
	Exit status: 0
