	Command being timed: "make -j64 clang"
	User time (seconds): 13892.58
	System time (seconds): 945.88
	Percent of CPU this job got: 5474%
	Elapsed (wall clock) time (h:mm:ss or m:ss): 4:31.06
	Average shared text size (kbytes): 0
	Average unshared data size (kbytes): 0
	Average stack size (kbytes): 0
	Average total size (kbytes): 0
	Maximum resident set size (kbytes): 1205728
	Average resident set size (kbytes): 0
	Major (requiring I/O) page faults: 0
	Minor (reclaiming a frame) page faults: 200304057
	Voluntary context switches: 512959
	Involuntary context switches: 132122
	Swaps: 0
	File system inputs: 0
	File system outputs: 16045928
	Socket messages sent: 0
	Socket messages received: 0
	Signals delivered: 0
	Page size (bytes): 4096
	Exit status: 0
