	Command being timed: "make -j64 clang"
	User time (seconds): 13892.14
	System time (seconds): 933.02
	Percent of CPU this job got: 5519%
	Elapsed (wall clock) time (h:mm:ss or m:ss): 4:28.58
	Average shared text size (kbytes): 0
	Average unshared data size (kbytes): 0
	Average stack size (kbytes): 0
	Average total size (kbytes): 0
	Maximum resident set size (kbytes): 1206312
	Average resident set size (kbytes): 0
	Major (requiring I/O) page faults: 0
	Minor (reclaiming a frame) page faults: 199087763
	Voluntary context switches: 481627
	Involuntary context switches: 131686
	Swaps: 0
	File system inputs: 0
	File system outputs: 16046224
	Socket messages sent: 0
	Socket messages received: 0
	Signals delivered: 0
	Page size (bytes): 4096
	Exit status: 0
