	Command being timed: "make -j64 clang"
	User time (seconds): 263.40
	System time (seconds): 34.42
	Percent of CPU this job got: 1128%
	Elapsed (wall clock) time (h:mm:ss or m:ss): 0:26.39
	Average shared text size (kbytes): 0
	Average unshared data size (kbytes): 0
	Average stack size (kbytes): 0
	Average total size (kbytes): 0
	Maximum resident set size (kbytes): 562640
	Average resident set size (kbytes): 0
	Major (requiring I/O) page faults: 0
	Minor (reclaiming a frame) page faults: 7435200
	Voluntary context switches: 36683
	Involuntary context switches: 19277
	Swaps: 0
	File system inputs: 0
	File system outputs: 2988248
	Socket messages sent: 0
	Socket messages received: 0
	Signals delivered: 0
	Page size (bytes): 4096
	Exit status: 0
