	Command being timed: "gg-reduce bin/cmake"
	User time (seconds): 3.65
	System time (seconds): 0.92
	Percent of CPU this job got: 14%
	Elapsed (wall clock) time (h:mm:ss or m:ss): 0:31.08
	Average shared text size (kbytes): 0
	Average unshared data size (kbytes): 0
	Average stack size (kbytes): 0
	Average total size (kbytes): 0
	Maximum resident set size (kbytes): 154248
	Average resident set size (kbytes): 0
	Major (requiring I/O) page faults: 0
	Minor (reclaiming a frame) page faults: 44316
	Voluntary context switches: 13745
	Involuntary context switches: 307
	Swaps: 0
	File system inputs: 0
	File system outputs: 88984
	Socket messages sent: 0
	Socket messages received: 0
	Signals delivered: 0
	Page size (bytes): 4096
	Exit status: 0
