	Command being timed: "gg-run make -j4 cmake"
	User time (seconds): 40.03
	System time (seconds): 9.32
	Percent of CPU this job got: 326%
	Elapsed (wall clock) time (h:mm:ss or m:ss): 0:15.12
	Average shared text size (kbytes): 0
	Average unshared data size (kbytes): 0
	Average stack size (kbytes): 0
	Average total size (kbytes): 0
	Maximum resident set size (kbytes): 45192
	Average resident set size (kbytes): 0
	Major (requiring I/O) page faults: 0
	Minor (reclaiming a frame) page faults: 1898334
	Voluntary context switches: 14580
	Involuntary context switches: 14405
	Swaps: 0
	File system inputs: 0
	File system outputs: 400544
	Socket messages sent: 0
	Socket messages received: 0
	Signals delivered: 0
	Page size (bytes): 4096
	Exit status: 0
