	Command being timed: "gg-reduce bin/cmake"
	User time (seconds): 3.70
	System time (seconds): 1.00
	Percent of CPU this job got: 15%
	Elapsed (wall clock) time (h:mm:ss or m:ss): 0:31.10
	Average shared text size (kbytes): 0
	Average unshared data size (kbytes): 0
	Average stack size (kbytes): 0
	Average total size (kbytes): 0
	Maximum resident set size (kbytes): 155264
	Average resident set size (kbytes): 0
	Major (requiring I/O) page faults: 0
	Minor (reclaiming a frame) page faults: 43394
	Voluntary context switches: 14198
	Involuntary context switches: 255
	Swaps: 0
	File system inputs: 0
	File system outputs: 88984
	Socket messages sent: 0
	Socket messages received: 0
	Signals delivered: 0
	Page size (bytes): 4096
	Exit status: 0
