	Command being timed: "gg-run make -j4 cmake"
	User time (seconds): 40.35
	System time (seconds): 8.95
	Percent of CPU this job got: 326%
	Elapsed (wall clock) time (h:mm:ss or m:ss): 0:15.12
	Average shared text size (kbytes): 0
	Average unshared data size (kbytes): 0
	Average stack size (kbytes): 0
	Average total size (kbytes): 0
	Maximum resident set size (kbytes): 44928
	Average resident set size (kbytes): 0
	Major (requiring I/O) page faults: 0
	Minor (reclaiming a frame) page faults: 1900092
	Voluntary context switches: 14757
	Involuntary context switches: 14174
	Swaps: 0
	File system inputs: 0
	File system outputs: 400488
	Socket messages sent: 0
	Socket messages received: 0
	Signals delivered: 0
	Page size (bytes): 4096
	Exit status: 0
