	Command being timed: "gg-force --engine lambda --jobs 2000 --timeout 2 ffmpeg ffprobe"
	User time (seconds): 7.97
	System time (seconds): 2.27
	Percent of CPU this job got: 23%
	Elapsed (wall clock) time (h:mm:ss or m:ss): 0:44.36
	Average shared text size (kbytes): 0
	Average unshared data size (kbytes): 0
	Average stack size (kbytes): 0
	Average total size (kbytes): 0
	Maximum resident set size (kbytes): 480408
	Average resident set size (kbytes): 0
	Major (requiring I/O) page faults: 0
	Minor (reclaiming a frame) page faults: 195326
	Voluntary context switches: 17142
	Involuntary context switches: 446
	Swaps: 0
	File system inputs: 0
	File system outputs: 245440
	Socket messages sent: 0
	Socket messages received: 0
	Signals delivered: 0
	Page size (bytes): 4096
	Exit status: 0
