	Command being timed: "gg-infer make -j4"
	User time (seconds): 95.28
	System time (seconds): 20.22
	Percent of CPU this job got: 389%
	Elapsed (wall clock) time (h:mm:ss or m:ss): 0:29.64
	Average shared text size (kbytes): 0
	Average unshared data size (kbytes): 0
	Average stack size (kbytes): 0
	Average total size (kbytes): 0
	Maximum resident set size (kbytes): 44828
	Average resident set size (kbytes): 0
	Major (requiring I/O) page faults: 0
	Minor (reclaiming a frame) page faults: 3985270
	Voluntary context switches: 31655
	Involuntary context switches: 30988
	Swaps: 0
	File system inputs: 0
	File system outputs: 659320
	Socket messages sent: 0
	Socket messages received: 0
	Signals delivered: 0
	Page size (bytes): 4096
	Exit status: 0
