	Command being timed: "gg-infer make -j4"
	User time (seconds): 95.42
	System time (seconds): 20.10
	Percent of CPU this job got: 389%
	Elapsed (wall clock) time (h:mm:ss or m:ss): 0:29.63
	Average shared text size (kbytes): 0
	Average unshared data size (kbytes): 0
	Average stack size (kbytes): 0
	Average total size (kbytes): 0
	Maximum resident set size (kbytes): 44868
	Average resident set size (kbytes): 0
	Major (requiring I/O) page faults: 0
	Minor (reclaiming a frame) page faults: 3991272
	Voluntary context switches: 31778
	Involuntary context switches: 31008
	Swaps: 0
	File system inputs: 0
	File system outputs: 671376
	Socket messages sent: 0
	Socket messages received: 0
	Signals delivered: 0
	Page size (bytes): 4096
	Exit status: 0
