	Command being timed: "gg-force --engine lambda --jobs 2000 --timeout 2 ffmpeg ffprobe"
	User time (seconds): 5.03
	System time (seconds): 1.73
	Percent of CPU this job got: 21%
	Elapsed (wall clock) time (h:mm:ss or m:ss): 0:30.77
	Average shared text size (kbytes): 0
	Average unshared data size (kbytes): 0
	Average stack size (kbytes): 0
	Average total size (kbytes): 0
	Maximum resident set size (kbytes): 463776
	Average resident set size (kbytes): 0
	Major (requiring I/O) page faults: 0
	Minor (reclaiming a frame) page faults: 178251
	Voluntary context switches: 12144
	Involuntary context switches: 367
	Swaps: 0
	File system inputs: 0
	File system outputs: 245408
	Socket messages sent: 0
	Socket messages received: 0
	Signals delivered: 0
	Page size (bytes): 4096
	Exit status: 0
