	Command being timed: "gg-infer make -j4"
	User time (seconds): 71.60
	System time (seconds): 13.68
	Percent of CPU this job got: 197%
	Elapsed (wall clock) time (h:mm:ss or m:ss): 0:43.13
	Average shared text size (kbytes): 0
	Average unshared data size (kbytes): 0
	Average stack size (kbytes): 0
	Average total size (kbytes): 0
	Maximum resident set size (kbytes): 44812
	Average resident set size (kbytes): 0
	Major (requiring I/O) page faults: 0
	Minor (reclaiming a frame) page faults: 3987212
	Voluntary context switches: 29643
	Involuntary context switches: 30112
	Swaps: 0
	File system inputs: 0
	File system outputs: 640320
	Socket messages sent: 0
	Socket messages received: 0
	Signals delivered: 0
	Page size (bytes): 4096
	Exit status: 0
