	Command being timed: "gg-force --engine lambda --jobs 2000 --timeout 2 ffmpeg ffprobe"
	User time (seconds): 5.53
	System time (seconds): 1.67
	Percent of CPU this job got: 22%
	Elapsed (wall clock) time (h:mm:ss or m:ss): 0:31.77
	Average shared text size (kbytes): 0
	Average unshared data size (kbytes): 0
	Average stack size (kbytes): 0
	Average total size (kbytes): 0
	Maximum resident set size (kbytes): 451392
	Average resident set size (kbytes): 0
	Major (requiring I/O) page faults: 0
	Minor (reclaiming a frame) page faults: 177181
	Voluntary context switches: 12565
	Involuntary context switches: 275
	Swaps: 0
	File system inputs: 0
	File system outputs: 245392
	Socket messages sent: 0
	Socket messages received: 0
	Signals delivered: 0
	Page size (bytes): 4096
	Exit status: 0
