	Command being timed: "make llc"
	User time (seconds): 5511.49
	System time (seconds): 358.80
	Percent of CPU this job got: 98%
	Elapsed (wall clock) time (h:mm:ss or m:ss): 1:38:50
	Average shared text size (kbytes): 0
	Average unshared data size (kbytes): 0
	Average stack size (kbytes): 0
	Average total size (kbytes): 0
	Maximum resident set size (kbytes): 5261152
	Average resident set size (kbytes): 0
	Major (requiring I/O) page faults: 0
	Minor (reclaiming a frame) page faults: 144968810
	Voluntary context switches: 71523
	Involuntary context switches: 22030
	Swaps: 0
	File system inputs: 0
	File system outputs: 45688408
	Socket messages sent: 0
	Socket messages received: 0
	Signals delivered: 0
	Page size (bytes): 4096
	Exit status: 0
