	Command being timed: "make -j64"
	User time (seconds): 510.12
	System time (seconds): 29.57
	Percent of CPU this job got: 2773%
	Elapsed (wall clock) time (h:mm:ss or m:ss): 0:19.45
	Average shared text size (kbytes): 0
	Average unshared data size (kbytes): 0
	Average stack size (kbytes): 0
	Average total size (kbytes): 0
	Maximum resident set size (kbytes): 444016
	Average resident set size (kbytes): 0
	Major (requiring I/O) page faults: 0
	Minor (reclaiming a frame) page faults: 8384482
	Voluntary context switches: 23220
	Involuntary context switches: 8047
	Swaps: 0
	File system inputs: 0
	File system outputs: 1862096
	Socket messages sent: 0
	Socket messages received: 0
	Signals delivered: 0
	Page size (bytes): 4096
	Exit status: 0
