	Command being timed: "gg-reduce bin/llc"
	User time (seconds): 14.16
	System time (seconds): 5.10
	Percent of CPU this job got: 4%
	Elapsed (wall clock) time (h:mm:ss or m:ss): 7:02.98
	Average shared text size (kbytes): 0
	Average unshared data size (kbytes): 0
	Average stack size (kbytes): 0
	Average total size (kbytes): 0
	Maximum resident set size (kbytes): 2517540
	Average resident set size (kbytes): 0
	Major (requiring I/O) page faults: 0
	Minor (reclaiming a frame) page faults: 135590
	Voluntary context switches: 129327
	Involuntary context switches: 320
	Swaps: 0
	File system inputs: 0
	File system outputs: 3882632
	Socket messages sent: 0
	Socket messages received: 0
	Signals delivered: 0
	Page size (bytes): 4096
	Exit status: 0
