	Command being timed: "gg-run make -j4 llc"
	User time (seconds): 940.97
	System time (seconds): 57.62
	Percent of CPU this job got: 351%
	Elapsed (wall clock) time (h:mm:ss or m:ss): 4:44.02
	Average shared text size (kbytes): 0
	Average unshared data size (kbytes): 0
	Average stack size (kbytes): 0
	Average total size (kbytes): 0
	Maximum resident set size (kbytes): 356728
	Average resident set size (kbytes): 0
	Major (requiring I/O) page faults: 0
	Minor (reclaiming a frame) page faults: 11195459
	Voluntary context switches: 74849
	Involuntary context switches: 73760
	Swaps: 0
	File system inputs: 0
	File system outputs: 2236336
	Socket messages sent: 0
	Socket messages received: 0
	Signals delivered: 0
	Page size (bytes): 4096
	Exit status: 0
