	Command being timed: "gg-run make -j4 llc"
	User time (seconds): 941.48
	System time (seconds): 57.73
	Percent of CPU this job got: 352%
	Elapsed (wall clock) time (h:mm:ss or m:ss): 4:43.44
	Average shared text size (kbytes): 0
	Average unshared data size (kbytes): 0
	Average stack size (kbytes): 0
	Average total size (kbytes): 0
	Maximum resident set size (kbytes): 355436
	Average resident set size (kbytes): 0
	Major (requiring I/O) page faults: 0
	Minor (reclaiming a frame) page faults: 11177882
	Voluntary context switches: 67950
	Involuntary context switches: 76179
	Swaps: 0
	File system inputs: 0
	File system outputs: 2236328
	Socket messages sent: 0
	Socket messages received: 0
	Signals delivered: 0
	Page size (bytes): 4096
	Exit status: 0
