	Command being timed: "gg-force --jobs 64 frameout000_lab.out frameout001_lab.out frameout002_lab.out frameout003_lab.out frameout004_lab.out frameout005_lab.out frameout006_lab.out frameout007_lab.out frameout008_lab.out frameout009_lab.out frameout010_lab.out frameout011_lab.out frameout012_lab.out frameout013_lab.out frameout014_lab.out frameout015_lab.out frameout016_lab.out frameout017_lab.out frameout018_lab.out frameout019_lab.out frameout020_lab.out frameout021_lab.out frameout022_lab.out frameout023_lab.out frameout024_lab.out frameout025_lab.out frameout026_lab.out frameout027_lab.out frameout028_lab.out frameout029_lab.out frameout030_lab.out frameout031_lab.out frameout032_lab.out frameout033_lab.out frameout034_lab.out frameout035_lab.out frameout036_lab.out frameout037_lab.out frameout038_lab.out frameout039_lab.out frameout040_lab.out frameout041_lab.out frameout042_lab.out frameout043_lab.out frameout044_lab.out frameout045_lab.out frameout046_lab.out frameout047_lab.out frameout048_lab.out frameout049_lab.out frameout050_lab.out frameout051_lab.out frameout052_lab.out frameout053_lab.out frameout054_lab.out frameout055_lab.out frameout056_lab.out frameout057_lab.out frameout058_lab.out frameout059_lab.out frameout060_lab.out frameout061_lab.out frameout062_lab.out frameout063_lab.out frameout064_lab.out frameout065_lab.out frameout066_lab.out frameout067_lab.out frameout068_lab.out frameout069_lab.out frameout070_lab.out frameout071_lab.out frameout072_lab.out frameout073_lab.out frameout074_lab.out frameout075_lab.out frameout076_lab.out frameout077_lab.out frameout078_lab.out frameout079_lab.out frameout080_lab.out frameout081_lab.out frameout082_lab.out frameout083_lab.out frameout084_lab.out frameout085_lab.out frameout086_lab.out frameout087_lab.out frameout088_lab.out frameout089_lab.out frameout090_lab.out frameout091_lab.out frameout092_lab.out frameout093_lab.out frameout094_lab.out frameout095_lab.out frameout096_lab.out frameout097_lab.out frameout098_lab.out frameout099_lab.out frameout100_lab.out frameout101_lab.out frameout102_lab.out frameout103_lab.out frameout104_lab.out frameout105_lab.out frameout106_lab.out frameout107_lab.out frameout108_lab.out frameout109_lab.out frameout110_lab.out frameout111_lab.out frameout112_lab.out frameout113_lab.out frameout114_lab.out frameout115_lab.out frameout116_lab.out frameout117_lab.out frameout118_lab.out frameout119_lab.out frameout120_lab.out frameout121_lab.out frameout122_lab.out frameout123_lab.out frameout124_lab.out frameout125_lab.out frameout126_lab.out frameout127_lab.out frameout128_lab.out frameout129_lab.out frameout130_lab.out frameout131_lab.out frameout132_lab.out frameout133_lab.out frameout134_lab.out frameout135_lab.out frameout136_lab.out frameout137_lab.out frameout138_lab.out frameout139_lab.out frameout140_lab.out frameout141_lab.out frameout142_lab.out frameout143_lab.out frameout144_lab.out frameout145_lab.out frameout146_lab.out frameout147_lab.out frameout148_lab.out frameout149_lab.out frameout150_lab.out frameout151_lab.out frameout152_lab.out frameout153_lab.out frameout154_lab.out frameout155_lab.out frameout156_lab.out frameout157_lab.out frameout158_lab.out frameout159_lab.out frameout160_lab.out frameout161_lab.out frameout162_lab.out frameout163_lab.out frameout164_lab.out frameout165_lab.out frameout166_lab.out frameout167_lab.out frameout168_lab.out frameout169_lab.out frameout170_lab.out frameout171_lab.out frameout172_lab.out frameout173_lab.out frameout174_lab.out frameout175_lab.out frameout176_lab.out frameout177_lab.out frameout178_lab.out frameout179_lab.out frameout180_lab.out frameout181_lab.out frameout182_lab.out frameout183_lab.out frameout184_lab.out frameout185_lab.out frameout186_lab.out frameout187_lab.out frameout188_lab.out frameout189_lab.out frameout190_lab.out frameout191_lab.out frameout192_lab.out frameout193_lab.out frameout194_lab.out frameout195_lab.out frameout196_lab.out frameout197_lab.out frameout198_lab.out frameout199_lab.out frameout200_lab.out frameout201_lab.out frameout202_lab.out frameout203_lab.out frameout204_lab.out frameout205_lab.out frameout206_lab.out frameout207_lab.out frameout208_lab.out frameout209_lab.out frameout210_lab.out frameout211_lab.out frameout212_lab.out frameout213_lab.out frameout214_lab.out frameout215_lab.out frameout216_lab.out frameout217_lab.out frameout218_lab.out frameout219_lab.out frameout220_lab.out frameout221_lab.out frameout222_lab.out frameout223_lab.out frameout224_lab.out frameout225_lab.out frameout226_lab.out frameout227_lab.out frameout228_lab.out frameout229_lab.out frameout230_lab.out frameout231_lab.out frameout232_lab.out frameout233_lab.out frameout234_lab.out frameout235_lab.out frameout236_lab.out frameout237_lab.out frameout238_lab.out frameout239_lab.out"
	User time (seconds): 15659.47
	System time (seconds): 1530.22
	Percent of CPU this job got: 6390%
	Elapsed (wall clock) time (h:mm:ss or m:ss): 4:28.98
	Average shared text size (kbytes): 0
	Average unshared data size (kbytes): 0
	Average stack size (kbytes): 0
	Average total size (kbytes): 0
	Maximum resident set size (kbytes): 1259524
	Average resident set size (kbytes): 0
	Major (requiring I/O) page faults: 0
	Minor (reclaiming a frame) page faults: 315448494
	Voluntary context switches: 52509087
	Involuntary context switches: 223976811
	Swaps: 0
	File system inputs: 0
	File system outputs: 4129568
	Socket messages sent: 0
	Socket messages received: 0
	Signals delivered: 0
	Page size (bytes): 4096
	Exit status: 0
