	Command being timed: "gg-run make -j4"
	User time (seconds): 277.52
	System time (seconds): 14.80
	Percent of CPU this job got: 330%
	Elapsed (wall clock) time (h:mm:ss or m:ss): 1:28.57
	Average shared text size (kbytes): 0
	Average unshared data size (kbytes): 0
	Average stack size (kbytes): 0
	Average total size (kbytes): 0
	Maximum resident set size (kbytes): 68624
	Average resident set size (kbytes): 0
	Major (requiring I/O) page faults: 0
	Minor (reclaiming a frame) page faults: 4022747
	Voluntary context switches: 31611
	Involuntary context switches: 34841
	Swaps: 0
	File system inputs: 0
	File system outputs: 606384
	Socket messages sent: 0
	Socket messages received: 0
	Signals delivered: 0
	Page size (bytes): 4096
	Exit status: 0
