	Command being timed: "gg-run make -j4"
	User time (seconds): 270.66
	System time (seconds): 13.37
	Percent of CPU this job got: 327%
	Elapsed (wall clock) time (h:mm:ss or m:ss): 1:26.64
	Average shared text size (kbytes): 0
	Average unshared data size (kbytes): 0
	Average stack size (kbytes): 0
	Average total size (kbytes): 0
	Maximum resident set size (kbytes): 68564
	Average resident set size (kbytes): 0
	Major (requiring I/O) page faults: 0
	Minor (reclaiming a frame) page faults: 4016151
	Voluntary context switches: 31879
	Involuntary context switches: 34833
	Swaps: 0
	File system inputs: 0
	File system outputs: 600760
	Socket messages sent: 0
	Socket messages received: 0
	Signals delivered: 0
	Page size (bytes): 4096
	Exit status: 0
