	Command being timed: "gg-run make -j4"
	User time (seconds): 270.41
	System time (seconds): 12.96
	Percent of CPU this job got: 327%
	Elapsed (wall clock) time (h:mm:ss or m:ss): 1:26.41
	Average shared text size (kbytes): 0
	Average unshared data size (kbytes): 0
	Average stack size (kbytes): 0
	Average total size (kbytes): 0
	Maximum resident set size (kbytes): 68620
	Average resident set size (kbytes): 0
	Major (requiring I/O) page faults: 0
	Minor (reclaiming a frame) page faults: 4013477
	Voluntary context switches: 31719
	Involuntary context switches: 34421
	Swaps: 0
	File system inputs: 0
	File system outputs: 611360
	Socket messages sent: 0
	Socket messages received: 0
	Signals delivered: 0
	Page size (bytes): 4096
	Exit status: 0
