	Command being timed: "gg-build-infer make -j4 inkscape inkview"
	User time (seconds): 28.36
	System time (seconds): 15.46
	Percent of CPU this job got: 193%
	Elapsed (wall clock) time (h:mm:ss or m:ss): 0:22.64
	Average shared text size (kbytes): 0
	Average unshared data size (kbytes): 0
	Average stack size (kbytes): 0
	Average total size (kbytes): 0
	Maximum resident set size (kbytes): 90792
	Average resident set size (kbytes): 0
	Major (requiring I/O) page faults: 0
	Minor (reclaiming a frame) page faults: 1982546
	Voluntary context switches: 14931
	Involuntary context switches: 10945
	Swaps: 0
	File system inputs: 0
	File system outputs: 606008
	Socket messages sent: 0
	Socket messages received: 0
	Signals delivered: 0
	Page size (bytes): 4096
	Exit status: 0
