	Command being timed: "gg-reduce bin/clang"
	User time (seconds): 19.49
	System time (seconds): 6.51
	Percent of CPU this job got: 27%
	Elapsed (wall clock) time (h:mm:ss or m:ss): 1:34.18
	Average shared text size (kbytes): 0
	Average unshared data size (kbytes): 0
	Average stack size (kbytes): 0
	Average total size (kbytes): 0
	Maximum resident set size (kbytes): 1090000
	Average resident set size (kbytes): 0
	Major (requiring I/O) page faults: 0
	Minor (reclaiming a frame) page faults: 243778
	Voluntary context switches: 19973
	Involuntary context switches: 401
	Swaps: 0
	File system inputs: 0
	File system outputs: 352520
	Socket messages sent: 0
	Socket messages received: 0
	Signals delivered: 0
	Page size (bytes): 4096
	Exit status: 0
