Command exited with non-zero status 2
	Command being timed: "gg-run make -j4 clang"
	User time (seconds): 506.97
	System time (seconds): 64.24
	Percent of CPU this job got: 175%
	Elapsed (wall clock) time (h:mm:ss or m:ss): 5:24.61
	Average shared text size (kbytes): 0
	Average unshared data size (kbytes): 0
	Average stack size (kbytes): 0
	Average total size (kbytes): 0
	Maximum resident set size (kbytes): 352740
	Average resident set size (kbytes): 0
	Major (requiring I/O) page faults: 0
	Minor (reclaiming a frame) page faults: 14025670
	Voluntary context switches: 73085
	Involuntary context switches: 47490
	Swaps: 0
	File system inputs: 0
	File system outputs: 2151736
	Socket messages sent: 0
	Socket messages received: 0
	Signals delivered: 0
	Page size (bytes): 4096
	Exit status: 2
