	Command being timed: "gg-run make -j4 clang"
	User time (seconds): 635.66
	System time (seconds): 75.67
	Percent of CPU this job got: 353%
	Elapsed (wall clock) time (h:mm:ss or m:ss): 3:21.24
	Average shared text size (kbytes): 0
	Average unshared data size (kbytes): 0
	Average stack size (kbytes): 0
	Average total size (kbytes): 0
	Maximum resident set size (kbytes): 353088
	Average resident set size (kbytes): 0
	Major (requiring I/O) page faults: 0
	Minor (reclaiming a frame) page faults: 14255958
	Voluntary context switches: 78963
	Involuntary context switches: 86977
	Swaps: 0
	File system inputs: 0
	File system outputs: 2076632
	Socket messages sent: 0
	Socket messages received: 0
	Signals delivered: 0
	Page size (bytes): 4096
	Exit status: 0
