	Command being timed: "gg-run make -j4 clang"
	User time (seconds): 635.76
	System time (seconds): 74.91
	Percent of CPU this job got: 340%
	Elapsed (wall clock) time (h:mm:ss or m:ss): 3:28.73
	Average shared text size (kbytes): 0
	Average unshared data size (kbytes): 0
	Average stack size (kbytes): 0
	Average total size (kbytes): 0
	Maximum resident set size (kbytes): 354796
	Average resident set size (kbytes): 0
	Major (requiring I/O) page faults: 0
	Minor (reclaiming a frame) page faults: 14280531
	Voluntary context switches: 80697
	Involuntary context switches: 87316
	Swaps: 0
	File system inputs: 0
	File system outputs: 2225624
	Socket messages sent: 0
	Socket messages received: 0
	Signals delivered: 0
	Page size (bytes): 4096
	Exit status: 0
