	Command being timed: "gg-reduce bin/clang"
	User time (seconds): 19.43
	System time (seconds): 6.40
	Percent of CPU this job got: 35%
	Elapsed (wall clock) time (h:mm:ss or m:ss): 1:13.08
	Average shared text size (kbytes): 0
	Average unshared data size (kbytes): 0
	Average stack size (kbytes): 0
	Average total size (kbytes): 0
	Maximum resident set size (kbytes): 1090848
	Average resident set size (kbytes): 0
	Major (requiring I/O) page faults: 0
	Minor (reclaiming a frame) page faults: 241407
	Voluntary context switches: 20890
	Involuntary context switches: 311
	Swaps: 0
	File system inputs: 0
	File system outputs: 352520
	Socket messages sent: 0
	Socket messages received: 0
	Signals delivered: 0
	Page size (bytes): 4096
	Exit status: 0
