	Command being timed: "gg-reduce src/inkscape src/inkview"
	User time (seconds): 17.18
	System time (seconds): 1.79
	Percent of CPU this job got: 13%
	Elapsed (wall clock) time (h:mm:ss or m:ss): 2:25.24
	Average shared text size (kbytes): 0
	Average unshared data size (kbytes): 0
	Average stack size (kbytes): 0
	Average total size (kbytes): 0
	Maximum resident set size (kbytes): 707980
	Average resident set size (kbytes): 0
	Major (requiring I/O) page faults: 0
	Minor (reclaiming a frame) page faults: 170808
	Voluntary context switches: 19907
	Involuntary context switches: 354
	Swaps: 0
	File system inputs: 0
	File system outputs: 198904
	Socket messages sent: 0
	Socket messages received: 0
	Signals delivered: 0
	Page size (bytes): 4096
	Exit status: 0
