	Command being timed: "make -j65"
	User time (seconds): 49.86
	System time (seconds): 4.71
	Percent of CPU this job got: 242%
	Elapsed (wall clock) time (h:mm:ss or m:ss): 0:22.49
	Average shared text size (kbytes): 0
	Average unshared data size (kbytes): 0
	Average stack size (kbytes): 0
	Average total size (kbytes): 0
	Maximum resident set size (kbytes): 155864
	Average resident set size (kbytes): 0
	Major (requiring I/O) page faults: 0
	Minor (reclaiming a frame) page faults: 1173281
	Voluntary context switches: 111706
	Involuntary context switches: 109588
	Swaps: 0
	File system inputs: 0
	File system outputs: 1229216
	Socket messages sent: 0
	Socket messages received: 0
	Signals delivered: 0
	Page size (bytes): 4096
	Exit status: 0
