	Command being timed: "make -j65"
	User time (seconds): 49.70
	System time (seconds): 4.72
	Percent of CPU this job got: 240%
	Elapsed (wall clock) time (h:mm:ss or m:ss): 0:22.61
	Average shared text size (kbytes): 0
	Average unshared data size (kbytes): 0
	Average stack size (kbytes): 0
	Average total size (kbytes): 0
	Maximum resident set size (kbytes): 156060
	Average resident set size (kbytes): 0
	Major (requiring I/O) page faults: 0
	Minor (reclaiming a frame) page faults: 1172180
	Voluntary context switches: 111800
	Involuntary context switches: 109506
	Swaps: 0
	File system inputs: 0
	File system outputs: 1229216
	Socket messages sent: 0
	Socket messages received: 0
	Signals delivered: 0
	Page size (bytes): 4096
	Exit status: 0
