	Command being timed: "gg-run make -j64"
	User time (seconds): 449.37
	System time (seconds): 345.06
	Percent of CPU this job got: 1802%
	Elapsed (wall clock) time (h:mm:ss or m:ss): 0:44.07
	Average shared text size (kbytes): 0
	Average unshared data size (kbytes): 0
	Average stack size (kbytes): 0
	Average total size (kbytes): 0
	Maximum resident set size (kbytes): 168360
	Average resident set size (kbytes): 0
	Major (requiring I/O) page faults: 0
	Minor (reclaiming a frame) page faults: 9283247
	Voluntary context switches: 41801
	Involuntary context switches: 48658
	Swaps: 0
	File system inputs: 16
	File system outputs: 1576048
	Socket messages sent: 0
	Socket messages received: 0
	Signals delivered: 0
	Page size (bytes): 4096
	Exit status: 0
