	Command being timed: "gg-infer make -j64 inkscape inkview"
	User time (seconds): 551.04
	System time (seconds): 156.34
	Percent of CPU this job got: 2176%
	Elapsed (wall clock) time (h:mm:ss or m:ss): 0:32.50
	Average shared text size (kbytes): 0
	Average unshared data size (kbytes): 0
	Average stack size (kbytes): 0
	Average total size (kbytes): 0
	Maximum resident set size (kbytes): 404548
	Average resident set size (kbytes): 0
	Major (requiring I/O) page faults: 0
	Minor (reclaiming a frame) page faults: 14903757
	Voluntary context switches: 52204
	Involuntary context switches: 50005
	Swaps: 0
	File system inputs: 0
	File system outputs: 2015200
	Socket messages sent: 0
	Socket messages received: 0
	Signals delivered: 0
	Page size (bytes): 4096
	Exit status: 0
