	Command being timed: "gg-force --jobs 64 bin/inkscape bin/inkview"
	User time (seconds): 6059.94
	System time (seconds): 470.16
	Percent of CPU this job got: 5756%
	Elapsed (wall clock) time (h:mm:ss or m:ss): 1:53.43
	Average shared text size (kbytes): 0
	Average unshared data size (kbytes): 0
	Average stack size (kbytes): 0
	Average total size (kbytes): 0
	Maximum resident set size (kbytes): 513640
	Average resident set size (kbytes): 0
	Major (requiring I/O) page faults: 0
	Minor (reclaiming a frame) page faults: 112455500
	Voluntary context switches: 155633
	Involuntary context switches: 38184
	Swaps: 0
	File system inputs: 0
	File system outputs: 9380752
	Socket messages sent: 0
	Socket messages received: 0
	Signals delivered: 0
	Page size (bytes): 4096
	Exit status: 0
