	Command being timed: "gg-infer make -j64 inkscape inkview"
	User time (seconds): 549.79
	System time (seconds): 156.79
	Percent of CPU this job got: 2159%
	Elapsed (wall clock) time (h:mm:ss or m:ss): 0:32.72
	Average shared text size (kbytes): 0
	Average unshared data size (kbytes): 0
	Average stack size (kbytes): 0
	Average total size (kbytes): 0
	Maximum resident set size (kbytes): 404504
	Average resident set size (kbytes): 0
	Major (requiring I/O) page faults: 0
	Minor (reclaiming a frame) page faults: 14899137
	Voluntary context switches: 58022
	Involuntary context switches: 49073
	Swaps: 0
	File system inputs: 0
	File system outputs: 2017720
	Socket messages sent: 0
	Socket messages received: 0
	Signals delivered: 0
	Page size (bytes): 4096
	Exit status: 0
