	Command being timed: "gg-build-infer make -j4 ffmpeg ffprobe"
	User time (seconds): 16.47
	System time (seconds): 11.96
	Percent of CPU this job got: 346%
	Elapsed (wall clock) time (h:mm:ss or m:ss): 0:08.20
	Average shared text size (kbytes): 0
	Average unshared data size (kbytes): 0
	Average stack size (kbytes): 0
	Average total size (kbytes): 0
	Maximum resident set size (kbytes): 44876
	Average resident set size (kbytes): 0
	Major (requiring I/O) page faults: 0
	Minor (reclaiming a frame) page faults: 1754819
	Voluntary context switches: 21576
	Involuntary context switches: 14244
	Swaps: 0
	File system inputs: 0
	File system outputs: 582920
	Socket messages sent: 0
	Socket messages received: 0
	Signals delivered: 0
	Page size (bytes): 4096
	Exit status: 0
