	Command being timed: "make -j64 llc"
	User time (seconds): 7787.76
	System time (seconds): 509.16
	Percent of CPU this job got: 5450%
	Elapsed (wall clock) time (h:mm:ss or m:ss): 2:32.23
	Average shared text size (kbytes): 0
	Average unshared data size (kbytes): 0
	Average stack size (kbytes): 0
	Average total size (kbytes): 0
	Maximum resident set size (kbytes): 854276
	Average resident set size (kbytes): 0
	Major (requiring I/O) page faults: 1
	Minor (reclaiming a frame) page faults: 119481138
	Voluntary context switches: 334232
	Involuntary context switches: 61925
	Swaps: 0
	File system inputs: 1240
	File system outputs: 1953144
	Socket messages sent: 0
	Socket messages received: 0
	Signals delivered: 0
	Page size (bytes): 4096
	Exit status: 0
