	Command being timed: "make -j64 llc"
	User time (seconds): 7796.22
	System time (seconds): 492.47
	Percent of CPU this job got: 5530%
	Elapsed (wall clock) time (h:mm:ss or m:ss): 2:29.87
	Average shared text size (kbytes): 0
	Average unshared data size (kbytes): 0
	Average stack size (kbytes): 0
	Average total size (kbytes): 0
	Maximum resident set size (kbytes): 851168
	Average resident set size (kbytes): 0
	Major (requiring I/O) page faults: 0
	Minor (reclaiming a frame) page faults: 118389373
	Voluntary context switches: 310930
	Involuntary context switches: 62825
	Swaps: 0
	File system inputs: 0
	File system outputs: 1953144
	Socket messages sent: 0
	Socket messages received: 0
	Signals delivered: 0
	Page size (bytes): 4096
	Exit status: 0
