	Command being timed: "make -j65"
	User time (seconds): 302.79
	System time (seconds): 48.55
	Percent of CPU this job got: 114%
	Elapsed (wall clock) time (h:mm:ss or m:ss): 5:07.37
	Average shared text size (kbytes): 0
	Average unshared data size (kbytes): 0
	Average stack size (kbytes): 0
	Average total size (kbytes): 0
	Maximum resident set size (kbytes): 114596
	Average resident set size (kbytes): 0
	Major (requiring I/O) page faults: 14
	Minor (reclaiming a frame) page faults: 17644399
	Voluntary context switches: 698307
	Involuntary context switches: 515994
	Swaps: 0
	File system inputs: 6448
	File system outputs: 1110472
	Socket messages sent: 0
	Socket messages received: 0
	Signals delivered: 0
	Page size (bytes): 4096
	Exit status: 0
