	Command being timed: "make -j65"
	User time (seconds): 299.17
	System time (seconds): 46.10
	Percent of CPU this job got: 111%
	Elapsed (wall clock) time (h:mm:ss or m:ss): 5:08.47
	Average shared text size (kbytes): 0
	Average unshared data size (kbytes): 0
	Average stack size (kbytes): 0
	Average total size (kbytes): 0
	Maximum resident set size (kbytes): 114484
	Average resident set size (kbytes): 0
	Major (requiring I/O) page faults: 0
	Minor (reclaiming a frame) page faults: 17593538
	Voluntary context switches: 697308
	Involuntary context switches: 510000
	Swaps: 0
	File system inputs: 0
	File system outputs: 1102096
	Socket messages sent: 0
	Socket messages received: 0
	Signals delivered: 0
	Page size (bytes): 4096
	Exit status: 0
