	Command being timed: "gg-reduce ffmpeg ffserver ffprobe"
	User time (seconds): 8.75
	System time (seconds): 1.48
	Percent of CPU this job got: 32%
	Elapsed (wall clock) time (h:mm:ss or m:ss): 0:31.72
	Average shared text size (kbytes): 0
	Average unshared data size (kbytes): 0
	Average stack size (kbytes): 0
	Average total size (kbytes): 0
	Maximum resident set size (kbytes): 394200
	Average resident set size (kbytes): 0
	Major (requiring I/O) page faults: 0
	Minor (reclaiming a frame) page faults: 96100
	Voluntary context switches: 23812
	Involuntary context switches: 418
	Swaps: 0
	File system inputs: 0
	File system outputs: 274568
	Socket messages sent: 0
	Socket messages received: 0
	Signals delivered: 0
	Page size (bytes): 4096
	Exit status: 0
