	Command being timed: "gg-reduce ffmpeg ffserver ffprobe"
	User time (seconds): 8.50
	System time (seconds): 1.62
	Percent of CPU this job got: 22%
	Elapsed (wall clock) time (h:mm:ss or m:ss): 0:45.58
	Average shared text size (kbytes): 0
	Average unshared data size (kbytes): 0
	Average stack size (kbytes): 0
	Average total size (kbytes): 0
	Maximum resident set size (kbytes): 409272
	Average resident set size (kbytes): 0
	Major (requiring I/O) page faults: 0
	Minor (reclaiming a frame) page faults: 94146
	Voluntary context switches: 20257
	Involuntary context switches: 445
	Swaps: 0
	File system inputs: 0
	File system outputs: 274568
	Socket messages sent: 0
	Socket messages received: 0
	Signals delivered: 0
	Page size (bytes): 4096
	Exit status: 0
