	Command being timed: "make -j64"
	User time (seconds): 164.68
	System time (seconds): 38.71
	Percent of CPU this job got: 663%
	Elapsed (wall clock) time (h:mm:ss or m:ss): 0:30.63
	Average shared text size (kbytes): 0
	Average unshared data size (kbytes): 0
	Average stack size (kbytes): 0
	Average total size (kbytes): 0
	Maximum resident set size (kbytes): 114760
	Average resident set size (kbytes): 0
	Major (requiring I/O) page faults: 0
	Minor (reclaiming a frame) page faults: 11891208
	Voluntary context switches: 134241
	Involuntary context switches: 25463
	Swaps: 0
	File system inputs: 8
	File system outputs: 1102432
	Socket messages sent: 0
	Socket messages received: 0
	Signals delivered: 0
	Page size (bytes): 4096
	Exit status: 0
