	Command being timed: "make -j64"
	User time (seconds): 923.64
	System time (seconds): 164.13
	Percent of CPU this job got: 1427%
	Elapsed (wall clock) time (h:mm:ss or m:ss): 1:16.22
	Average shared text size (kbytes): 0
	Average unshared data size (kbytes): 0
	Average stack size (kbytes): 0
	Average total size (kbytes): 0
	Maximum resident set size (kbytes): 114568
	Average resident set size (kbytes): 0
	Major (requiring I/O) page faults: 0
	Minor (reclaiming a frame) page faults: 35198250
	Voluntary context switches: 159633
	Involuntary context switches: 80728
	Swaps: 0
	File system inputs: 8
	File system outputs: 7381728
	Socket messages sent: 0
	Socket messages received: 0
	Signals delivered: 0
	Page size (bytes): 4096
	Exit status: 0
