	Command being timed: "make -j64"
	User time (seconds): 923.15
	System time (seconds): 162.82
	Percent of CPU this job got: 1424%
	Elapsed (wall clock) time (h:mm:ss or m:ss): 1:16.23
	Average shared text size (kbytes): 0
	Average unshared data size (kbytes): 0
	Average stack size (kbytes): 0
	Average total size (kbytes): 0
	Maximum resident set size (kbytes): 114812
	Average resident set size (kbytes): 0
	Major (requiring I/O) page faults: 0
	Minor (reclaiming a frame) page faults: 35197997
	Voluntary context switches: 160210
	Involuntary context switches: 81188
	Swaps: 0
	File system inputs: 8
	File system outputs: 7352872
	Socket messages sent: 0
	Socket messages received: 0
	Signals delivered: 0
	Page size (bytes): 4096
	Exit status: 0
