	Command being timed: "make -j64"
	User time (seconds): 166.12
	System time (seconds): 38.21
	Percent of CPU this job got: 669%
	Elapsed (wall clock) time (h:mm:ss or m:ss): 0:30.51
	Average shared text size (kbytes): 0
	Average unshared data size (kbytes): 0
	Average stack size (kbytes): 0
	Average total size (kbytes): 0
	Maximum resident set size (kbytes): 114548
	Average resident set size (kbytes): 0
	Major (requiring I/O) page faults: 0
	Minor (reclaiming a frame) page faults: 11889791
	Voluntary context switches: 134703
	Involuntary context switches: 25728
	Swaps: 0
	File system inputs: 24
	File system outputs: 1105352
	Socket messages sent: 0
	Socket messages received: 0
	Signals delivered: 0
	Page size (bytes): 4096
	Exit status: 0
