	Command being timed: "make -j64"
	User time (seconds): 855.78
	System time (seconds): 68.60
	Percent of CPU this job got: 4248%
	Elapsed (wall clock) time (h:mm:ss or m:ss): 0:21.75
	Average shared text size (kbytes): 0
	Average unshared data size (kbytes): 0
	Average stack size (kbytes): 0
	Average total size (kbytes): 0
	Maximum resident set size (kbytes): 218904
	Average resident set size (kbytes): 0
	Major (requiring I/O) page faults: 0
	Minor (reclaiming a frame) page faults: 14073948
	Voluntary context switches: 28951
	Involuntary context switches: 30691
	Swaps: 0
	File system inputs: 0
	File system outputs: 1483008
	Socket messages sent: 0
	Socket messages received: 0
	Signals delivered: 0
	Page size (bytes): 4096
	Exit status: 0
