	Command being timed: "make -j64"
	User time (seconds): 1162.48
	System time (seconds): 55.85
	Percent of CPU this job got: 2629%
	Elapsed (wall clock) time (h:mm:ss or m:ss): 0:46.33
	Average shared text size (kbytes): 0
	Average unshared data size (kbytes): 0
	Average stack size (kbytes): 0
	Average total size (kbytes): 0
	Maximum resident set size (kbytes): 280200
	Average resident set size (kbytes): 0
	Major (requiring I/O) page faults: 0
	Minor (reclaiming a frame) page faults: 15707762
	Voluntary context switches: 28615
	Involuntary context switches: 31725
	Swaps: 0
	File system inputs: 0
	File system outputs: 5052472
	Socket messages sent: 0
	Socket messages received: 0
	Signals delivered: 0
	Page size (bytes): 4096
	Exit status: 0
