	Command being timed: "make -j64"
	User time (seconds): 1161.50
	System time (seconds): 55.26
	Percent of CPU this job got: 2625%
	Elapsed (wall clock) time (h:mm:ss or m:ss): 0:46.34
	Average shared text size (kbytes): 0
	Average unshared data size (kbytes): 0
	Average stack size (kbytes): 0
	Average total size (kbytes): 0
	Maximum resident set size (kbytes): 279444
	Average resident set size (kbytes): 0
	Major (requiring I/O) page faults: 0
	Minor (reclaiming a frame) page faults: 15716283
	Voluntary context switches: 28645
	Involuntary context switches: 31712
	Swaps: 0
	File system inputs: 0
	File system outputs: 5051416
	Socket messages sent: 0
	Socket messages received: 0
	Signals delivered: 0
	Page size (bytes): 4096
	Exit status: 0
