	Command being timed: "make -j64"
	User time (seconds): 1165.32
	System time (seconds): 55.19
	Percent of CPU this job got: 2639%
	Elapsed (wall clock) time (h:mm:ss or m:ss): 0:46.24
	Average shared text size (kbytes): 0
	Average unshared data size (kbytes): 0
	Average stack size (kbytes): 0
	Average total size (kbytes): 0
	Maximum resident set size (kbytes): 279376
	Average resident set size (kbytes): 0
	Major (requiring I/O) page faults: 0
	Minor (reclaiming a frame) page faults: 15686214
	Voluntary context switches: 28721
	Involuntary context switches: 31755
	Swaps: 0
	File system inputs: 0
	File system outputs: 5052472
	Socket messages sent: 0
	Socket messages received: 0
	Signals delivered: 0
	Page size (bytes): 4096
	Exit status: 0
