	Command being timed: "make -j64"
	User time (seconds): 148.80
	System time (seconds): 5.32
	Percent of CPU this job got: 503%
	Elapsed (wall clock) time (h:mm:ss or m:ss): 0:30.58
	Average shared text size (kbytes): 0
	Average unshared data size (kbytes): 0
	Average stack size (kbytes): 0
	Average total size (kbytes): 0
	Maximum resident set size (kbytes): 268056
	Average resident set size (kbytes): 0
	Major (requiring I/O) page faults: 0
	Minor (reclaiming a frame) page faults: 1363963
	Voluntary context switches: 7469
	Involuntary context switches: 1918
	Swaps: 0
	File system inputs: 0
	File system outputs: 2645408
	Socket messages sent: 0
	Socket messages received: 0
	Signals delivered: 0
	Page size (bytes): 4096
	Exit status: 0
