	Command being timed: "make -j385 inkscape inkview"
	User time (seconds): 1183.51
	System time (seconds): 632.50
	Percent of CPU this job got: 168%
	Elapsed (wall clock) time (h:mm:ss or m:ss): 17:58.98
	Average shared text size (kbytes): 0
	Average unshared data size (kbytes): 0
	Average stack size (kbytes): 0
	Average total size (kbytes): 0
	Maximum resident set size (kbytes): 622464
	Average resident set size (kbytes): 0
	Major (requiring I/O) page faults: 215087
	Minor (reclaiming a frame) page faults: 41155036
	Voluntary context switches: 3911586
	Involuntary context switches: 1154473
	Swaps: 0
	File system inputs: 6906656
	File system outputs: 479680
	Socket messages sent: 0
	Socket messages received: 0
	Signals delivered: 0
	Page size (bytes): 4096
	Exit status: 0
