	Command being timed: "make -j65"
	User time (seconds): 7.24
	System time (seconds): 0.65
	Percent of CPU this job got: 51%
	Elapsed (wall clock) time (h:mm:ss or m:ss): 0:15.27
	Average shared text size (kbytes): 0
	Average unshared data size (kbytes): 0
	Average stack size (kbytes): 0
	Average total size (kbytes): 0
	Maximum resident set size (kbytes): 157056
	Average resident set size (kbytes): 0
	Major (requiring I/O) page faults: 0
	Minor (reclaiming a frame) page faults: 223284
	Voluntary context switches: 6724
	Involuntary context switches: 4106
	Swaps: 0
	File system inputs: 0
	File system outputs: 94864
	Socket messages sent: 0
	Socket messages received: 0
	Signals delivered: 0
	Page size (bytes): 4096
	Exit status: 0
