	Command being timed: "../pywren-sleep.py"
	User time (seconds): 17.78
	System time (seconds): 1.34
	Percent of CPU this job got: 33%
	Elapsed (wall clock) time (h:mm:ss or m:ss): 0:57.80
	Average shared text size (kbytes): 0
	Average unshared data size (kbytes): 0
	Average stack size (kbytes): 0
	Average total size (kbytes): 0
	Maximum resident set size (kbytes): 125500
	Average resident set size (kbytes): 0
	Major (requiring I/O) page faults: 0
	Minor (reclaiming a frame) page faults: 44231
	Voluntary context switches: 153023
	Involuntary context switches: 10667
	Swaps: 0
	File system inputs: 0
	File system outputs: 0
	Socket messages sent: 0
	Socket messages received: 0
	Signals delivered: 0
	Page size (bytes): 4096
	Exit status: 0
