	Command being timed: "make -j192 inkscape inkview"
	User time (seconds): 946.90
	System time (seconds): 359.25
	Percent of CPU this job got: 313%
	Elapsed (wall clock) time (h:mm:ss or m:ss): 6:56.67
	Average shared text size (kbytes): 0
	Average unshared data size (kbytes): 0
	Average stack size (kbytes): 0
	Average total size (kbytes): 0
	Maximum resident set size (kbytes): 622664
	Average resident set size (kbytes): 0
	Major (requiring I/O) page faults: 345
	Minor (reclaiming a frame) page faults: 27053205
	Voluntary context switches: 1169286
	Involuntary context switches: 1366401
	Swaps: 0
	File system inputs: 325088
	File system outputs: 413592
	Socket messages sent: 0
	Socket messages received: 0
	Signals delivered: 0
	Page size (bytes): 4096
	Exit status: 0
