	Command being timed: "gg-run make -j4"
	User time (seconds): 2.27
	System time (seconds): 0.68
	Percent of CPU this job got: 207%
	Elapsed (wall clock) time (h:mm:ss or m:ss): 0:01.42
	Average shared text size (kbytes): 0
	Average unshared data size (kbytes): 0
	Average stack size (kbytes): 0
	Average total size (kbytes): 0
	Maximum resident set size (kbytes): 45564
	Average resident set size (kbytes): 0
	Major (requiring I/O) page faults: 0
	Minor (reclaiming a frame) page faults: 141164
	Voluntary context switches: 1311
	Involuntary context switches: 553
	Swaps: 0
	File system inputs: 0
	File system outputs: 238384
	Socket messages sent: 0
	Socket messages received: 0
	Signals delivered: 0
	Page size (bytes): 4096
	Exit status: 0
