	Command being timed: "make -j65 llc"
	User time (seconds): 1255.49
	System time (seconds): 88.94
	Percent of CPU this job got: 321%
	Elapsed (wall clock) time (h:mm:ss or m:ss): 6:57.92
	Average shared text size (kbytes): 0
	Average unshared data size (kbytes): 0
	Average stack size (kbytes): 0
	Average total size (kbytes): 0
	Maximum resident set size (kbytes): 5261060
	Average resident set size (kbytes): 0
	Major (requiring I/O) page faults: 217
	Minor (reclaiming a frame) page faults: 12872750
	Voluntary context switches: 1236211
	Involuntary context switches: 1417724
	Swaps: 0
	File system inputs: 125752
	File system outputs: 28730280
	Socket messages sent: 0
	Socket messages received: 0
	Signals delivered: 0
	Page size (bytes): 4096
	Exit status: 0
