	Command being timed: "make -j65 llc"
	User time (seconds): 1253.34
	System time (seconds): 89.05
	Percent of CPU this job got: 316%
	Elapsed (wall clock) time (h:mm:ss or m:ss): 7:03.66
	Average shared text size (kbytes): 0
	Average unshared data size (kbytes): 0
	Average stack size (kbytes): 0
	Average total size (kbytes): 0
	Maximum resident set size (kbytes): 5261016
	Average resident set size (kbytes): 0
	Major (requiring I/O) page faults: 116
	Minor (reclaiming a frame) page faults: 12800027
	Voluntary context switches: 1226355
	Involuntary context switches: 1411856
	Swaps: 0
	File system inputs: 112128
	File system outputs: 28728264
	Socket messages sent: 0
	Socket messages received: 0
	Signals delivered: 0
	Page size (bytes): 4096
	Exit status: 0
