	Command being timed: "make -j65 llc"
	User time (seconds): 1263.91
	System time (seconds): 88.26
	Percent of CPU this job got: 319%
	Elapsed (wall clock) time (h:mm:ss or m:ss): 7:02.82
	Average shared text size (kbytes): 0
	Average unshared data size (kbytes): 0
	Average stack size (kbytes): 0
	Average total size (kbytes): 0
	Maximum resident set size (kbytes): 5261128
	Average resident set size (kbytes): 0
	Major (requiring I/O) page faults: 1
	Minor (reclaiming a frame) page faults: 13002703
	Voluntary context switches: 1220714
	Involuntary context switches: 1415324
	Swaps: 0
	File system inputs: 160
	File system outputs: 28750648
	Socket messages sent: 0
	Socket messages received: 0
	Signals delivered: 0
	Page size (bytes): 4096
	Exit status: 0
