	Command being timed: "make -j65 llc"
	User time (seconds): 1252.42
	System time (seconds): 88.02
	Percent of CPU this job got: 318%
	Elapsed (wall clock) time (h:mm:ss or m:ss): 7:01.22
	Average shared text size (kbytes): 0
	Average unshared data size (kbytes): 0
	Average stack size (kbytes): 0
	Average total size (kbytes): 0
	Maximum resident set size (kbytes): 5261208
	Average resident set size (kbytes): 0
	Major (requiring I/O) page faults: 0
	Minor (reclaiming a frame) page faults: 12798633
	Voluntary context switches: 1235539
	Involuntary context switches: 1408749
	Swaps: 0
	File system inputs: 32
	File system outputs: 28728264
	Socket messages sent: 0
	Socket messages received: 0
	Signals delivered: 0
	Page size (bytes): 4096
	Exit status: 0
