	Command being timed: "make -j65 llc"
	User time (seconds): 1256.95
	System time (seconds): 87.94
	Percent of CPU this job got: 319%
	Elapsed (wall clock) time (h:mm:ss or m:ss): 7:01.42
	Average shared text size (kbytes): 0
	Average unshared data size (kbytes): 0
	Average stack size (kbytes): 0
	Average total size (kbytes): 0
	Maximum resident set size (kbytes): 5261004
	Average resident set size (kbytes): 0
	Major (requiring I/O) page faults: 0
	Minor (reclaiming a frame) page faults: 12811535
	Voluntary context switches: 1228836
	Involuntary context switches: 1418685
	Swaps: 0
	File system inputs: 40
	File system outputs: 28733592
	Socket messages sent: 0
	Socket messages received: 0
	Signals delivered: 0
	Page size (bytes): 4096
	Exit status: 0
