	Command being timed: "make -j65 llc"
	User time (seconds): 1254.30
	System time (seconds): 88.09
	Percent of CPU this job got: 317%
	Elapsed (wall clock) time (h:mm:ss or m:ss): 7:03.07
	Average shared text size (kbytes): 0
	Average unshared data size (kbytes): 0
	Average stack size (kbytes): 0
	Average total size (kbytes): 0
	Maximum resident set size (kbytes): 5260936
	Average resident set size (kbytes): 0
	Major (requiring I/O) page faults: 0
	Minor (reclaiming a frame) page faults: 12793845
	Voluntary context switches: 1229353
	Involuntary context switches: 1417472
	Swaps: 0
	File system inputs: 32
	File system outputs: 28725576
	Socket messages sent: 0
	Socket messages received: 0
	Signals delivered: 0
	Page size (bytes): 4096
	Exit status: 0
