	Command being timed: "gg-run make -j64 cmake"
	User time (seconds): 36.29
	System time (seconds): 16.12
	Percent of CPU this job got: 516%
	Elapsed (wall clock) time (h:mm:ss or m:ss): 0:10.13
	Average shared text size (kbytes): 0
	Average unshared data size (kbytes): 0
	Average stack size (kbytes): 0
	Average total size (kbytes): 0
	Maximum resident set size (kbytes): 46288
	Average resident set size (kbytes): 0
	Major (requiring I/O) page faults: 0
	Minor (reclaiming a frame) page faults: 2052907
	Voluntary context switches: 40742
	Involuntary context switches: 7315
	Swaps: 0
	File system inputs: 52128
	File system outputs: 2512304
	Socket messages sent: 0
	Socket messages received: 0
	Signals delivered: 0
	Page size (bytes): 4096
	Exit status: 0
