	Command being timed: "gg-run make -j64 cmake"
	User time (seconds): 37.01
	System time (seconds): 18.74
	Percent of CPU this job got: 627%
	Elapsed (wall clock) time (h:mm:ss or m:ss): 0:08.88
	Average shared text size (kbytes): 0
	Average unshared data size (kbytes): 0
	Average stack size (kbytes): 0
	Average total size (kbytes): 0
	Maximum resident set size (kbytes): 46280
	Average resident set size (kbytes): 0
	Major (requiring I/O) page faults: 0
	Minor (reclaiming a frame) page faults: 2074269
	Voluntary context switches: 23700
	Involuntary context switches: 7430
	Swaps: 0
	File system inputs: 8
	File system outputs: 2775800
	Socket messages sent: 0
	Socket messages received: 0
	Signals delivered: 0
	Page size (bytes): 4096
	Exit status: 0
