	Command being timed: "gg-reduce bin/cmake"
	User time (seconds): 457.33
	System time (seconds): 38.06
	Percent of CPU this job got: 3387%
	Elapsed (wall clock) time (h:mm:ss or m:ss): 0:14.62
	Average shared text size (kbytes): 0
	Average unshared data size (kbytes): 0
	Average stack size (kbytes): 0
	Average total size (kbytes): 0
	Maximum resident set size (kbytes): 369676
	Average resident set size (kbytes): 0
	Major (requiring I/O) page faults: 0
	Minor (reclaiming a frame) page faults: 12262782
	Voluntary context switches: 20659
	Involuntary context switches: 8713
	Swaps: 0
	File system inputs: 64
	File system outputs: 1594240
	Socket messages sent: 0
	Socket messages received: 0
	Signals delivered: 0
	Page size (bytes): 4096
	Exit status: 0
