	Command being timed: "gg-run make -j64 cmake"
	User time (seconds): 37.08
	System time (seconds): 14.38
	Percent of CPU this job got: 572%
	Elapsed (wall clock) time (h:mm:ss or m:ss): 0:08.99
	Average shared text size (kbytes): 0
	Average unshared data size (kbytes): 0
	Average stack size (kbytes): 0
	Average total size (kbytes): 0
	Maximum resident set size (kbytes): 46244
	Average resident set size (kbytes): 0
	Major (requiring I/O) page faults: 0
	Minor (reclaiming a frame) page faults: 2070945
	Voluntary context switches: 24855
	Involuntary context switches: 7211
	Swaps: 0
	File system inputs: 16
	File system outputs: 2819080
	Socket messages sent: 0
	Socket messages received: 0
	Signals delivered: 0
	Page size (bytes): 4096
	Exit status: 0
