	Command being timed: "gg-run make -j64 cmake"
	User time (seconds): 36.84
	System time (seconds): 20.33
	Percent of CPU this job got: 676%
	Elapsed (wall clock) time (h:mm:ss or m:ss): 0:08.45
	Average shared text size (kbytes): 0
	Average unshared data size (kbytes): 0
	Average stack size (kbytes): 0
	Average total size (kbytes): 0
	Maximum resident set size (kbytes): 46300
	Average resident set size (kbytes): 0
	Major (requiring I/O) page faults: 0
	Minor (reclaiming a frame) page faults: 2054294
	Voluntary context switches: 21378
	Involuntary context switches: 7519
	Swaps: 0
	File system inputs: 16
	File system outputs: 2602056
	Socket messages sent: 0
	Socket messages received: 0
	Signals delivered: 0
	Page size (bytes): 4096
	Exit status: 0
