	Command being timed: "gg-run make -j64 cmake"
	User time (seconds): 36.71
	System time (seconds): 17.57
	Percent of CPU this job got: 600%
	Elapsed (wall clock) time (h:mm:ss or m:ss): 0:09.04
	Average shared text size (kbytes): 0
	Average unshared data size (kbytes): 0
	Average stack size (kbytes): 0
	Average total size (kbytes): 0
	Maximum resident set size (kbytes): 46272
	Average resident set size (kbytes): 0
	Major (requiring I/O) page faults: 0
	Minor (reclaiming a frame) page faults: 2072137
	Voluntary context switches: 25736
	Involuntary context switches: 7601
	Swaps: 0
	File system inputs: 0
	File system outputs: 2815664
	Socket messages sent: 0
	Socket messages received: 0
	Signals delivered: 0
	Page size (bytes): 4096
	Exit status: 0
