	Command being timed: "gg-run make -j64 cmake"
	User time (seconds): 37.22
	System time (seconds): 14.92
	Percent of CPU this job got: 594%
	Elapsed (wall clock) time (h:mm:ss or m:ss): 0:08.77
	Average shared text size (kbytes): 0
	Average unshared data size (kbytes): 0
	Average stack size (kbytes): 0
	Average total size (kbytes): 0
	Maximum resident set size (kbytes): 46060
	Average resident set size (kbytes): 0
	Major (requiring I/O) page faults: 0
	Minor (reclaiming a frame) page faults: 2069013
	Voluntary context switches: 26230
	Involuntary context switches: 7555
	Swaps: 0
	File system inputs: 0
	File system outputs: 2733160
	Socket messages sent: 0
	Socket messages received: 0
	Signals delivered: 0
	Page size (bytes): 4096
	Exit status: 0
