	Command being timed: "gg-reduce bin/cmake"
	User time (seconds): 457.30
	System time (seconds): 40.41
	Percent of CPU this job got: 3357%
	Elapsed (wall clock) time (h:mm:ss or m:ss): 0:14.82
	Average shared text size (kbytes): 0
	Average unshared data size (kbytes): 0
	Average stack size (kbytes): 0
	Average total size (kbytes): 0
	Maximum resident set size (kbytes): 370928
	Average resident set size (kbytes): 0
	Major (requiring I/O) page faults: 0
	Minor (reclaiming a frame) page faults: 12364948
	Voluntary context switches: 21525
	Involuntary context switches: 9241
	Swaps: 0
	File system inputs: 56
	File system outputs: 1594240
	Socket messages sent: 0
	Socket messages received: 0
	Signals delivered: 0
	Page size (bytes): 4096
	Exit status: 0
