	Command being timed: "make -j64"
	User time (seconds): 3280.38
	System time (seconds): 302.92
	Percent of CPU this job got: 3927%
	Elapsed (wall clock) time (h:mm:ss or m:ss): 1:31.24
	Average shared text size (kbytes): 0
	Average unshared data size (kbytes): 0
	Average stack size (kbytes): 0
	Average total size (kbytes): 0
	Maximum resident set size (kbytes): 586452
	Average resident set size (kbytes): 0
	Major (requiring I/O) page faults: 0
	Minor (reclaiming a frame) page faults: 51713227
	Voluntary context switches: 153180
	Involuntary context switches: 50033
	Swaps: 0
	File system inputs: 0
	File system outputs: 819000
	Socket messages sent: 0
	Socket messages received: 0
	Signals delivered: 0
	Page size (bytes): 4096
	Exit status: 0
