	Command being timed: "make -j64"
	User time (seconds): 3282.11
	System time (seconds): 304.66
	Percent of CPU this job got: 3925%
	Elapsed (wall clock) time (h:mm:ss or m:ss): 1:31.38
	Average shared text size (kbytes): 0
	Average unshared data size (kbytes): 0
	Average stack size (kbytes): 0
	Average total size (kbytes): 0
	Maximum resident set size (kbytes): 586196
	Average resident set size (kbytes): 0
	Major (requiring I/O) page faults: 0
	Minor (reclaiming a frame) page faults: 51844459
	Voluntary context switches: 158676
	Involuntary context switches: 50055
	Swaps: 0
	File system inputs: 0
	File system outputs: 819000
	Socket messages sent: 0
	Socket messages received: 0
	Signals delivered: 0
	Page size (bytes): 4096
	Exit status: 0
