	Command being timed: "make -j64"
	User time (seconds): 3277.96
	System time (seconds): 299.64
	Percent of CPU this job got: 3915%
	Elapsed (wall clock) time (h:mm:ss or m:ss): 1:31.36
	Average shared text size (kbytes): 0
	Average unshared data size (kbytes): 0
	Average stack size (kbytes): 0
	Average total size (kbytes): 0
	Maximum resident set size (kbytes): 586380
	Average resident set size (kbytes): 0
	Major (requiring I/O) page faults: 0
	Minor (reclaiming a frame) page faults: 51288745
	Voluntary context switches: 152365
	Involuntary context switches: 50750
	Swaps: 0
	File system inputs: 0
	File system outputs: 819000
	Socket messages sent: 0
	Socket messages received: 0
	Signals delivered: 0
	Page size (bytes): 4096
	Exit status: 0
