	Command being timed: "make -j64 cmake"
	User time (seconds): 454.08
	System time (seconds): 43.10
	Percent of CPU this job got: 2742%
	Elapsed (wall clock) time (h:mm:ss or m:ss): 0:18.12
	Average shared text size (kbytes): 0
	Average unshared data size (kbytes): 0
	Average stack size (kbytes): 0
	Average total size (kbytes): 0
	Maximum resident set size (kbytes): 376260
	Average resident set size (kbytes): 0
	Major (requiring I/O) page faults: 0
	Minor (reclaiming a frame) page faults: 11635273
	Voluntary context switches: 19100
	Involuntary context switches: 13651
	Swaps: 0
	File system inputs: 0
	File system outputs: 1659192
	Socket messages sent: 0
	Socket messages received: 0
	Signals delivered: 0
	Page size (bytes): 4096
	Exit status: 0
