	Command being timed: "make -j64 cmake"
	User time (seconds): 409.44
	System time (seconds): 36.18
	Percent of CPU this job got: 2598%
	Elapsed (wall clock) time (h:mm:ss or m:ss): 0:17.14
	Average shared text size (kbytes): 0
	Average unshared data size (kbytes): 0
	Average stack size (kbytes): 0
	Average total size (kbytes): 0
	Maximum resident set size (kbytes): 375376
	Average resident set size (kbytes): 0
	Major (requiring I/O) page faults: 0
	Minor (reclaiming a frame) page faults: 10691678
	Voluntary context switches: 18658
	Involuntary context switches: 8611
	Swaps: 0
	File system inputs: 8
	File system outputs: 640728
	Socket messages sent: 0
	Socket messages received: 0
	Signals delivered: 0
	Page size (bytes): 4096
	Exit status: 0
