	Command being timed: "make -j64 cmake"
	User time (seconds): 454.39
	System time (seconds): 42.20
	Percent of CPU this job got: 2783%
	Elapsed (wall clock) time (h:mm:ss or m:ss): 0:17.84
	Average shared text size (kbytes): 0
	Average unshared data size (kbytes): 0
	Average stack size (kbytes): 0
	Average total size (kbytes): 0
	Maximum resident set size (kbytes): 376072
	Average resident set size (kbytes): 0
	Major (requiring I/O) page faults: 0
	Minor (reclaiming a frame) page faults: 11647458
	Voluntary context switches: 20645
	Involuntary context switches: 13971
	Swaps: 0
	File system inputs: 0
	File system outputs: 1659112
	Socket messages sent: 0
	Socket messages received: 0
	Signals delivered: 0
	Page size (bytes): 4096
	Exit status: 0
