	Command being timed: "make -j64 cmake"
	User time (seconds): 410.29
	System time (seconds): 35.15
	Percent of CPU this job got: 2650%
	Elapsed (wall clock) time (h:mm:ss or m:ss): 0:16.80
	Average shared text size (kbytes): 0
	Average unshared data size (kbytes): 0
	Average stack size (kbytes): 0
	Average total size (kbytes): 0
	Maximum resident set size (kbytes): 376984
	Average resident set size (kbytes): 0
	Major (requiring I/O) page faults: 0
	Minor (reclaiming a frame) page faults: 10585032
	Voluntary context switches: 18635
	Involuntary context switches: 8685
	Swaps: 0
	File system inputs: 0
	File system outputs: 632120
	Socket messages sent: 0
	Socket messages received: 0
	Signals delivered: 0
	Page size (bytes): 4096
	Exit status: 0
