	Command being timed: "make -j64 cmake"
	User time (seconds): 411.50
	System time (seconds): 36.73
	Percent of CPU this job got: 2640%
	Elapsed (wall clock) time (h:mm:ss or m:ss): 0:16.97
	Average shared text size (kbytes): 0
	Average unshared data size (kbytes): 0
	Average stack size (kbytes): 0
	Average total size (kbytes): 0
	Maximum resident set size (kbytes): 375916
	Average resident set size (kbytes): 0
	Major (requiring I/O) page faults: 0
	Minor (reclaiming a frame) page faults: 10691047
	Voluntary context switches: 20535
	Involuntary context switches: 8613
	Swaps: 0
	File system inputs: 0
	File system outputs: 632120
	Socket messages sent: 0
	Socket messages received: 0
	Signals delivered: 0
	Page size (bytes): 4096
	Exit status: 0
