	Command being timed: "make -j64 cmake"
	User time (seconds): 411.50
	System time (seconds): 34.72
	Percent of CPU this job got: 2671%
	Elapsed (wall clock) time (h:mm:ss or m:ss): 0:16.70
	Average shared text size (kbytes): 0
	Average unshared data size (kbytes): 0
	Average stack size (kbytes): 0
	Average total size (kbytes): 0
	Maximum resident set size (kbytes): 375712
	Average resident set size (kbytes): 0
	Major (requiring I/O) page faults: 0
	Minor (reclaiming a frame) page faults: 10567295
	Voluntary context switches: 17813
	Involuntary context switches: 8813
	Swaps: 0
	File system inputs: 0
	File system outputs: 632120
	Socket messages sent: 0
	Socket messages received: 0
	Signals delivered: 0
	Page size (bytes): 4096
	Exit status: 0
