	Command being timed: "make -j64 cmake"
	User time (seconds): 452.57
	System time (seconds): 44.01
	Percent of CPU this job got: 2768%
	Elapsed (wall clock) time (h:mm:ss or m:ss): 0:17.93
	Average shared text size (kbytes): 0
	Average unshared data size (kbytes): 0
	Average stack size (kbytes): 0
	Average total size (kbytes): 0
	Maximum resident set size (kbytes): 377228
	Average resident set size (kbytes): 0
	Major (requiring I/O) page faults: 0
	Minor (reclaiming a frame) page faults: 11728848
	Voluntary context switches: 22050
	Involuntary context switches: 13876
	Swaps: 0
	File system inputs: 0
	File system outputs: 1659152
	Socket messages sent: 0
	Socket messages received: 0
	Signals delivered: 0
	Page size (bytes): 4096
	Exit status: 0
