	Command being timed: "make -j64 cmake"
	User time (seconds): 8.61
	System time (seconds): 2.84
	Percent of CPU this job got: 330%
	Elapsed (wall clock) time (h:mm:ss or m:ss): 0:03.46
	Average shared text size (kbytes): 0
	Average unshared data size (kbytes): 0
	Average stack size (kbytes): 0
	Average total size (kbytes): 0
	Maximum resident set size (kbytes): 214008
	Average resident set size (kbytes): 0
	Major (requiring I/O) page faults: 0
	Minor (reclaiming a frame) page faults: 866458
	Voluntary context switches: 4450
	Involuntary context switches: 2367
	Swaps: 0
	File system inputs: 0
	File system outputs: 411760
	Socket messages sent: 0
	Socket messages received: 0
	Signals delivered: 0
	Page size (bytes): 4096
	Exit status: 0
