	Command being timed: "gg-run make -j64 clang"
	User time (seconds): 1959.63
	System time (seconds): 177.52
	Percent of CPU this job got: 1028%
	Elapsed (wall clock) time (h:mm:ss or m:ss): 3:27.70
	Average shared text size (kbytes): 0
	Average unshared data size (kbytes): 0
	Average stack size (kbytes): 0
	Average total size (kbytes): 0
	Maximum resident set size (kbytes): 387596
	Average resident set size (kbytes): 0
	Major (requiring I/O) page faults: 0
	Minor (reclaiming a frame) page faults: 46514118
	Voluntary context switches: 96573
	Involuntary context switches: 77747
	Swaps: 0
	File system inputs: 48
	File system outputs: 5553664
	Socket messages sent: 0
	Socket messages received: 0
	Signals delivered: 0
	Page size (bytes): 4096
	Exit status: 0
