	Command being timed: "gg-run make -j64 clang"
	User time (seconds): 4133.41
	System time (seconds): 328.31
	Percent of CPU this job got: 1989%
	Elapsed (wall clock) time (h:mm:ss or m:ss): 3:44.23
	Average shared text size (kbytes): 0
	Average unshared data size (kbytes): 0
	Average stack size (kbytes): 0
	Average total size (kbytes): 0
	Maximum resident set size (kbytes): 387508
	Average resident set size (kbytes): 0
	Major (requiring I/O) page faults: 0
	Minor (reclaiming a frame) page faults: 88805756
	Voluntary context switches: 201794
	Involuntary context switches: 222963
	Swaps: 0
	File system inputs: 0
	File system outputs: 11947104
	Socket messages sent: 0
	Socket messages received: 0
	Signals delivered: 0
	Page size (bytes): 4096
	Exit status: 0
