	Command being timed: "gg-reduce bin/clang"
	User time (seconds): 13067.63
	System time (seconds): 959.84
	Percent of CPU this job got: 5818%
	Elapsed (wall clock) time (h:mm:ss or m:ss): 4:01.06
	Average shared text size (kbytes): 0
	Average unshared data size (kbytes): 0
	Average stack size (kbytes): 0
	Average total size (kbytes): 0
	Maximum resident set size (kbytes): 1124752
	Average resident set size (kbytes): 0
	Major (requiring I/O) page faults: 0
	Minor (reclaiming a frame) page faults: 199189198
	Voluntary context switches: 513080
	Involuntary context switches: 77671
	Swaps: 0
	File system inputs: 8
	File system outputs: 14340904
	Socket messages sent: 0
	Socket messages received: 0
	Signals delivered: 0
	Page size (bytes): 4096
	Exit status: 0
