	Command being timed: "gg-run make -j64 clang"
	User time (seconds): 4235.69
	System time (seconds): 336.58
	Percent of CPU this job got: 2014%
	Elapsed (wall clock) time (h:mm:ss or m:ss): 3:46.98
	Average shared text size (kbytes): 0
	Average unshared data size (kbytes): 0
	Average stack size (kbytes): 0
	Average total size (kbytes): 0
	Maximum resident set size (kbytes): 387584
	Average resident set size (kbytes): 0
	Major (requiring I/O) page faults: 0
	Minor (reclaiming a frame) page faults: 90655051
	Voluntary context switches: 207156
	Involuntary context switches: 236442
	Swaps: 0
	File system inputs: 0
	File system outputs: 12631744
	Socket messages sent: 0
	Socket messages received: 0
	Signals delivered: 0
	Page size (bytes): 4096
	Exit status: 0
