	Command being timed: "gg-reduce bin/clang"
	User time (seconds): 13052.43
	System time (seconds): 935.31
	Percent of CPU this job got: 5816%
	Elapsed (wall clock) time (h:mm:ss or m:ss): 4:00.46
	Average shared text size (kbytes): 0
	Average unshared data size (kbytes): 0
	Average stack size (kbytes): 0
	Average total size (kbytes): 0
	Maximum resident set size (kbytes): 1124756
	Average resident set size (kbytes): 0
	Major (requiring I/O) page faults: 0
	Minor (reclaiming a frame) page faults: 197434795
	Voluntary context switches: 501181
	Involuntary context switches: 76076
	Swaps: 0
	File system inputs: 24
	File system outputs: 14340904
	Socket messages sent: 0
	Socket messages received: 0
	Signals delivered: 0
	Page size (bytes): 4096
	Exit status: 0
