	Command being timed: "gg-reduce bin/cmake"
	User time (seconds): 450.87
	System time (seconds): 40.92
	Percent of CPU this job got: 3518%
	Elapsed (wall clock) time (h:mm:ss or m:ss): 0:13.97
	Average shared text size (kbytes): 0
	Average unshared data size (kbytes): 0
	Average stack size (kbytes): 0
	Average total size (kbytes): 0
	Maximum resident set size (kbytes): 371048
	Average resident set size (kbytes): 0
	Major (requiring I/O) page faults: 0
	Minor (reclaiming a frame) page faults: 12344838
	Voluntary context switches: 18551
	Involuntary context switches: 10300
	Swaps: 0
	File system inputs: 40
	File system outputs: 1594240
	Socket messages sent: 0
	Socket messages received: 0
	Signals delivered: 0
	Page size (bytes): 4096
	Exit status: 0
