	Command being timed: "gg-run make -j64 cmake"
	User time (seconds): 34.96
	System time (seconds): 8.93
	Percent of CPU this job got: 2421%
	Elapsed (wall clock) time (h:mm:ss or m:ss): 0:01.81
	Average shared text size (kbytes): 0
	Average unshared data size (kbytes): 0
	Average stack size (kbytes): 0
	Average total size (kbytes): 0
	Maximum resident set size (kbytes): 21596
	Average resident set size (kbytes): 0
	Major (requiring I/O) page faults: 0
	Minor (reclaiming a frame) page faults: 1878086
	Voluntary context switches: 11469
	Involuntary context switches: 9101
	Swaps: 0
	File system inputs: 0
	File system outputs: 69248
	Socket messages sent: 0
	Socket messages received: 0
	Signals delivered: 0
	Page size (bytes): 4096
	Exit status: 0
