	Command being timed: "gg-run make -j64 cmake"
	User time (seconds): 33.88
	System time (seconds): 11.35
	Percent of CPU this job got: 1004%
	Elapsed (wall clock) time (h:mm:ss or m:ss): 0:04.50
	Average shared text size (kbytes): 0
	Average unshared data size (kbytes): 0
	Average stack size (kbytes): 0
	Average total size (kbytes): 0
	Maximum resident set size (kbytes): 46284
	Average resident set size (kbytes): 0
	Major (requiring I/O) page faults: 0
	Minor (reclaiming a frame) page faults: 1965651
	Voluntary context switches: 30663
	Involuntary context switches: 7758
	Swaps: 0
	File system inputs: 448
	File system outputs: 1375816
	Socket messages sent: 0
	Socket messages received: 0
	Signals delivered: 0
	Page size (bytes): 4096
	Exit status: 0
