	Command being timed: "gg-run make -j64 cmake"
	User time (seconds): 35.32
	System time (seconds): 12.40
	Percent of CPU this job got: 710%
	Elapsed (wall clock) time (h:mm:ss or m:ss): 0:06.71
	Average shared text size (kbytes): 0
	Average unshared data size (kbytes): 0
	Average stack size (kbytes): 0
	Average total size (kbytes): 0
	Maximum resident set size (kbytes): 46144
	Average resident set size (kbytes): 0
	Major (requiring I/O) page faults: 0
	Minor (reclaiming a frame) page faults: 2017712
	Voluntary context switches: 28017
	Involuntary context switches: 7522
	Swaps: 0
	File system inputs: 0
	File system outputs: 2038072
	Socket messages sent: 0
	Socket messages received: 0
	Signals delivered: 0
	Page size (bytes): 4096
	Exit status: 0
