	Command being timed: "gg-run make -j64 cmake"
	User time (seconds): 35.24
	System time (seconds): 8.80
	Percent of CPU this job got: 2414%
	Elapsed (wall clock) time (h:mm:ss or m:ss): 0:01.82
	Average shared text size (kbytes): 0
	Average unshared data size (kbytes): 0
	Average stack size (kbytes): 0
	Average total size (kbytes): 0
	Maximum resident set size (kbytes): 21272
	Average resident set size (kbytes): 0
	Major (requiring I/O) page faults: 0
	Minor (reclaiming a frame) page faults: 1878708
	Voluntary context switches: 11349
	Involuntary context switches: 8882
	Swaps: 0
	File system inputs: 0
	File system outputs: 69248
	Socket messages sent: 0
	Socket messages received: 0
	Signals delivered: 0
	Page size (bytes): 4096
	Exit status: 0
