	Command being timed: "gg-reduce bin/cmake"
	User time (seconds): 449.40
	System time (seconds): 41.01
	Percent of CPU this job got: 3474%
	Elapsed (wall clock) time (h:mm:ss or m:ss): 0:14.11
	Average shared text size (kbytes): 0
	Average unshared data size (kbytes): 0
	Average stack size (kbytes): 0
	Average total size (kbytes): 0
	Maximum resident set size (kbytes): 370796
	Average resident set size (kbytes): 0
	Major (requiring I/O) page faults: 0
	Minor (reclaiming a frame) page faults: 12338606
	Voluntary context switches: 18713
	Involuntary context switches: 10048
	Swaps: 0
	File system inputs: 16
	File system outputs: 1594240
	Socket messages sent: 0
	Socket messages received: 0
	Signals delivered: 0
	Page size (bytes): 4096
	Exit status: 0
