	Command being timed: "gg-run make -j64 cmake"
	User time (seconds): 37.31
	System time (seconds): 22.10
	Percent of CPU this job got: 674%
	Elapsed (wall clock) time (h:mm:ss or m:ss): 0:08.81
	Average shared text size (kbytes): 0
	Average unshared data size (kbytes): 0
	Average stack size (kbytes): 0
	Average total size (kbytes): 0
	Maximum resident set size (kbytes): 45996
	Average resident set size (kbytes): 0
	Major (requiring I/O) page faults: 0
	Minor (reclaiming a frame) page faults: 2062737
	Voluntary context switches: 25961
	Involuntary context switches: 7639
	Swaps: 0
	File system inputs: 0
	File system outputs: 2715088
	Socket messages sent: 0
	Socket messages received: 0
	Signals delivered: 0
	Page size (bytes): 4096
	Exit status: 0
