	Command being timed: "gg-run make -j64 cmake"
	User time (seconds): 35.59
	System time (seconds): 8.43
	Percent of CPU this job got: 2399%
	Elapsed (wall clock) time (h:mm:ss or m:ss): 0:01.83
	Average shared text size (kbytes): 0
	Average unshared data size (kbytes): 0
	Average stack size (kbytes): 0
	Average total size (kbytes): 0
	Maximum resident set size (kbytes): 21404
	Average resident set size (kbytes): 0
	Major (requiring I/O) page faults: 0
	Minor (reclaiming a frame) page faults: 1879130
	Voluntary context switches: 10331
	Involuntary context switches: 8249
	Swaps: 0
	File system inputs: 0
	File system outputs: 69320
	Socket messages sent: 0
	Socket messages received: 0
	Signals delivered: 0
	Page size (bytes): 4096
	Exit status: 0
