	Command being timed: "gg-reduce bin/cmake"
	User time (seconds): 458.06
	System time (seconds): 41.34
	Percent of CPU this job got: 3447%
	Elapsed (wall clock) time (h:mm:ss or m:ss): 0:14.48
	Average shared text size (kbytes): 0
	Average unshared data size (kbytes): 0
	Average stack size (kbytes): 0
	Average total size (kbytes): 0
	Maximum resident set size (kbytes): 370280
	Average resident set size (kbytes): 0
	Major (requiring I/O) page faults: 0
	Minor (reclaiming a frame) page faults: 12484412
	Voluntary context switches: 21240
	Involuntary context switches: 9330
	Swaps: 0
	File system inputs: 8
	File system outputs: 1594240
	Socket messages sent: 0
	Socket messages received: 0
	Signals delivered: 0
	Page size (bytes): 4096
	Exit status: 0
