	Command being timed: "gg-run make -j64 llc"
	User time (seconds): 1698.52
	System time (seconds): 132.26
	Percent of CPU this job got: 2278%
	Elapsed (wall clock) time (h:mm:ss or m:ss): 1:20.36
	Average shared text size (kbytes): 0
	Average unshared data size (kbytes): 0
	Average stack size (kbytes): 0
	Average total size (kbytes): 0
	Maximum resident set size (kbytes): 478656
	Average resident set size (kbytes): 0
	Major (requiring I/O) page faults: 0
	Minor (reclaiming a frame) page faults: 30294617
	Voluntary context switches: 78595
	Involuntary context switches: 65851
	Swaps: 0
	File system inputs: 0
	File system outputs: 5705480
	Socket messages sent: 0
	Socket messages received: 0
	Signals delivered: 0
	Page size (bytes): 4096
	Exit status: 0
