	Command being timed: "gg-run make -j64 llc"
	User time (seconds): 877.97
	System time (seconds): 61.34
	Percent of CPU this job got: 1815%
	Elapsed (wall clock) time (h:mm:ss or m:ss): 0:51.73
	Average shared text size (kbytes): 0
	Average unshared data size (kbytes): 0
	Average stack size (kbytes): 0
	Average total size (kbytes): 0
	Maximum resident set size (kbytes): 356468
	Average resident set size (kbytes): 0
	Major (requiring I/O) page faults: 0
	Minor (reclaiming a frame) page faults: 11487586
	Voluntary context switches: 39295
	Involuntary context switches: 35831
	Swaps: 0
	File system inputs: 0
	File system outputs: 1175104
	Socket messages sent: 0
	Socket messages received: 0
	Signals delivered: 0
	Page size (bytes): 4096
	Exit status: 0
