	Command being timed: "gg-reduce bin/llc"
	User time (seconds): 9918.05
	System time (seconds): 841.10
	Percent of CPU this job got: 4086%
	Elapsed (wall clock) time (h:mm:ss or m:ss): 4:23.29
	Average shared text size (kbytes): 0
	Average unshared data size (kbytes): 0
	Average stack size (kbytes): 0
	Average total size (kbytes): 0
	Maximum resident set size (kbytes): 4643116
	Average resident set size (kbytes): 0
	Major (requiring I/O) page faults: 0
	Minor (reclaiming a frame) page faults: 169894346
	Voluntary context switches: 619514
	Involuntary context switches: 74370
	Swaps: 0
	File system inputs: 24
	File system outputs: 42932496
	Socket messages sent: 0
	Socket messages received: 0
	Signals delivered: 0
	Page size (bytes): 4096
	Exit status: 0
