	Command being timed: "gg-run make -j64 llc"
	User time (seconds): 885.40
	System time (seconds): 60.70
	Percent of CPU this job got: 1932%
	Elapsed (wall clock) time (h:mm:ss or m:ss): 0:48.96
	Average shared text size (kbytes): 0
	Average unshared data size (kbytes): 0
	Average stack size (kbytes): 0
	Average total size (kbytes): 0
	Maximum resident set size (kbytes): 357228
	Average resident set size (kbytes): 0
	Major (requiring I/O) page faults: 0
	Minor (reclaiming a frame) page faults: 11489302
	Voluntary context switches: 40012
	Involuntary context switches: 35824
	Swaps: 0
	File system inputs: 0
	File system outputs: 1175032
	Socket messages sent: 0
	Socket messages received: 0
	Signals delivered: 0
	Page size (bytes): 4096
	Exit status: 0
