	Command being timed: "gg-run make -j64 llc"
	User time (seconds): 1700.49
	System time (seconds): 129.68
	Percent of CPU this job got: 2287%
	Elapsed (wall clock) time (h:mm:ss or m:ss): 1:19.99
	Average shared text size (kbytes): 0
	Average unshared data size (kbytes): 0
	Average stack size (kbytes): 0
	Average total size (kbytes): 0
	Maximum resident set size (kbytes): 478648
	Average resident set size (kbytes): 0
	Major (requiring I/O) page faults: 0
	Minor (reclaiming a frame) page faults: 30036525
	Voluntary context switches: 80454
	Involuntary context switches: 64484
	Swaps: 0
	File system inputs: 0
	File system outputs: 6188376
	Socket messages sent: 0
	Socket messages received: 0
	Signals delivered: 0
	Page size (bytes): 4096
	Exit status: 0
