	Command being timed: "gg-run make -j64 llc"
	User time (seconds): 1706.32
	System time (seconds): 132.10
	Percent of CPU this job got: 2290%
	Elapsed (wall clock) time (h:mm:ss or m:ss): 1:20.27
	Average shared text size (kbytes): 0
	Average unshared data size (kbytes): 0
	Average stack size (kbytes): 0
	Average total size (kbytes): 0
	Maximum resident set size (kbytes): 478664
	Average resident set size (kbytes): 0
	Major (requiring I/O) page faults: 0
	Minor (reclaiming a frame) page faults: 30184365
	Voluntary context switches: 79881
	Involuntary context switches: 66783
	Swaps: 0
	File system inputs: 0
	File system outputs: 5787712
	Socket messages sent: 0
	Socket messages received: 0
	Signals delivered: 0
	Page size (bytes): 4096
	Exit status: 0
