	Command being timed: "gg-reduce bin/llc"
	User time (seconds): 9616.16
	System time (seconds): 774.68
	Percent of CPU this job got: 4049%
	Elapsed (wall clock) time (h:mm:ss or m:ss): 4:16.62
	Average shared text size (kbytes): 0
	Average unshared data size (kbytes): 0
	Average stack size (kbytes): 0
	Average total size (kbytes): 0
	Maximum resident set size (kbytes): 4642148
	Average resident set size (kbytes): 0
	Major (requiring I/O) page faults: 0
	Minor (reclaiming a frame) page faults: 165928548
	Voluntary context switches: 620568
	Involuntary context switches: 76229
	Swaps: 0
	File system inputs: 24
	File system outputs: 42930032
	Socket messages sent: 0
	Socket messages received: 0
	Signals delivered: 0
	Page size (bytes): 4096
	Exit status: 0
