	Command being timed: "gg-run make -j64 llc"
	User time (seconds): 879.50
	System time (seconds): 60.80
	Percent of CPU this job got: 1848%
	Elapsed (wall clock) time (h:mm:ss or m:ss): 0:50.86
	Average shared text size (kbytes): 0
	Average unshared data size (kbytes): 0
	Average stack size (kbytes): 0
	Average total size (kbytes): 0
	Maximum resident set size (kbytes): 357384
	Average resident set size (kbytes): 0
	Major (requiring I/O) page faults: 0
	Minor (reclaiming a frame) page faults: 11409103
	Voluntary context switches: 40075
	Involuntary context switches: 36028
	Swaps: 0
	File system inputs: 8
	File system outputs: 1175096
	Socket messages sent: 0
	Socket messages received: 0
	Signals delivered: 0
	Page size (bytes): 4096
	Exit status: 0
