	Command being timed: "gg-reduce bin/llc"
	User time (seconds): 9624.80
	System time (seconds): 809.75
	Percent of CPU this job got: 4058%
	Elapsed (wall clock) time (h:mm:ss or m:ss): 4:17.07
	Average shared text size (kbytes): 0
	Average unshared data size (kbytes): 0
	Average stack size (kbytes): 0
	Average total size (kbytes): 0
	Maximum resident set size (kbytes): 4642340
	Average resident set size (kbytes): 0
	Major (requiring I/O) page faults: 0
	Minor (reclaiming a frame) page faults: 168840215
	Voluntary context switches: 636704
	Involuntary context switches: 75323
	Swaps: 0
	File system inputs: 24
	File system outputs: 42930392
	Socket messages sent: 0
	Socket messages received: 0
	Signals delivered: 0
	Page size (bytes): 4096
	Exit status: 0
