	Command being timed: "gg-run make -j64 llc"
	User time (seconds): 1719.50
	System time (seconds): 131.32
	Percent of CPU this job got: 2550%
	Elapsed (wall clock) time (h:mm:ss or m:ss): 1:12.55
	Average shared text size (kbytes): 0
	Average unshared data size (kbytes): 0
	Average stack size (kbytes): 0
	Average total size (kbytes): 0
	Maximum resident set size (kbytes): 478656
	Average resident set size (kbytes): 0
	Major (requiring I/O) page faults: 0
	Minor (reclaiming a frame) page faults: 30136026
	Voluntary context switches: 73362
	Involuntary context switches: 66330
	Swaps: 0
	File system inputs: 0
	File system outputs: 5721880
	Socket messages sent: 0
	Socket messages received: 0
	Signals delivered: 0
	Page size (bytes): 4096
	Exit status: 0
