	Command being timed: "gg-run make -j64 llc"
	User time (seconds): 880.77
	System time (seconds): 62.46
	Percent of CPU this job got: 1824%
	Elapsed (wall clock) time (h:mm:ss or m:ss): 0:51.70
	Average shared text size (kbytes): 0
	Average unshared data size (kbytes): 0
	Average stack size (kbytes): 0
	Average total size (kbytes): 0
	Maximum resident set size (kbytes): 356808
	Average resident set size (kbytes): 0
	Major (requiring I/O) page faults: 0
	Minor (reclaiming a frame) page faults: 11510013
	Voluntary context switches: 40042
	Involuntary context switches: 36400
	Swaps: 0
	File system inputs: 0
	File system outputs: 1175088
	Socket messages sent: 0
	Socket messages received: 0
	Signals delivered: 0
	Page size (bytes): 4096
	Exit status: 0
