	Command being timed: "gg-run make -j64 llc"
	User time (seconds): 889.72
	System time (seconds): 61.12
	Percent of CPU this job got: 1954%
	Elapsed (wall clock) time (h:mm:ss or m:ss): 0:48.64
	Average shared text size (kbytes): 0
	Average unshared data size (kbytes): 0
	Average stack size (kbytes): 0
	Average total size (kbytes): 0
	Maximum resident set size (kbytes): 355808
	Average resident set size (kbytes): 0
	Major (requiring I/O) page faults: 0
	Minor (reclaiming a frame) page faults: 11327002
	Voluntary context switches: 39916
	Involuntary context switches: 36325
	Swaps: 0
	File system inputs: 0
	File system outputs: 1175056
	Socket messages sent: 0
	Socket messages received: 0
	Signals delivered: 0
	Page size (bytes): 4096
	Exit status: 0
