	Command being timed: "gg-reduce bin/llc"
	User time (seconds): 9623.95
	System time (seconds): 815.99
	Percent of CPU this job got: 4062%
	Elapsed (wall clock) time (h:mm:ss or m:ss): 4:17.00
	Average shared text size (kbytes): 0
	Average unshared data size (kbytes): 0
	Average stack size (kbytes): 0
	Average total size (kbytes): 0
	Maximum resident set size (kbytes): 4642612
	Average resident set size (kbytes): 0
	Major (requiring I/O) page faults: 0
	Minor (reclaiming a frame) page faults: 169751179
	Voluntary context switches: 642081
	Involuntary context switches: 75233
	Swaps: 0
	File system inputs: 0
	File system outputs: 42932256
	Socket messages sent: 0
	Socket messages received: 0
	Signals delivered: 0
	Page size (bytes): 4096
	Exit status: 0
