	Command being timed: "gg-run make -j64 llc"
	User time (seconds): 888.98
	System time (seconds): 60.78
	Percent of CPU this job got: 1880%
	Elapsed (wall clock) time (h:mm:ss or m:ss): 0:50.49
	Average shared text size (kbytes): 0
	Average unshared data size (kbytes): 0
	Average stack size (kbytes): 0
	Average total size (kbytes): 0
	Maximum resident set size (kbytes): 357148
	Average resident set size (kbytes): 0
	Major (requiring I/O) page faults: 0
	Minor (reclaiming a frame) page faults: 11226327
	Voluntary context switches: 39814
	Involuntary context switches: 36756
	Swaps: 0
	File system inputs: 8
	File system outputs: 1175040
	Socket messages sent: 0
	Socket messages received: 0
	Signals delivered: 0
	Page size (bytes): 4096
	Exit status: 0
