	Command being timed: "gg-reduce bin/llc"
	User time (seconds): 1.15
	System time (seconds): 1.76
	Percent of CPU this job got: 39%
	Elapsed (wall clock) time (h:mm:ss or m:ss): 0:07.35
	Average shared text size (kbytes): 0
	Average unshared data size (kbytes): 0
	Average stack size (kbytes): 0
	Average total size (kbytes): 0
	Maximum resident set size (kbytes): 1236336
	Average resident set size (kbytes): 0
	Major (requiring I/O) page faults: 0
	Minor (reclaiming a frame) page faults: 50579
	Voluntary context switches: 2279
	Involuntary context switches: 30
	Swaps: 0
	File system inputs: 0
	File system outputs: 1915432
	Socket messages sent: 0
	Socket messages received: 0
	Signals delivered: 0
	Page size (bytes): 4096
	Exit status: 0
