	Command being timed: "gg-reduce bin/llc"
	User time (seconds): 9626.31
	System time (seconds): 825.97
	Percent of CPU this job got: 4040%
	Elapsed (wall clock) time (h:mm:ss or m:ss): 4:18.70
	Average shared text size (kbytes): 0
	Average unshared data size (kbytes): 0
	Average stack size (kbytes): 0
	Average total size (kbytes): 0
	Maximum resident set size (kbytes): 4641788
	Average resident set size (kbytes): 0
	Major (requiring I/O) page faults: 0
	Minor (reclaiming a frame) page faults: 169978687
	Voluntary context switches: 623808
	Involuntary context switches: 74584
	Swaps: 0
	File system inputs: 16
	File system outputs: 42930616
	Socket messages sent: 0
	Socket messages received: 0
	Signals delivered: 0
	Page size (bytes): 4096
	Exit status: 0
