	Command being timed: "gg-reduce bin/llc"
	User time (seconds): 1.17
	System time (seconds): 1.72
	Percent of CPU this job got: 40%
	Elapsed (wall clock) time (h:mm:ss or m:ss): 0:07.25
	Average shared text size (kbytes): 0
	Average unshared data size (kbytes): 0
	Average stack size (kbytes): 0
	Average total size (kbytes): 0
	Maximum resident set size (kbytes): 1236284
	Average resident set size (kbytes): 0
	Major (requiring I/O) page faults: 0
	Minor (reclaiming a frame) page faults: 50584
	Voluntary context switches: 2245
	Involuntary context switches: 28
	Swaps: 0
	File system inputs: 0
	File system outputs: 1915432
	Socket messages sent: 0
	Socket messages received: 0
	Signals delivered: 0
	Page size (bytes): 4096
	Exit status: 0
