	Command being timed: "ninja -j49 chrome"
	User time (seconds): 8516.19
	System time (seconds): 1350.39
	Percent of CPU this job got: 357%
	Elapsed (wall clock) time (h:mm:ss or m:ss): 46:00.67
	Average shared text size (kbytes): 0
	Average unshared data size (kbytes): 0
	Average stack size (kbytes): 0
	Average total size (kbytes): 0
	Maximum resident set size (kbytes): 2596280
	Average resident set size (kbytes): 0
	Major (requiring I/O) page faults: 43
	Minor (reclaiming a frame) page faults: 183902843
	Voluntary context switches: 23586440
	Involuntary context switches: 22424064
	Swaps: 0
	File system inputs: 79256
	File system outputs: 5788960
	Socket messages sent: 0
	Socket messages received: 0
	Signals delivered: 0
	Page size (bytes): 4096
	Exit status: 0
