	Command being timed: "make -j64 ssh sshd scp sftp ssh-keygen ssh-agent"
	User time (seconds): 47.47
	System time (seconds): 4.50
	Percent of CPU this job got: 3226%
	Elapsed (wall clock) time (h:mm:ss or m:ss): 0:01.61
	Average shared text size (kbytes): 0
	Average unshared data size (kbytes): 0
	Average stack size (kbytes): 0
	Average total size (kbytes): 0
	Maximum resident set size (kbytes): 57976
	Average resident set size (kbytes): 0
	Major (requiring I/O) page faults: 0
	Minor (reclaiming a frame) page faults: 1415518
	Voluntary context switches: 1815
	Involuntary context switches: 1611
	Swaps: 0
	File system inputs: 0
	File system outputs: 110880
	Socket messages sent: 0
	Socket messages received: 0
	Signals delivered: 0
	Page size (bytes): 4096
	Exit status: 0
