	Command being timed: "gg-run make -j4 llc"
	User time (seconds): 941.02
	System time (seconds): 58.15
	Percent of CPU this job got: 354%
	Elapsed (wall clock) time (h:mm:ss or m:ss): 4:42.15
	Average shared text size (kbytes): 0
	Average unshared data size (kbytes): 0
	Average stack size (kbytes): 0
	Average total size (kbytes): 0
	Maximum resident set size (kbytes): 355532
	Average resident set size (kbytes): 0
	Major (requiring I/O) page faults: 0
	Minor (reclaiming a frame) page faults: 11178598
	Voluntary context switches: 68587
	Involuntary context switches: 127213
	Swaps: 0
	File system inputs: 0
	File system outputs: 2185528
	Socket messages sent: 0
	Socket messages received: 0
	Signals delivered: 0
	Page size (bytes): 4096
	Exit status: 0
