	Command being timed: "gg-run make -j4 llc"
	User time (seconds): 942.35
	System time (seconds): 57.82
	Percent of CPU this job got: 354%
	Elapsed (wall clock) time (h:mm:ss or m:ss): 4:42.12
	Average shared text size (kbytes): 0
	Average unshared data size (kbytes): 0
	Average stack size (kbytes): 0
	Average total size (kbytes): 0
	Maximum resident set size (kbytes): 357032
	Average resident set size (kbytes): 0
	Major (requiring I/O) page faults: 0
	Minor (reclaiming a frame) page faults: 11196688
	Voluntary context switches: 67745
	Involuntary context switches: 132374
	Swaps: 0
	File system inputs: 0
	File system outputs: 2236224
	Socket messages sent: 0
	Socket messages received: 0
	Signals delivered: 0
	Page size (bytes): 4096
	Exit status: 0
