	Command being timed: "gg-reduce bin/llc"
	User time (seconds): 15.03
	System time (seconds): 8.23
	Percent of CPU this job got: 7%
	Elapsed (wall clock) time (h:mm:ss or m:ss): 4:54.69
	Average shared text size (kbytes): 0
	Average unshared data size (kbytes): 0
	Average stack size (kbytes): 0
	Average total size (kbytes): 0
	Maximum resident set size (kbytes): 2751400
	Average resident set size (kbytes): 0
	Major (requiring I/O) page faults: 0
	Minor (reclaiming a frame) page faults: 208215
	Voluntary context switches: 121446
	Involuntary context switches: 390
	Swaps: 0
	File system inputs: 0
	File system outputs: 3882632
	Socket messages sent: 0
	Socket messages received: 0
	Signals delivered: 0
	Page size (bytes): 4096
	Exit status: 0
