	Command being timed: "gg-run make -j4 llc"
	User time (seconds): 927.62
	System time (seconds): 58.18
	Percent of CPU this job got: 333%
	Elapsed (wall clock) time (h:mm:ss or m:ss): 4:55.78
	Average shared text size (kbytes): 0
	Average unshared data size (kbytes): 0
	Average stack size (kbytes): 0
	Average total size (kbytes): 0
	Maximum resident set size (kbytes): 355532
	Average resident set size (kbytes): 0
	Major (requiring I/O) page faults: 0
	Minor (reclaiming a frame) page faults: 11181280
	Voluntary context switches: 68085
	Involuntary context switches: 121797
	Swaps: 0
	File system inputs: 0
	File system outputs: 2149016
	Socket messages sent: 0
	Socket messages received: 0
	Signals delivered: 0
	Page size (bytes): 4096
	Exit status: 0
