	Command being timed: "gg-run make -j4 llc"
	User time (seconds): 938.01
	System time (seconds): 57.68
	Percent of CPU this job got: 347%
	Elapsed (wall clock) time (h:mm:ss or m:ss): 4:46.89
	Average shared text size (kbytes): 0
	Average unshared data size (kbytes): 0
	Average stack size (kbytes): 0
	Average total size (kbytes): 0
	Maximum resident set size (kbytes): 355744
	Average resident set size (kbytes): 0
	Major (requiring I/O) page faults: 0
	Minor (reclaiming a frame) page faults: 11209121
	Voluntary context switches: 67674
	Involuntary context switches: 126466
	Swaps: 0
	File system inputs: 0
	File system outputs: 2197744
	Socket messages sent: 0
	Socket messages received: 0
	Signals delivered: 0
	Page size (bytes): 4096
	Exit status: 0
