	Command being timed: "gg-reduce bin/llc"
	User time (seconds): 14.93
	System time (seconds): 8.37
	Percent of CPU this job got: 13%
	Elapsed (wall clock) time (h:mm:ss or m:ss): 2:48.96
	Average shared text size (kbytes): 0
	Average unshared data size (kbytes): 0
	Average stack size (kbytes): 0
	Average total size (kbytes): 0
	Maximum resident set size (kbytes): 2742396
	Average resident set size (kbytes): 0
	Major (requiring I/O) page faults: 0
	Minor (reclaiming a frame) page faults: 204424
	Voluntary context switches: 116220
	Involuntary context switches: 314
	Swaps: 0
	File system inputs: 8
	File system outputs: 3882632
	Socket messages sent: 0
	Socket messages received: 0
	Signals delivered: 0
	Page size (bytes): 4096
	Exit status: 0
