	Command being timed: "gg-run make -j4 llc"
	User time (seconds): 937.10
	System time (seconds): 57.00
	Percent of CPU this job got: 337%
	Elapsed (wall clock) time (h:mm:ss or m:ss): 4:54.68
	Average shared text size (kbytes): 0
	Average unshared data size (kbytes): 0
	Average stack size (kbytes): 0
	Average total size (kbytes): 0
	Maximum resident set size (kbytes): 356396
	Average resident set size (kbytes): 0
	Major (requiring I/O) page faults: 0
	Minor (reclaiming a frame) page faults: 11197625
	Voluntary context switches: 69358
	Involuntary context switches: 132550
	Swaps: 0
	File system inputs: 8
	File system outputs: 2232048
	Socket messages sent: 0
	Socket messages received: 0
	Signals delivered: 0
	Page size (bytes): 4096
	Exit status: 0
