	Command being timed: "make ssh sshd scp sftp ssh-keygen ssh-agent"
	User time (seconds): 31.74
	System time (seconds): 2.48
	Percent of CPU this job got: 96%
	Elapsed (wall clock) time (h:mm:ss or m:ss): 0:35.41
	Average shared text size (kbytes): 0
	Average unshared data size (kbytes): 0
	Average stack size (kbytes): 0
	Average total size (kbytes): 0
	Maximum resident set size (kbytes): 58028
	Average resident set size (kbytes): 0
	Major (requiring I/O) page faults: 0
	Minor (reclaiming a frame) page faults: 1410327
	Voluntary context switches: 1852
	Involuntary context switches: 1051
	Swaps: 0
	File system inputs: 0
	File system outputs: 110880
	Socket messages sent: 0
	Socket messages received: 0
	Signals delivered: 0
	Page size (bytes): 4096
	Exit status: 0
