	Command being timed: "make -j49"
	User time (seconds): 118.56
	System time (seconds): 16.74
	Percent of CPU this job got: 217%
	Elapsed (wall clock) time (h:mm:ss or m:ss): 1:02.26
	Average shared text size (kbytes): 0
	Average unshared data size (kbytes): 0
	Average stack size (kbytes): 0
	Average total size (kbytes): 0
	Maximum resident set size (kbytes): 96536
	Average resident set size (kbytes): 0
	Major (requiring I/O) page faults: 0
	Minor (reclaiming a frame) page faults: 4712260
	Voluntary context switches: 118065
	Involuntary context switches: 78270
	Swaps: 0
	File system inputs: 0
	File system outputs: 342936
	Socket messages sent: 0
	Socket messages received: 0
	Signals delivered: 0
	Page size (bytes): 4096
	Exit status: 0
