	Command being timed: "gg-build-infer ninja -j4 v8_context_snapshot_generator"
	User time (seconds): 141.73
	System time (seconds): 39.66
	Percent of CPU this job got: 339%
	Elapsed (wall clock) time (h:mm:ss or m:ss): 0:53.38
	Average shared text size (kbytes): 0
	Average unshared data size (kbytes): 0
	Average stack size (kbytes): 0
	Average total size (kbytes): 0
	Maximum resident set size (kbytes): 126016
	Average resident set size (kbytes): 0
	Major (requiring I/O) page faults: 3
	Minor (reclaiming a frame) page faults: 11614750
	Voluntary context switches: 213034
	Involuntary context switches: 296306
	Swaps: 0
	File system inputs: 408
	File system outputs: 1818424
	Socket messages sent: 0
	Socket messages received: 0
	Signals delivered: 0
	Page size (bytes): 4096
	Exit status: 0
