	Command being timed: "/bin/bash -c /home/ubuntu/gg-results/chrome/build/../data/gen-targets.sh |
  xargs -- gg-infer ninja -j4 -k0"
	User time (seconds): 450.73
	System time (seconds): 41.36
	Percent of CPU this job got: 345%
	Elapsed (wall clock) time (h:mm:ss or m:ss): 2:22.46
	Average shared text size (kbytes): 0
	Average unshared data size (kbytes): 0
	Average stack size (kbytes): 0
	Average total size (kbytes): 0
	Maximum resident set size (kbytes): 591284
	Average resident set size (kbytes): 0
	Major (requiring I/O) page faults: 9
	Minor (reclaiming a frame) page faults: 10298762
	Voluntary context switches: 59638
	Involuntary context switches: 84847
	Swaps: 0
	File system inputs: 400
	File system outputs: 1145928
	Socket messages sent: 0
	Socket messages received: 0
	Signals delivered: 0
	Page size (bytes): 4096
	Exit status: 0
