	Command being timed: "gg-create-blueprints -f /home/ubuntu/gg-results/chrome/build/../data/gen-includes.txt -t /dev/shm -o /dev/shm/file-list.txt ."
	User time (seconds): 134.57
	System time (seconds): 42.33
	Percent of CPU this job got: 354%
	Elapsed (wall clock) time (h:mm:ss or m:ss): 0:49.97
	Average shared text size (kbytes): 0
	Average unshared data size (kbytes): 0
	Average stack size (kbytes): 0
	Average total size (kbytes): 0
	Maximum resident set size (kbytes): 476796
	Average resident set size (kbytes): 0
	Major (requiring I/O) page faults: 10
	Minor (reclaiming a frame) page faults: 19102626
	Voluntary context switches: 1153229
	Involuntary context switches: 526026
	Swaps: 0
	File system inputs: 664
	File system outputs: 3096
	Socket messages sent: 0
	Socket messages received: 0
	Signals delivered: 0
	Page size (bytes): 4096
	Exit status: 0
