	Command being timed: "gg-build-infer ninja -j4 chrome"
	User time (seconds): 117.15
	System time (seconds): 41.35
	Percent of CPU this job got: 310%
	Elapsed (wall clock) time (h:mm:ss or m:ss): 0:51.03
	Average shared text size (kbytes): 0
	Average unshared data size (kbytes): 0
	Average stack size (kbytes): 0
	Average total size (kbytes): 0
	Maximum resident set size (kbytes): 133988
	Average resident set size (kbytes): 0
	Major (requiring I/O) page faults: 0
	Minor (reclaiming a frame) page faults: 12006512
	Voluntary context switches: 220966
	Involuntary context switches: 271415
	Swaps: 0
	File system inputs: 186976
	File system outputs: 1839208
	Socket messages sent: 0
	Socket messages received: 0
	Signals delivered: 0
	Page size (bytes): 4096
	Exit status: 0
