	Command being timed: "gg-build-infer ninja -j4 mksnapshot yasm"
	User time (seconds): 20.14
	System time (seconds): 23.49
	Percent of CPU this job got: 340%
	Elapsed (wall clock) time (h:mm:ss or m:ss): 0:12.82
	Average shared text size (kbytes): 0
	Average unshared data size (kbytes): 0
	Average stack size (kbytes): 0
	Average total size (kbytes): 0
	Maximum resident set size (kbytes): 121776
	Average resident set size (kbytes): 0
	Major (requiring I/O) page faults: 0
	Minor (reclaiming a frame) page faults: 646413
	Voluntary context switches: 16935
	Involuntary context switches: 22508
	Swaps: 0
	File system inputs: 0
	File system outputs: 129248
	Socket messages sent: 0
	Socket messages received: 0
	Signals delivered: 0
	Page size (bytes): 4096
	Exit status: 0
