	Command being timed: "gg-build-infer ninja -j4 torque genmacro genperf genversion genmodule genstring re2c character_data_generator transport_security_state_generator protoc protoc_plugin brotli flatc top_domain_generator"
	User time (seconds): 38.29
	System time (seconds): 52.52
	Percent of CPU this job got: 354%
	Elapsed (wall clock) time (h:mm:ss or m:ss): 0:25.64
	Average shared text size (kbytes): 0
	Average unshared data size (kbytes): 0
	Average stack size (kbytes): 0
	Average total size (kbytes): 0
	Maximum resident set size (kbytes): 121932
	Average resident set size (kbytes): 0
	Major (requiring I/O) page faults: 10
	Minor (reclaiming a frame) page faults: 1577919
	Voluntary context switches: 41387
	Involuntary context switches: 50476
	Swaps: 0
	File system inputs: 2296
	File system outputs: 599976
	Socket messages sent: 0
	Socket messages received: 0
	Signals delivered: 0
	Page size (bytes): 4096
	Exit status: 0
