	Command being timed: "/bin/bash -c /home/ubuntu/gg-results/chrome/build/../data/gen-targets.sh |
  xargs -- gg-infer ninja -j4 -k0"
	User time (seconds): 458.07
	System time (seconds): 43.41
	Percent of CPU this job got: 344%
	Elapsed (wall clock) time (h:mm:ss or m:ss): 2:25.36
	Average shared text size (kbytes): 0
	Average unshared data size (kbytes): 0
	Average stack size (kbytes): 0
	Average total size (kbytes): 0
	Maximum resident set size (kbytes): 591208
	Average resident set size (kbytes): 0
	Major (requiring I/O) page faults: 44
	Minor (reclaiming a frame) page faults: 10296507
	Voluntary context switches: 59052
	Involuntary context switches: 86315
	Swaps: 0
	File system inputs: 11984
	File system outputs: 1147920
	Socket messages sent: 0
	Socket messages received: 0
	Signals delivered: 0
	Page size (bytes): 4096
	Exit status: 0
