	Command being timed: "gg-run make -j64 llc"
	User time (seconds): 1292.82
	System time (seconds): 117.89
	Percent of CPU this job got: 2737%
	Elapsed (wall clock) time (h:mm:ss or m:ss): 0:51.53
	Average shared text size (kbytes): 0
	Average unshared data size (kbytes): 0
	Average stack size (kbytes): 0
	Average total size (kbytes): 0
	Maximum resident set size (kbytes): 387572
	Average resident set size (kbytes): 0
	Major (requiring I/O) page faults: 0
	Minor (reclaiming a frame) page faults: 27429501
	Voluntary context switches: 77698
	Involuntary context switches: 66172
	Swaps: 0
	File system inputs: 72
	File system outputs: 3862808
	Socket messages sent: 0
	Socket messages received: 0
	Signals delivered: 0
	Page size (bytes): 4096
	Exit status: 0
