	Command being timed: "gg-reduce bin/llc"
	User time (seconds): 7618.97
	System time (seconds): 587.43
	Percent of CPU this job got: 5816%
	Elapsed (wall clock) time (h:mm:ss or m:ss): 2:21.08
	Average shared text size (kbytes): 0
	Average unshared data size (kbytes): 0
	Average stack size (kbytes): 0
	Average total size (kbytes): 0
	Maximum resident set size (kbytes): 778844
	Average resident set size (kbytes): 0
	Major (requiring I/O) page faults: 0
	Minor (reclaiming a frame) page faults: 127129458
	Voluntary context switches: 330218
	Involuntary context switches: 53288
	Swaps: 0
	File system inputs: 64
	File system outputs: 9174232
	Socket messages sent: 0
	Socket messages received: 0
	Signals delivered: 0
	Page size (bytes): 4096
	Exit status: 0
