	Command being timed: "gg-run make -j64 llc"
	User time (seconds): 1274.39
	System time (seconds): 118.95
	Percent of CPU this job got: 2929%
	Elapsed (wall clock) time (h:mm:ss or m:ss): 0:47.56
	Average shared text size (kbytes): 0
	Average unshared data size (kbytes): 0
	Average stack size (kbytes): 0
	Average total size (kbytes): 0
	Maximum resident set size (kbytes): 386664
	Average resident set size (kbytes): 0
	Major (requiring I/O) page faults: 0
	Minor (reclaiming a frame) page faults: 26989730
	Voluntary context switches: 74213
	Involuntary context switches: 65304
	Swaps: 0
	File system inputs: 24
	File system outputs: 3325400
	Socket messages sent: 0
	Socket messages received: 0
	Signals delivered: 0
	Page size (bytes): 4096
	Exit status: 0
