	Command being timed: "gg-reduce bin/llc"
	User time (seconds): 7607.80
	System time (seconds): 582.11
	Percent of CPU this job got: 5823%
	Elapsed (wall clock) time (h:mm:ss or m:ss): 2:20.63
	Average shared text size (kbytes): 0
	Average unshared data size (kbytes): 0
	Average stack size (kbytes): 0
	Average total size (kbytes): 0
	Maximum resident set size (kbytes): 781140
	Average resident set size (kbytes): 0
	Major (requiring I/O) page faults: 0
	Minor (reclaiming a frame) page faults: 127262158
	Voluntary context switches: 335756
	Involuntary context switches: 52794
	Swaps: 0
	File system inputs: 32
	File system outputs: 9174232
	Socket messages sent: 0
	Socket messages received: 0
	Signals delivered: 0
	Page size (bytes): 4096
	Exit status: 0
