	Command being timed: "gg-run make -j64 ssh sshd scp sftp ssh-keygen ssh-agent"
	User time (seconds): 19.42
	System time (seconds): 28.40
	Percent of CPU this job got: 285%
	Elapsed (wall clock) time (h:mm:ss or m:ss): 0:16.74
	Average shared text size (kbytes): 0
	Average unshared data size (kbytes): 0
	Average stack size (kbytes): 0
	Average total size (kbytes): 0
	Maximum resident set size (kbytes): 46108
	Average resident set size (kbytes): 0
	Major (requiring I/O) page faults: 331
	Minor (reclaiming a frame) page faults: 870744
	Voluntary context switches: 114192
	Involuntary context switches: 1963
	Swaps: 0
	File system inputs: 72432
	File system outputs: 3328696
	Socket messages sent: 0
	Socket messages received: 0
	Signals delivered: 0
	Page size (bytes): 4096
	Exit status: 0
