	Command being timed: "gg-run make -j64 ssh sshd scp sftp ssh-keygen ssh-agent"
	User time (seconds): 12.93
	System time (seconds): 4.80
	Percent of CPU this job got: 783%
	Elapsed (wall clock) time (h:mm:ss or m:ss): 0:02.26
	Average shared text size (kbytes): 0
	Average unshared data size (kbytes): 0
	Average stack size (kbytes): 0
	Average total size (kbytes): 0
	Maximum resident set size (kbytes): 45948
	Average resident set size (kbytes): 0
	Major (requiring I/O) page faults: 0
	Minor (reclaiming a frame) page faults: 670664
	Voluntary context switches: 23957
	Involuntary context switches: 1715
	Swaps: 0
	File system inputs: 0
	File system outputs: 439632
	Socket messages sent: 0
	Socket messages received: 0
	Signals delivered: 0
	Page size (bytes): 4096
	Exit status: 0
