	Command being timed: "gg-infer make -j4"
	User time (seconds): 289.99
	System time (seconds): 50.53
	Percent of CPU this job got: 192%
	Elapsed (wall clock) time (h:mm:ss or m:ss): 2:57.19
	Average shared text size (kbytes): 0
	Average unshared data size (kbytes): 0
	Average stack size (kbytes): 0
	Average total size (kbytes): 0
	Maximum resident set size (kbytes): 83664
	Average resident set size (kbytes): 0
	Major (requiring I/O) page faults: 1
	Minor (reclaiming a frame) page faults: 16463079
	Voluntary context switches: 211682
	Involuntary context switches: 144798
	Swaps: 0
	File system inputs: 3496
	File system outputs: 1448704
	Socket messages sent: 0
	Socket messages received: 0
	Signals delivered: 0
	Page size (bytes): 4096
	Exit status: 0
