	Command being timed: "gg-infer make -j4"
	User time (seconds): 290.07
	System time (seconds): 49.84
	Percent of CPU this job got: 192%
	Elapsed (wall clock) time (h:mm:ss or m:ss): 2:56.90
	Average shared text size (kbytes): 0
	Average unshared data size (kbytes): 0
	Average stack size (kbytes): 0
	Average total size (kbytes): 0
	Maximum resident set size (kbytes): 83688
	Average resident set size (kbytes): 0
	Major (requiring I/O) page faults: 6
	Minor (reclaiming a frame) page faults: 16447814
	Voluntary context switches: 219457
	Involuntary context switches: 151118
	Swaps: 0
	File system inputs: 9560
	File system outputs: 1374928
	Socket messages sent: 0
	Socket messages received: 0
	Signals delivered: 0
	Page size (bytes): 4096
	Exit status: 0
