	Command being timed: "gg-force --engine lambda --jobs 2000 --timeout 2 app/.libs/gimp-2.8 app/.libs/gimp-console-2.8"
	User time (seconds): 5.88
	System time (seconds): 1.69
	Percent of CPU this job got: 25%
	Elapsed (wall clock) time (h:mm:ss or m:ss): 0:29.28
	Average shared text size (kbytes): 0
	Average unshared data size (kbytes): 0
	Average stack size (kbytes): 0
	Average total size (kbytes): 0
	Maximum resident set size (kbytes): 586828
	Average resident set size (kbytes): 0
	Major (requiring I/O) page faults: 3
	Minor (reclaiming a frame) page faults: 228986
	Voluntary context switches: 14104
	Involuntary context switches: 287
	Swaps: 0
	File system inputs: 520
	File system outputs: 254896
	Socket messages sent: 0
	Socket messages received: 0
	Signals delivered: 0
	Page size (bytes): 4096
	Exit status: 0
