	Command being timed: "gg-infer make -j4"
	User time (seconds): 290.87
	System time (seconds): 52.63
	Percent of CPU this job got: 192%
	Elapsed (wall clock) time (h:mm:ss or m:ss): 2:58.57
	Average shared text size (kbytes): 0
	Average unshared data size (kbytes): 0
	Average stack size (kbytes): 0
	Average total size (kbytes): 0
	Maximum resident set size (kbytes): 83500
	Average resident set size (kbytes): 0
	Major (requiring I/O) page faults: 0
	Minor (reclaiming a frame) page faults: 16454287
	Voluntary context switches: 214840
	Involuntary context switches: 147540
	Swaps: 0
	File system inputs: 0
	File system outputs: 1376376
	Socket messages sent: 0
	Socket messages received: 0
	Signals delivered: 0
	Page size (bytes): 4096
	Exit status: 0
