	Command being timed: "gg-force --engine lambda --jobs 2000 --timeout 2 app/.libs/gimp-2.8 app/.libs/gimp-console-2.8"
	User time (seconds): 5.90
	System time (seconds): 1.94
	Percent of CPU this job got: 29%
	Elapsed (wall clock) time (h:mm:ss or m:ss): 0:26.73
	Average shared text size (kbytes): 0
	Average unshared data size (kbytes): 0
	Average stack size (kbytes): 0
	Average total size (kbytes): 0
	Maximum resident set size (kbytes): 596612
	Average resident set size (kbytes): 0
	Major (requiring I/O) page faults: 0
	Minor (reclaiming a frame) page faults: 219319
	Voluntary context switches: 24270
	Involuntary context switches: 262
	Swaps: 0
	File system inputs: 0
	File system outputs: 254880
	Socket messages sent: 0
	Socket messages received: 0
	Signals delivered: 0
	Page size (bytes): 4096
	Exit status: 0
