	Command being timed: "gg-infer make -j4"
	User time (seconds): 291.00
	System time (seconds): 51.00
	Percent of CPU this job got: 192%
	Elapsed (wall clock) time (h:mm:ss or m:ss): 2:57.91
	Average shared text size (kbytes): 0
	Average unshared data size (kbytes): 0
	Average stack size (kbytes): 0
	Average total size (kbytes): 0
	Maximum resident set size (kbytes): 83740
	Average resident set size (kbytes): 0
	Major (requiring I/O) page faults: 0
	Minor (reclaiming a frame) page faults: 16451666
	Voluntary context switches: 214157
	Involuntary context switches: 145422
	Swaps: 0
	File system inputs: 0
	File system outputs: 1372816
	Socket messages sent: 0
	Socket messages received: 0
	Signals delivered: 0
	Page size (bytes): 4096
	Exit status: 0
