	Command being timed: "gg-infer make -j4"
	User time (seconds): 298.45
	System time (seconds): 60.78
	Percent of CPU this job got: 192%
	Elapsed (wall clock) time (h:mm:ss or m:ss): 3:07.01
	Average shared text size (kbytes): 0
	Average unshared data size (kbytes): 0
	Average stack size (kbytes): 0
	Average total size (kbytes): 0
	Maximum resident set size (kbytes): 83696
	Average resident set size (kbytes): 0
	Major (requiring I/O) page faults: 0
	Minor (reclaiming a frame) page faults: 16530682
	Voluntary context switches: 216551
	Involuntary context switches: 153601
	Swaps: 0
	File system inputs: 0
	File system outputs: 1596608
	Socket messages sent: 0
	Socket messages received: 0
	Signals delivered: 0
	Page size (bytes): 4096
	Exit status: 0
