	Command being timed: "make -j385"
	User time (seconds): 352.32
	System time (seconds): 63.77
	Percent of CPU this job got: 263%
	Elapsed (wall clock) time (h:mm:ss or m:ss): 2:37.95
	Average shared text size (kbytes): 0
	Average unshared data size (kbytes): 0
	Average stack size (kbytes): 0
	Average total size (kbytes): 0
	Maximum resident set size (kbytes): 83908
	Average resident set size (kbytes): 0
	Major (requiring I/O) page faults: 14
	Minor (reclaiming a frame) page faults: 18085154
	Voluntary context switches: 853239
	Involuntary context switches: 723125
	Swaps: 0
	File system inputs: 6216
	File system outputs: 509616
	Socket messages sent: 0
	Socket messages received: 0
	Signals delivered: 0
	Page size (bytes): 4096
	Exit status: 0
