	Command being timed: "gg-run make -j64 clang"
	User time (seconds): 618.87
	System time (seconds): 87.64
	Percent of CPU this job got: 2580%
	Elapsed (wall clock) time (h:mm:ss or m:ss): 0:27.38
	Average shared text size (kbytes): 0
	Average unshared data size (kbytes): 0
	Average stack size (kbytes): 0
	Average total size (kbytes): 0
	Maximum resident set size (kbytes): 354792
	Average resident set size (kbytes): 0
	Major (requiring I/O) page faults: 0
	Minor (reclaiming a frame) page faults: 14453777
	Voluntary context switches: 64972
	Involuntary context switches: 52610
	Swaps: 0
	File system inputs: 8
	File system outputs: 1228568
	Socket messages sent: 0
	Socket messages received: 0
	Signals delivered: 0
	Page size (bytes): 4096
	Exit status: 0
