	Command being timed: "gg-run make -j64 clang"
	User time (seconds): 3974.18
	System time (seconds): 321.75
	Percent of CPU this job got: 1929%
	Elapsed (wall clock) time (h:mm:ss or m:ss): 3:42.59
	Average shared text size (kbytes): 0
	Average unshared data size (kbytes): 0
	Average stack size (kbytes): 0
	Average total size (kbytes): 0
	Maximum resident set size (kbytes): 387692
	Average resident set size (kbytes): 0
	Major (requiring I/O) page faults: 0
	Minor (reclaiming a frame) page faults: 86721550
	Voluntary context switches: 206566
	Involuntary context switches: 212287
	Swaps: 0
	File system inputs: 0
	File system outputs: 11925848
	Socket messages sent: 0
	Socket messages received: 0
	Signals delivered: 0
	Page size (bytes): 4096
	Exit status: 0
