	Command being timed: "gg-reduce bin/clang"
	User time (seconds): 13079.85
	System time (seconds): 940.18
	Percent of CPU this job got: 5785%
	Elapsed (wall clock) time (h:mm:ss or m:ss): 4:02.31
	Average shared text size (kbytes): 0
	Average unshared data size (kbytes): 0
	Average stack size (kbytes): 0
	Average total size (kbytes): 0
	Maximum resident set size (kbytes): 1123480
	Average resident set size (kbytes): 0
	Major (requiring I/O) page faults: 0
	Minor (reclaiming a frame) page faults: 199197915
	Voluntary context switches: 513406
	Involuntary context switches: 75099
	Swaps: 0
	File system inputs: 40
	File system outputs: 14340904
	Socket messages sent: 0
	Socket messages received: 0
	Signals delivered: 0
	Page size (bytes): 4096
	Exit status: 0
