	Command being timed: "gg-run make -j64 clang"
	User time (seconds): 4402.38
	System time (seconds): 344.62
	Percent of CPU this job got: 2085%
	Elapsed (wall clock) time (h:mm:ss or m:ss): 3:47.66
	Average shared text size (kbytes): 0
	Average unshared data size (kbytes): 0
	Average stack size (kbytes): 0
	Average total size (kbytes): 0
	Maximum resident set size (kbytes): 387524
	Average resident set size (kbytes): 0
	Major (requiring I/O) page faults: 0
	Minor (reclaiming a frame) page faults: 94012077
	Voluntary context switches: 221404
	Involuntary context switches: 244843
	Swaps: 0
	File system inputs: 8
	File system outputs: 12161944
	Socket messages sent: 0
	Socket messages received: 0
	Signals delivered: 0
	Page size (bytes): 4096
	Exit status: 0
