	Command being timed: "gg-run make -j64 clang"
	User time (seconds): 624.63
	System time (seconds): 87.34
	Percent of CPU this job got: 2623%
	Elapsed (wall clock) time (h:mm:ss or m:ss): 0:27.14
	Average shared text size (kbytes): 0
	Average unshared data size (kbytes): 0
	Average stack size (kbytes): 0
	Average total size (kbytes): 0
	Maximum resident set size (kbytes): 353308
	Average resident set size (kbytes): 0
	Major (requiring I/O) page faults: 0
	Minor (reclaiming a frame) page faults: 14487723
	Voluntary context switches: 64312
	Involuntary context switches: 53411
	Swaps: 0
	File system inputs: 0
	File system outputs: 1228568
	Socket messages sent: 0
	Socket messages received: 0
	Signals delivered: 0
	Page size (bytes): 4096
	Exit status: 0
