	Command being timed: "make -j65 ssh sshd scp sftp ssh-keygen ssh-agent"
	User time (seconds): 16.23
	System time (seconds): 2.37
	Percent of CPU this job got: 324%
	Elapsed (wall clock) time (h:mm:ss or m:ss): 0:05.73
	Average shared text size (kbytes): 0
	Average unshared data size (kbytes): 0
	Average stack size (kbytes): 0
	Average total size (kbytes): 0
	Maximum resident set size (kbytes): 36736
	Average resident set size (kbytes): 0
	Major (requiring I/O) page faults: 0
	Minor (reclaiming a frame) page faults: 524495
	Voluntary context switches: 21042
	Involuntary context switches: 22505
	Swaps: 0
	File system inputs: 0
	File system outputs: 61392
	Socket messages sent: 0
	Socket messages received: 0
	Signals delivered: 0
	Page size (bytes): 4096
	Exit status: 0
