	Command being timed: "gg-run make -j64 llc"
	User time (seconds): 1711.72
	System time (seconds): 131.67
	Percent of CPU this job got: 2382%
	Elapsed (wall clock) time (h:mm:ss or m:ss): 1:17.36
	Average shared text size (kbytes): 0
	Average unshared data size (kbytes): 0
	Average stack size (kbytes): 0
	Average total size (kbytes): 0
	Maximum resident set size (kbytes): 478688
	Average resident set size (kbytes): 0
	Major (requiring I/O) page faults: 0
	Minor (reclaiming a frame) page faults: 30157678
	Voluntary context switches: 77849
	Involuntary context switches: 65678
	Swaps: 0
	File system inputs: 256
	File system outputs: 6491664
	Socket messages sent: 0
	Socket messages received: 0
	Signals delivered: 0
	Page size (bytes): 4096
	Exit status: 0
