	Command being timed: "gg-reduce bin/llc"
	User time (seconds): 9609.88
	System time (seconds): 788.74
	Percent of CPU this job got: 4004%
	Elapsed (wall clock) time (h:mm:ss or m:ss): 4:19.69
	Average shared text size (kbytes): 0
	Average unshared data size (kbytes): 0
	Average stack size (kbytes): 0
	Average total size (kbytes): 0
	Maximum resident set size (kbytes): 4641784
	Average resident set size (kbytes): 0
	Major (requiring I/O) page faults: 0
	Minor (reclaiming a frame) page faults: 165763414
	Voluntary context switches: 627247
	Involuntary context switches: 75770
	Swaps: 0
	File system inputs: 48
	File system outputs: 42924504
	Socket messages sent: 0
	Socket messages received: 0
	Signals delivered: 0
	Page size (bytes): 4096
	Exit status: 0
