	Command being timed: "gg-reduce bin/llc"
	User time (seconds): 9613.01
	System time (seconds): 800.11
	Percent of CPU this job got: 4065%
	Elapsed (wall clock) time (h:mm:ss or m:ss): 4:16.10
	Average shared text size (kbytes): 0
	Average unshared data size (kbytes): 0
	Average stack size (kbytes): 0
	Average total size (kbytes): 0
	Maximum resident set size (kbytes): 4643020
	Average resident set size (kbytes): 0
	Major (requiring I/O) page faults: 0
	Minor (reclaiming a frame) page faults: 167256794
	Voluntary context switches: 605703
	Involuntary context switches: 76206
	Swaps: 0
	File system inputs: 40
	File system outputs: 42931120
	Socket messages sent: 0
	Socket messages received: 0
	Signals delivered: 0
	Page size (bytes): 4096
	Exit status: 0
