	Command being timed: "gg-run make -j64 llc"
	User time (seconds): 1687.51
	System time (seconds): 131.45
	Percent of CPU this job got: 2211%
	Elapsed (wall clock) time (h:mm:ss or m:ss): 1:22.24
	Average shared text size (kbytes): 0
	Average unshared data size (kbytes): 0
	Average stack size (kbytes): 0
	Average total size (kbytes): 0
	Maximum resident set size (kbytes): 478664
	Average resident set size (kbytes): 0
	Major (requiring I/O) page faults: 0
	Minor (reclaiming a frame) page faults: 30157508
	Voluntary context switches: 78893
	Involuntary context switches: 66051
	Swaps: 0
	File system inputs: 8
	File system outputs: 6350248
	Socket messages sent: 0
	Socket messages received: 0
	Signals delivered: 0
	Page size (bytes): 4096
	Exit status: 0
