	Command being timed: "gg-reduce bin/llc"
	User time (seconds): 9617.16
	System time (seconds): 798.21
	Percent of CPU this job got: 4018%
	Elapsed (wall clock) time (h:mm:ss or m:ss): 4:19.17
	Average shared text size (kbytes): 0
	Average unshared data size (kbytes): 0
	Average stack size (kbytes): 0
	Average total size (kbytes): 0
	Maximum resident set size (kbytes): 4644052
	Average resident set size (kbytes): 0
	Major (requiring I/O) page faults: 0
	Minor (reclaiming a frame) page faults: 167762828
	Voluntary context switches: 640225
	Involuntary context switches: 76300
	Swaps: 0
	File system inputs: 48
	File system outputs: 42932592
	Socket messages sent: 0
	Socket messages received: 0
	Signals delivered: 0
	Page size (bytes): 4096
	Exit status: 0
