	Command being timed: "gg-run make -j64 llc"
	User time (seconds): 1694.70
	System time (seconds): 128.64
	Percent of CPU this job got: 2222%
	Elapsed (wall clock) time (h:mm:ss or m:ss): 1:22.05
	Average shared text size (kbytes): 0
	Average unshared data size (kbytes): 0
	Average stack size (kbytes): 0
	Average total size (kbytes): 0
	Maximum resident set size (kbytes): 478684
	Average resident set size (kbytes): 0
	Major (requiring I/O) page faults: 0
	Minor (reclaiming a frame) page faults: 30297805
	Voluntary context switches: 75820
	Involuntary context switches: 65591
	Swaps: 0
	File system inputs: 0
	File system outputs: 6032936
	Socket messages sent: 0
	Socket messages received: 0
	Signals delivered: 0
	Page size (bytes): 4096
	Exit status: 0
