	Command being timed: "gg-run make -j64 llc"
	User time (seconds): 1698.26
	System time (seconds): 130.94
	Percent of CPU this job got: 2294%
	Elapsed (wall clock) time (h:mm:ss or m:ss): 1:19.72
	Average shared text size (kbytes): 0
	Average unshared data size (kbytes): 0
	Average stack size (kbytes): 0
	Average total size (kbytes): 0
	Maximum resident set size (kbytes): 478652
	Average resident set size (kbytes): 0
	Major (requiring I/O) page faults: 0
	Minor (reclaiming a frame) page faults: 30225222
	Voluntary context switches: 74163
	Involuntary context switches: 65607
	Swaps: 0
	File system inputs: 0
	File system outputs: 5699760
	Socket messages sent: 0
	Socket messages received: 0
	Signals delivered: 0
	Page size (bytes): 4096
	Exit status: 0
