	Command being timed: "make -j64"
	User time (seconds): 541.01
	System time (seconds): 34.52
	Percent of CPU this job got: 2995%
	Elapsed (wall clock) time (h:mm:ss or m:ss): 0:19.21
	Average shared text size (kbytes): 0
	Average unshared data size (kbytes): 0
	Average stack size (kbytes): 0
	Average total size (kbytes): 0
	Maximum resident set size (kbytes): 444356
	Average resident set size (kbytes): 0
	Major (requiring I/O) page faults: 0
	Minor (reclaiming a frame) page faults: 8883260
	Voluntary context switches: 23886
	Involuntary context switches: 9571
	Swaps: 0
	File system inputs: 8
	File system outputs: 2980784
	Socket messages sent: 0
	Socket messages received: 0
	Signals delivered: 0
	Page size (bytes): 4096
	Exit status: 0
