	Command being timed: "make -j64"
	User time (seconds): 15.74
	System time (seconds): 2.02
	Percent of CPU this job got: 464%
	Elapsed (wall clock) time (h:mm:ss or m:ss): 0:03.82
	Average shared text size (kbytes): 0
	Average unshared data size (kbytes): 0
	Average stack size (kbytes): 0
	Average total size (kbytes): 0
	Maximum resident set size (kbytes): 156004
	Average resident set size (kbytes): 0
	Major (requiring I/O) page faults: 0
	Minor (reclaiming a frame) page faults: 837776
	Voluntary context switches: 9616
	Involuntary context switches: 3180
	Swaps: 0
	File system inputs: 0
	File system outputs: 1229176
	Socket messages sent: 0
	Socket messages received: 0
	Signals delivered: 0
	Page size (bytes): 4096
	Exit status: 0
