	Command being timed: "make -j64"
	User time (seconds): 15.68
	System time (seconds): 1.99
	Percent of CPU this job got: 460%
	Elapsed (wall clock) time (h:mm:ss or m:ss): 0:03.84
	Average shared text size (kbytes): 0
	Average unshared data size (kbytes): 0
	Average stack size (kbytes): 0
	Average total size (kbytes): 0
	Maximum resident set size (kbytes): 155852
	Average resident set size (kbytes): 0
	Major (requiring I/O) page faults: 0
	Minor (reclaiming a frame) page faults: 842236
	Voluntary context switches: 9722
	Involuntary context switches: 3244
	Swaps: 0
	File system inputs: 0
	File system outputs: 1229176
	Socket messages sent: 0
	Socket messages received: 0
	Signals delivered: 0
	Page size (bytes): 4096
	Exit status: 0
