	Command being timed: "make -j64"
	User time (seconds): 540.28
	System time (seconds): 34.21
	Percent of CPU this job got: 2925%
	Elapsed (wall clock) time (h:mm:ss or m:ss): 0:19.63
	Average shared text size (kbytes): 0
	Average unshared data size (kbytes): 0
	Average stack size (kbytes): 0
	Average total size (kbytes): 0
	Maximum resident set size (kbytes): 444944
	Average resident set size (kbytes): 0
	Major (requiring I/O) page faults: 0
	Minor (reclaiming a frame) page faults: 8854283
	Voluntary context switches: 24442
	Involuntary context switches: 9702
	Swaps: 0
	File system inputs: 0
	File system outputs: 2980784
	Socket messages sent: 0
	Socket messages received: 0
	Signals delivered: 0
	Page size (bytes): 4096
	Exit status: 0
