	Command being timed: "gg-infer make -j64"
	User time (seconds): 169.05
	System time (seconds): 75.21
	Percent of CPU this job got: 884%
	Elapsed (wall clock) time (h:mm:ss or m:ss): 0:27.62
	Average shared text size (kbytes): 0
	Average unshared data size (kbytes): 0
	Average stack size (kbytes): 0
	Average total size (kbytes): 0
	Maximum resident set size (kbytes): 30580
	Average resident set size (kbytes): 0
	Major (requiring I/O) page faults: 0
	Minor (reclaiming a frame) page faults: 12514433
	Voluntary context switches: 163163
	Involuntary context switches: 31320
	Swaps: 0
	File system inputs: 0
	File system outputs: 226304
	Socket messages sent: 0
	Socket messages received: 0
	Signals delivered: 0
	Page size (bytes): 4096
	Exit status: 0
