	Command being timed: "gg-force --jobs 64 app/.libs/gimp-2.8 app/.libs/gimp-console-2.8"
	User time (seconds): 633.70
	System time (seconds): 101.45
	Percent of CPU this job got: 4553%
	Elapsed (wall clock) time (h:mm:ss or m:ss): 0:16.14
	Average shared text size (kbytes): 0
	Average unshared data size (kbytes): 0
	Average stack size (kbytes): 0
	Average total size (kbytes): 0
	Maximum resident set size (kbytes): 201368
	Average resident set size (kbytes): 0
	Major (requiring I/O) page faults: 0
	Minor (reclaiming a frame) page faults: 20666557
	Voluntary context switches: 19171
	Involuntary context switches: 10925
	Swaps: 0
	File system inputs: 8
	File system outputs: 4299472
	Socket messages sent: 0
	Socket messages received: 0
	Signals delivered: 0
	Page size (bytes): 4096
	Exit status: 0
