	Command being timed: "gg-infer make -j64"
	User time (seconds): 363.70
	System time (seconds): 102.56
	Percent of CPU this job got: 1144%
	Elapsed (wall clock) time (h:mm:ss or m:ss): 0:40.74
	Average shared text size (kbytes): 0
	Average unshared data size (kbytes): 0
	Average stack size (kbytes): 0
	Average total size (kbytes): 0
	Maximum resident set size (kbytes): 83712
	Average resident set size (kbytes): 0
	Major (requiring I/O) page faults: 0
	Minor (reclaiming a frame) page faults: 16702770
	Voluntary context switches: 234961
	Involuntary context switches: 53391
	Swaps: 0
	File system inputs: 24
	File system outputs: 2293880
	Socket messages sent: 0
	Socket messages received: 0
	Signals delivered: 0
	Page size (bytes): 4096
	Exit status: 0
