	Command being timed: "ninja -j385 chrome"
	User time (seconds): 7891.18
	System time (seconds): 1374.63
	Percent of CPU this job got: 365%
	Elapsed (wall clock) time (h:mm:ss or m:ss): 42:17.10
	Average shared text size (kbytes): 0
	Average unshared data size (kbytes): 0
	Average stack size (kbytes): 0
	Average total size (kbytes): 0
	Maximum resident set size (kbytes): 2596508
	Average resident set size (kbytes): 0
	Major (requiring I/O) page faults: 26
	Minor (reclaiming a frame) page faults: 162734569
	Voluntary context switches: 24082415
	Involuntary context switches: 24929016
	Swaps: 0
	File system inputs: 328760
	File system outputs: 5787904
	Socket messages sent: 0
	Socket messages received: 0
	Signals delivered: 0
	Page size (bytes): 4096
	Exit status: 0
