	Command being timed: "gg-build-infer ninja -j4 mksnapshot yasm"
	User time (seconds): 19.85
	System time (seconds): 22.58
	Percent of CPU this job got: 346%
	Elapsed (wall clock) time (h:mm:ss or m:ss): 0:12.24
	Average shared text size (kbytes): 0
	Average unshared data size (kbytes): 0
	Average stack size (kbytes): 0
	Average total size (kbytes): 0
	Maximum resident set size (kbytes): 121872
	Average resident set size (kbytes): 0
	Major (requiring I/O) page faults: 0
	Minor (reclaiming a frame) page faults: 645451
	Voluntary context switches: 16908
	Involuntary context switches: 27405
	Swaps: 0
	File system inputs: 0
	File system outputs: 130184
	Socket messages sent: 0
	Socket messages received: 0
	Signals delivered: 0
	Page size (bytes): 4096
	Exit status: 0
