	Command being timed: "gg-build-infer ninja -j4 chrome"
	User time (seconds): 116.09
	System time (seconds): 40.57
	Percent of CPU this job got: 312%
	Elapsed (wall clock) time (h:mm:ss or m:ss): 0:50.17
	Average shared text size (kbytes): 0
	Average unshared data size (kbytes): 0
	Average stack size (kbytes): 0
	Average total size (kbytes): 0
	Maximum resident set size (kbytes): 133924
	Average resident set size (kbytes): 0
	Major (requiring I/O) page faults: 1
	Minor (reclaiming a frame) page faults: 11984796
	Voluntary context switches: 225155
	Involuntary context switches: 250237
	Swaps: 0
	File system inputs: 280000
	File system outputs: 1839208
	Socket messages sent: 0
	Socket messages received: 0
	Signals delivered: 0
	Page size (bytes): 4096
	Exit status: 0
