	Command being timed: "/bin/bash -c /home/ubuntu/gg-results/chrome/build/../data/gen-targets.sh |
  xargs -- gg-infer ninja -j4 -k0"
	User time (seconds): 449.36
	System time (seconds): 40.42
	Percent of CPU this job got: 345%
	Elapsed (wall clock) time (h:mm:ss or m:ss): 2:21.73
	Average shared text size (kbytes): 0
	Average unshared data size (kbytes): 0
	Average stack size (kbytes): 0
	Average total size (kbytes): 0
	Maximum resident set size (kbytes): 591132
	Average resident set size (kbytes): 0
	Major (requiring I/O) page faults: 37
	Minor (reclaiming a frame) page faults: 10220167
	Voluntary context switches: 60451
	Involuntary context switches: 82187
	Swaps: 0
	File system inputs: 9528
	File system outputs: 1145512
	Socket messages sent: 0
	Socket messages received: 0
	Signals delivered: 0
	Page size (bytes): 4096
	Exit status: 0
