	Command being timed: "gg-build-infer ninja -j4 torque genmacro genperf genversion genmodule genstring re2c character_data_generator transport_security_state_generator protoc protoc_plugin brotli flatc top_domain_generator"
	User time (seconds): 38.12
	System time (seconds): 48.33
	Percent of CPU this job got: 361%
	Elapsed (wall clock) time (h:mm:ss or m:ss): 0:23.93
	Average shared text size (kbytes): 0
	Average unshared data size (kbytes): 0
	Average stack size (kbytes): 0
	Average total size (kbytes): 0
	Maximum resident set size (kbytes): 121820
	Average resident set size (kbytes): 0
	Major (requiring I/O) page faults: 2
	Minor (reclaiming a frame) page faults: 1575667
	Voluntary context switches: 39766
	Involuntary context switches: 62515
	Swaps: 0
	File system inputs: 1040
	File system outputs: 600288
	Socket messages sent: 0
	Socket messages received: 0
	Signals delivered: 0
	Page size (bytes): 4096
	Exit status: 0
