	Command being timed: "gg-build-infer ninja -j4 mksnapshot yasm"
	User time (seconds): 19.85
	System time (seconds): 22.59
	Percent of CPU this job got: 343%
	Elapsed (wall clock) time (h:mm:ss or m:ss): 0:12.37
	Average shared text size (kbytes): 0
	Average unshared data size (kbytes): 0
	Average stack size (kbytes): 0
	Average total size (kbytes): 0
	Maximum resident set size (kbytes): 121888
	Average resident set size (kbytes): 0
	Major (requiring I/O) page faults: 0
	Minor (reclaiming a frame) page faults: 645522
	Voluntary context switches: 15918
	Involuntary context switches: 23867
	Swaps: 0
	File system inputs: 0
	File system outputs: 129288
	Socket messages sent: 0
	Socket messages received: 0
	Signals delivered: 0
	Page size (bytes): 4096
	Exit status: 0
