	Command being timed: "gg-build-infer ninja -j4 chrome"
	User time (seconds): 117.17
	System time (seconds): 40.75
	Percent of CPU this job got: 316%
	Elapsed (wall clock) time (h:mm:ss or m:ss): 0:49.86
	Average shared text size (kbytes): 0
	Average unshared data size (kbytes): 0
	Average stack size (kbytes): 0
	Average total size (kbytes): 0
	Maximum resident set size (kbytes): 133916
	Average resident set size (kbytes): 0
	Major (requiring I/O) page faults: 3
	Minor (reclaiming a frame) page faults: 11983856
	Voluntary context switches: 220611
	Involuntary context switches: 263536
	Swaps: 0
	File system inputs: 157224
	File system outputs: 1839208
	Socket messages sent: 0
	Socket messages received: 0
	Signals delivered: 0
	Page size (bytes): 4096
	Exit status: 0
