	Command being timed: "gg-force --jobs 2000 --engine lambda=us-west-2 --engine lambda=us-east-1 --jobs 1000 --engine lambda=us-west-1 --engine lambda=us-east-2 --timeout 4 torque genmacro genperf genversion genmodule genstring re2c character_data_generator transport_security_state_generator protoc protoc_plugin brotli flatc top_domain_generator"
	User time (seconds): 10.09
	System time (seconds): 3.30
	Percent of CPU this job got: 28%
	Elapsed (wall clock) time (h:mm:ss or m:ss): 0:46.86
	Average shared text size (kbytes): 0
	Average unshared data size (kbytes): 0
	Average stack size (kbytes): 0
	Average total size (kbytes): 0
	Maximum resident set size (kbytes): 434512
	Average resident set size (kbytes): 0
	Major (requiring I/O) page faults: 0
	Minor (reclaiming a frame) page faults: 133552
	Voluntary context switches: 7974
	Involuntary context switches: 466
	Swaps: 0
	File system inputs: 0
	File system outputs: 332736
	Socket messages sent: 0
	Socket messages received: 0
	Signals delivered: 0
	Page size (bytes): 4096
	Exit status: 0
