	Command being timed: "gg-force --jobs 2500 --engine lambda=us-west-2 --engine lambda=us-east-1 --jobs 1500 --engine lambda=us-west-1 --engine lambda=us-east-2 --jobs 4 --fallback-engine remote=34.210.29.64 --timeout 30 --timeout-multiplier 3 chrome"
	User time (seconds): 193.31
	System time (seconds): 26.67
	Percent of CPU this job got: 59%
	Elapsed (wall clock) time (h:mm:ss or m:ss): 6:08.43
	Average shared text size (kbytes): 0
	Average unshared data size (kbytes): 0
	Average stack size (kbytes): 0
	Average total size (kbytes): 0
	Maximum resident set size (kbytes): 4078028
	Average resident set size (kbytes): 0
	Major (requiring I/O) page faults: 0
	Minor (reclaiming a frame) page faults: 1216580
	Voluntary context switches: 123772
	Involuntary context switches: 5777
	Swaps: 0
	File system inputs: 392168
	File system outputs: 4730304
	Socket messages sent: 0
	Socket messages received: 0
	Signals delivered: 0
	Page size (bytes): 4096
	Exit status: 0
