	Command being timed: "gg-build-infer ninja -j4 chrome"
	User time (seconds): 116.21
	System time (seconds): 41.15
	Percent of CPU this job got: 307%
	Elapsed (wall clock) time (h:mm:ss or m:ss): 0:51.12
	Average shared text size (kbytes): 0
	Average unshared data size (kbytes): 0
	Average stack size (kbytes): 0
	Average total size (kbytes): 0
	Maximum resident set size (kbytes): 133916
	Average resident set size (kbytes): 0
	Major (requiring I/O) page faults: 0
	Minor (reclaiming a frame) page faults: 11985086
	Voluntary context switches: 225720
	Involuntary context switches: 249589
	Swaps: 0
	File system inputs: 276144
	File system outputs: 1839208
	Socket messages sent: 0
	Socket messages received: 0
	Signals delivered: 0
	Page size (bytes): 4096
	Exit status: 0
