	Command being timed: "gg-build-infer ninja -j4 torque genmacro genperf genversion genmodule genstring re2c character_data_generator transport_security_state_generator protoc protoc_plugin brotli flatc top_domain_generator"
	User time (seconds): 38.18
	System time (seconds): 48.31
	Percent of CPU this job got: 363%
	Elapsed (wall clock) time (h:mm:ss or m:ss): 0:23.79
	Average shared text size (kbytes): 0
	Average unshared data size (kbytes): 0
	Average stack size (kbytes): 0
	Average total size (kbytes): 0
	Maximum resident set size (kbytes): 121860
	Average resident set size (kbytes): 0
	Major (requiring I/O) page faults: 1
	Minor (reclaiming a frame) page faults: 1575447
	Voluntary context switches: 40427
	Involuntary context switches: 65362
	Swaps: 0
	File system inputs: 24
	File system outputs: 600280
	Socket messages sent: 0
	Socket messages received: 0
	Signals delivered: 0
	Page size (bytes): 4096
	Exit status: 0
