	Command being timed: "gg-force --jobs 2500 --engine lambda=us-west-2 --engine lambda=us-east-1 --jobs 1500 --engine lambda=us-west-1 --engine lambda=us-east-2 --jobs 4 --fallback-engine remote=34.210.29.64 --timeout 30 --timeout-multiplier 3 chrome"
	User time (seconds): 199.20
	System time (seconds): 28.13
	Percent of CPU this job got: 57%
	Elapsed (wall clock) time (h:mm:ss or m:ss): 6:33.03
	Average shared text size (kbytes): 0
	Average unshared data size (kbytes): 0
	Average stack size (kbytes): 0
	Average total size (kbytes): 0
	Maximum resident set size (kbytes): 4230992
	Average resident set size (kbytes): 0
	Major (requiring I/O) page faults: 0
	Minor (reclaiming a frame) page faults: 1258723
	Voluntary context switches: 187035
	Involuntary context switches: 4876
	Swaps: 0
	File system inputs: 1317544
	File system outputs: 4787832
	Socket messages sent: 0
	Socket messages received: 0
	Signals delivered: 0
	Page size (bytes): 4096
	Exit status: 0
