	Command being timed: "make -j64 ssh sshd scp sftp ssh-keygen ssh-agent"
	User time (seconds): 59.86
	System time (seconds): 6.75
	Percent of CPU this job got: 3423%
	Elapsed (wall clock) time (h:mm:ss or m:ss): 0:01.94
	Average shared text size (kbytes): 0
	Average unshared data size (kbytes): 0
	Average stack size (kbytes): 0
	Average total size (kbytes): 0
	Maximum resident set size (kbytes): 57972
	Average resident set size (kbytes): 0
	Major (requiring I/O) page faults: 0
	Minor (reclaiming a frame) page faults: 1816516
	Voluntary context switches: 2942
	Involuntary context switches: 3105
	Swaps: 0
	File system inputs: 136
	File system outputs: 275560
	Socket messages sent: 0
	Socket messages received: 0
	Signals delivered: 0
	Page size (bytes): 4096
	Exit status: 0
