	Command being timed: "make -j64 ssh sshd scp sftp ssh-keygen ssh-agent"
	User time (seconds): 10.36
	System time (seconds): 1.82
	Percent of CPU this job got: 2979%
	Elapsed (wall clock) time (h:mm:ss or m:ss): 0:00.40
	Average shared text size (kbytes): 0
	Average unshared data size (kbytes): 0
	Average stack size (kbytes): 0
	Average total size (kbytes): 0
	Maximum resident set size (kbytes): 19540
	Average resident set size (kbytes): 0
	Major (requiring I/O) page faults: 0
	Minor (reclaiming a frame) page faults: 400427
	Voluntary context switches: 1091
	Involuntary context switches: 1052
	Swaps: 0
	File system inputs: 0
	File system outputs: 159312
	Socket messages sent: 0
	Socket messages received: 0
	Signals delivered: 0
	Page size (bytes): 4096
	Exit status: 0
