	Command being timed: "make -j64 ssh sshd scp sftp ssh-keygen ssh-agent"
	User time (seconds): 11.89
	System time (seconds): 1.96
	Percent of CPU this job got: 3177%
	Elapsed (wall clock) time (h:mm:ss or m:ss): 0:00.43
	Average shared text size (kbytes): 0
	Average unshared data size (kbytes): 0
	Average stack size (kbytes): 0
	Average total size (kbytes): 0
	Maximum resident set size (kbytes): 19448
	Average resident set size (kbytes): 0
	Major (requiring I/O) page faults: 0
	Minor (reclaiming a frame) page faults: 450050
	Voluntary context switches: 1255
	Involuntary context switches: 1187
	Swaps: 0
	File system inputs: 0
	File system outputs: 177728
	Socket messages sent: 0
	Socket messages received: 0
	Signals delivered: 0
	Page size (bytes): 4096
	Exit status: 0
