	Command being timed: "make -j64 ssh sshd scp sftp ssh-keygen ssh-agent"
	User time (seconds): 7.96
	System time (seconds): 1.47
	Percent of CPU this job got: 2706%
	Elapsed (wall clock) time (h:mm:ss or m:ss): 0:00.34
	Average shared text size (kbytes): 0
	Average unshared data size (kbytes): 0
	Average stack size (kbytes): 0
	Average total size (kbytes): 0
	Maximum resident set size (kbytes): 19648
	Average resident set size (kbytes): 0
	Major (requiring I/O) page faults: 0
	Minor (reclaiming a frame) page faults: 327254
	Voluntary context switches: 949
	Involuntary context switches: 841
	Swaps: 0
	File system inputs: 0
	File system outputs: 134760
	Socket messages sent: 0
	Socket messages received: 0
	Signals delivered: 0
	Page size (bytes): 4096
	Exit status: 0
