	Command being timed: "ninja -j48 chrome"
	User time (seconds): 101229.28
	System time (seconds): 5778.43
	Percent of CPU this job got: 4673%
	Elapsed (wall clock) time (h:mm:ss or m:ss): 38:09.47
	Average shared text size (kbytes): 0
	Average unshared data size (kbytes): 0
	Average stack size (kbytes): 0
	Average total size (kbytes): 0
	Maximum resident set size (kbytes): 2566784
	Average resident set size (kbytes): 0
	Major (requiring I/O) page faults: 0
	Minor (reclaiming a frame) page faults: 1828535379
	Voluntary context switches: 860239
	Involuntary context switches: 1353480
	Swaps: 0
	File system inputs: 8
	File system outputs: 5787400
	Socket messages sent: 0
	Socket messages received: 0
	Signals delivered: 0
	Page size (bytes): 4096
	Exit status: 0
