	Command being timed: "ninja -j48 chrome"
	User time (seconds): 101255.13
	System time (seconds): 5794.36
	Percent of CPU this job got: 4673%
	Elapsed (wall clock) time (h:mm:ss or m:ss): 38:10.63
	Average shared text size (kbytes): 0
	Average unshared data size (kbytes): 0
	Average stack size (kbytes): 0
	Average total size (kbytes): 0
	Maximum resident set size (kbytes): 2566928
	Average resident set size (kbytes): 0
	Major (requiring I/O) page faults: 0
	Minor (reclaiming a frame) page faults: 1828502638
	Voluntary context switches: 857522
	Involuntary context switches: 1350739
	Swaps: 0
	File system inputs: 0
	File system outputs: 5788608
	Socket messages sent: 0
	Socket messages received: 0
	Signals delivered: 0
	Page size (bytes): 4096
	Exit status: 0
