	Command being timed: "make -j385 llc"
	User time (seconds): 693.96
	System time (seconds): 82.60
	Percent of CPU this job got: 336%
	Elapsed (wall clock) time (h:mm:ss or m:ss): 3:50.90
	Average shared text size (kbytes): 0
	Average unshared data size (kbytes): 0
	Average stack size (kbytes): 0
	Average total size (kbytes): 0
	Maximum resident set size (kbytes): 541444
	Average resident set size (kbytes): 0
	Major (requiring I/O) page faults: 0
	Minor (reclaiming a frame) page faults: 17359915
	Voluntary context switches: 1253780
	Involuntary context switches: 1337066
	Swaps: 0
	File system inputs: 1120
	File system outputs: 1684608
	Socket messages sent: 0
	Socket messages received: 0
	Signals delivered: 0
	Page size (bytes): 4096
	Exit status: 0
