	Command being timed: "gg-reduce src/protoc"
	User time (seconds): 1.42
	System time (seconds): 0.57
	Percent of CPU this job got: 6%
	Elapsed (wall clock) time (h:mm:ss or m:ss): 0:30.31
	Average shared text size (kbytes): 0
	Average unshared data size (kbytes): 0
	Average stack size (kbytes): 0
	Average total size (kbytes): 0
	Maximum resident set size (kbytes): 214296
	Average resident set size (kbytes): 0
	Major (requiring I/O) page faults: 0
	Minor (reclaiming a frame) page faults: 40311
	Voluntary context switches: 11682
	Involuntary context switches: 298
	Swaps: 0
	File system inputs: 0
	File system outputs: 199312
	Socket messages sent: 0
	Socket messages received: 0
	Signals delivered: 0
	Page size (bytes): 4096
	Exit status: 0
