	Command being timed: "gg-run make -j4"
	User time (seconds): 33.35
	System time (seconds): 3.34
	Percent of CPU this job got: 313%
	Elapsed (wall clock) time (h:mm:ss or m:ss): 0:11.71
	Average shared text size (kbytes): 0
	Average unshared data size (kbytes): 0
	Average stack size (kbytes): 0
	Average total size (kbytes): 0
	Maximum resident set size (kbytes): 68396
	Average resident set size (kbytes): 0
	Major (requiring I/O) page faults: 0
	Minor (reclaiming a frame) page faults: 1148590
	Voluntary context switches: 17603
	Involuntary context switches: 13030
	Swaps: 0
	File system inputs: 0
	File system outputs: 219304
	Socket messages sent: 0
	Socket messages received: 0
	Signals delivered: 0
	Page size (bytes): 4096
	Exit status: 0
