	Command being timed: "gg-run make -j4 llc"
	User time (seconds): 519.63
	System time (seconds): 57.66
	Percent of CPU this job got: 289%
	Elapsed (wall clock) time (h:mm:ss or m:ss): 3:19.25
	Average shared text size (kbytes): 0
	Average unshared data size (kbytes): 0
	Average stack size (kbytes): 0
	Average total size (kbytes): 0
	Maximum resident set size (kbytes): 353412
	Average resident set size (kbytes): 0
	Major (requiring I/O) page faults: 0
	Minor (reclaiming a frame) page faults: 11108746
	Voluntary context switches: 58130
	Involuntary context switches: 64328
	Swaps: 0
	File system inputs: 0
	File system outputs: 1646912
	Socket messages sent: 0
	Socket messages received: 0
	Signals delivered: 0
	Page size (bytes): 4096
	Exit status: 0
