	Command being timed: "gg-reduce bin/llc"
	User time (seconds): 13.08
	System time (seconds): 4.36
	Percent of CPU this job got: 28%
	Elapsed (wall clock) time (h:mm:ss or m:ss): 1:00.82
	Average shared text size (kbytes): 0
	Average unshared data size (kbytes): 0
	Average stack size (kbytes): 0
	Average total size (kbytes): 0
	Maximum resident set size (kbytes): 892652
	Average resident set size (kbytes): 0
	Major (requiring I/O) page faults: 0
	Minor (reclaiming a frame) page faults: 206309
	Voluntary context switches: 15396
	Involuntary context switches: 361
	Swaps: 0
	File system inputs: 0
	File system outputs: 214392
	Socket messages sent: 0
	Socket messages received: 0
	Signals delivered: 0
	Page size (bytes): 4096
	Exit status: 0
