	Command being timed: "gg-reduce bin/llc"
	User time (seconds): 12.92
	System time (seconds): 4.69
	Percent of CPU this job got: 31%
	Elapsed (wall clock) time (h:mm:ss or m:ss): 0:55.56
	Average shared text size (kbytes): 0
	Average unshared data size (kbytes): 0
	Average stack size (kbytes): 0
	Average total size (kbytes): 0
	Maximum resident set size (kbytes): 924720
	Average resident set size (kbytes): 0
	Major (requiring I/O) page faults: 0
	Minor (reclaiming a frame) page faults: 208322
	Voluntary context switches: 16007
	Involuntary context switches: 370
	Swaps: 0
	File system inputs: 0
	File system outputs: 214392
	Socket messages sent: 0
	Socket messages received: 0
	Signals delivered: 0
	Page size (bytes): 4096
	Exit status: 0
