	Command being timed: "gg-reduce bin/llc"
	User time (seconds): 12.98
	System time (seconds): 4.73
	Percent of CPU this job got: 32%
	Elapsed (wall clock) time (h:mm:ss or m:ss): 0:54.66
	Average shared text size (kbytes): 0
	Average unshared data size (kbytes): 0
	Average stack size (kbytes): 0
	Average total size (kbytes): 0
	Maximum resident set size (kbytes): 909172
	Average resident set size (kbytes): 0
	Major (requiring I/O) page faults: 0
	Minor (reclaiming a frame) page faults: 206441
	Voluntary context switches: 16235
	Involuntary context switches: 440
	Swaps: 0
	File system inputs: 0
	File system outputs: 214392
	Socket messages sent: 0
	Socket messages received: 0
	Signals delivered: 0
	Page size (bytes): 4096
	Exit status: 0
