	Command being timed: "gg-run make -j4 llc"
	User time (seconds): 510.68
	System time (seconds): 56.12
	Percent of CPU this job got: 336%
	Elapsed (wall clock) time (h:mm:ss or m:ss): 2:48.64
	Average shared text size (kbytes): 0
	Average unshared data size (kbytes): 0
	Average stack size (kbytes): 0
	Average total size (kbytes): 0
	Maximum resident set size (kbytes): 354104
	Average resident set size (kbytes): 0
	Major (requiring I/O) page faults: 0
	Minor (reclaiming a frame) page faults: 11120319
	Voluntary context switches: 56512
	Involuntary context switches: 64493
	Swaps: 0
	File system inputs: 0
	File system outputs: 1698904
	Socket messages sent: 0
	Socket messages received: 0
	Signals delivered: 0
	Page size (bytes): 4096
	Exit status: 0
