	Command being timed: "gg-run make -j4 llc"
	User time (seconds): 510.82
	System time (seconds): 56.34
	Percent of CPU this job got: 350%
	Elapsed (wall clock) time (h:mm:ss or m:ss): 2:41.70
	Average shared text size (kbytes): 0
	Average unshared data size (kbytes): 0
	Average stack size (kbytes): 0
	Average total size (kbytes): 0
	Maximum resident set size (kbytes): 353092
	Average resident set size (kbytes): 0
	Major (requiring I/O) page faults: 0
	Minor (reclaiming a frame) page faults: 11104854
	Voluntary context switches: 57941
	Involuntary context switches: 64033
	Swaps: 0
	File system inputs: 0
	File system outputs: 1743976
	Socket messages sent: 0
	Socket messages received: 0
	Signals delivered: 0
	Page size (bytes): 4096
	Exit status: 0
