	Command being timed: "gg-run make -j4 llc"
	User time (seconds): 511.39
	System time (seconds): 55.74
	Percent of CPU this job got: 349%
	Elapsed (wall clock) time (h:mm:ss or m:ss): 2:42.24
	Average shared text size (kbytes): 0
	Average unshared data size (kbytes): 0
	Average stack size (kbytes): 0
	Average total size (kbytes): 0
	Maximum resident set size (kbytes): 354776
	Average resident set size (kbytes): 0
	Major (requiring I/O) page faults: 0
	Minor (reclaiming a frame) page faults: 11114411
	Voluntary context switches: 58041
	Involuntary context switches: 64591
	Swaps: 0
	File system inputs: 0
	File system outputs: 1747104
	Socket messages sent: 0
	Socket messages received: 0
	Signals delivered: 0
	Page size (bytes): 4096
	Exit status: 0
