	Command being timed: "gg-run make -j4 llc"
	User time (seconds): 510.04
	System time (seconds): 56.54
	Percent of CPU this job got: 350%
	Elapsed (wall clock) time (h:mm:ss or m:ss): 2:41.56
	Average shared text size (kbytes): 0
	Average unshared data size (kbytes): 0
	Average stack size (kbytes): 0
	Average total size (kbytes): 0
	Maximum resident set size (kbytes): 353780
	Average resident set size (kbytes): 0
	Major (requiring I/O) page faults: 0
	Minor (reclaiming a frame) page faults: 11107854
	Voluntary context switches: 56461
	Involuntary context switches: 63778
	Swaps: 0
	File system inputs: 0
	File system outputs: 1698000
	Socket messages sent: 0
	Socket messages received: 0
	Signals delivered: 0
	Page size (bytes): 4096
	Exit status: 0
