	Command being timed: "make -j65 cmake"
	User time (seconds): 60.11
	System time (seconds): 9.50
	Percent of CPU this job got: 253%
	Elapsed (wall clock) time (h:mm:ss or m:ss): 0:27.49
	Average shared text size (kbytes): 0
	Average unshared data size (kbytes): 0
	Average stack size (kbytes): 0
	Average total size (kbytes): 0
	Maximum resident set size (kbytes): 212888
	Average resident set size (kbytes): 0
	Major (requiring I/O) page faults: 0
	Minor (reclaiming a frame) page faults: 1832094
	Voluntary context switches: 124201
	Involuntary context switches: 127893
	Swaps: 0
	File system inputs: 0
	File system outputs: 394056
	Socket messages sent: 0
	Socket messages received: 0
	Signals delivered: 0
	Page size (bytes): 4096
	Exit status: 0
