	Command being timed: "make -j65 cmake"
	User time (seconds): 461.46
	System time (seconds): 33.16
	Percent of CPU this job got: 378%
	Elapsed (wall clock) time (h:mm:ss or m:ss): 2:10.66
	Average shared text size (kbytes): 0
	Average unshared data size (kbytes): 0
	Average stack size (kbytes): 0
	Average total size (kbytes): 0
	Maximum resident set size (kbytes): 377488
	Average resident set size (kbytes): 0
	Major (requiring I/O) page faults: 0
	Minor (reclaiming a frame) page faults: 10468663
	Voluntary context switches: 10156
	Involuntary context switches: 122248
	Swaps: 0
	File system inputs: 0
	File system outputs: 640728
	Socket messages sent: 0
	Socket messages received: 0
	Signals delivered: 0
	Page size (bytes): 4096
	Exit status: 0
