	Command being timed: "make -j65 cmake"
	User time (seconds): 58.74
	System time (seconds): 9.01
	Percent of CPU this job got: 248%
	Elapsed (wall clock) time (h:mm:ss or m:ss): 0:27.29
	Average shared text size (kbytes): 0
	Average unshared data size (kbytes): 0
	Average stack size (kbytes): 0
	Average total size (kbytes): 0
	Maximum resident set size (kbytes): 212852
	Average resident set size (kbytes): 0
	Major (requiring I/O) page faults: 0
	Minor (reclaiming a frame) page faults: 1771239
	Voluntary context switches: 124996
	Involuntary context switches: 128086
	Swaps: 0
	File system inputs: 0
	File system outputs: 391832
	Socket messages sent: 0
	Socket messages received: 0
	Signals delivered: 0
	Page size (bytes): 4096
	Exit status: 0
