	Command being timed: "make -j48 inkscape inkview"
	User time (seconds): 2855.75
	System time (seconds): 500.22
	Percent of CPU this job got: 3363%
	Elapsed (wall clock) time (h:mm:ss or m:ss): 1:39.78
	Average shared text size (kbytes): 0
	Average unshared data size (kbytes): 0
	Average stack size (kbytes): 0
	Average total size (kbytes): 0
	Maximum resident set size (kbytes): 622504
	Average resident set size (kbytes): 0
	Major (requiring I/O) page faults: 1
	Minor (reclaiming a frame) page faults: 73228789
	Voluntary context switches: 14616
	Involuntary context switches: 32490
	Swaps: 0
	File system inputs: 12368
	File system outputs: 648200
	Socket messages sent: 0
	Socket messages received: 0
	Signals delivered: 0
	Page size (bytes): 4096
	Exit status: 0
