	Command being timed: "make -j64"
	User time (seconds): 709.85
	System time (seconds): 108.29
	Percent of CPU this job got: 1246%
	Elapsed (wall clock) time (h:mm:ss or m:ss): 1:05.63
	Average shared text size (kbytes): 0
	Average unshared data size (kbytes): 0
	Average stack size (kbytes): 0
	Average total size (kbytes): 0
	Maximum resident set size (kbytes): 114656
	Average resident set size (kbytes): 0
	Major (requiring I/O) page faults: 1
	Minor (reclaiming a frame) page faults: 29961653
	Voluntary context switches: 149881
	Involuntary context switches: 57813
	Swaps: 0
	File system inputs: 264
	File system outputs: 1725992
	Socket messages sent: 0
	Socket messages received: 0
	Signals delivered: 0
	Page size (bytes): 4096
	Exit status: 0
