	Command being timed: "make -j64"
	User time (seconds): 929.56
	System time (seconds): 34.47
	Percent of CPU this job got: 2445%
	Elapsed (wall clock) time (h:mm:ss or m:ss): 0:39.42
	Average shared text size (kbytes): 0
	Average unshared data size (kbytes): 0
	Average stack size (kbytes): 0
	Average total size (kbytes): 0
	Maximum resident set size (kbytes): 219820
	Average resident set size (kbytes): 0
	Major (requiring I/O) page faults: 0
	Minor (reclaiming a frame) page faults: 11165310
	Voluntary context switches: 17133
	Involuntary context switches: 18442
	Swaps: 0
	File system inputs: 0
	File system outputs: 691600
	Socket messages sent: 0
	Socket messages received: 0
	Signals delivered: 0
	Page size (bytes): 4096
	Exit status: 0
