	Command being timed: "gg-run make -j4 clang"
	User time (seconds): 634.86
	System time (seconds): 74.97
	Percent of CPU this job got: 334%
	Elapsed (wall clock) time (h:mm:ss or m:ss): 3:32.40
	Average shared text size (kbytes): 0
	Average unshared data size (kbytes): 0
	Average stack size (kbytes): 0
	Average total size (kbytes): 0
	Maximum resident set size (kbytes): 352972
	Average resident set size (kbytes): 0
	Major (requiring I/O) page faults: 0
	Minor (reclaiming a frame) page faults: 14271569
	Voluntary context switches: 82272
	Involuntary context switches: 86342
	Swaps: 0
	File system inputs: 0
	File system outputs: 2131728
	Socket messages sent: 0
	Socket messages received: 0
	Signals delivered: 0
	Page size (bytes): 4096
	Exit status: 0
