	Command being timed: "make -j65 llc"
	User time (seconds): 716.26
	System time (seconds): 59.40
	Percent of CPU this job got: 314%
	Elapsed (wall clock) time (h:mm:ss or m:ss): 4:06.85
	Average shared text size (kbytes): 0
	Average unshared data size (kbytes): 0
	Average stack size (kbytes): 0
	Average total size (kbytes): 0
	Maximum resident set size (kbytes): 435596
	Average resident set size (kbytes): 0
	Major (requiring I/O) page faults: 0
	Minor (reclaiming a frame) page faults: 11267165
	Voluntary context switches: 1092313
	Involuntary context switches: 1173377
	Swaps: 0
	File system inputs: 0
	File system outputs: 1412328
	Socket messages sent: 0
	Socket messages received: 0
	Signals delivered: 0
	Page size (bytes): 4096
	Exit status: 0
