	Command being timed: "make -j65 llc"
	User time (seconds): 717.16
	System time (seconds): 58.04
	Percent of CPU this job got: 322%
	Elapsed (wall clock) time (h:mm:ss or m:ss): 4:00.30
	Average shared text size (kbytes): 0
	Average unshared data size (kbytes): 0
	Average stack size (kbytes): 0
	Average total size (kbytes): 0
	Maximum resident set size (kbytes): 435072
	Average resident set size (kbytes): 0
	Major (requiring I/O) page faults: 0
	Minor (reclaiming a frame) page faults: 11257229
	Voluntary context switches: 1090624
	Involuntary context switches: 1176949
	Swaps: 0
	File system inputs: 0
	File system outputs: 1411816
	Socket messages sent: 0
	Socket messages received: 0
	Signals delivered: 0
	Page size (bytes): 4096
	Exit status: 0
