	Command being timed: "make -j65 llc"
	User time (seconds): 715.91
	System time (seconds): 59.50
	Percent of CPU this job got: 315%
	Elapsed (wall clock) time (h:mm:ss or m:ss): 4:05.89
	Average shared text size (kbytes): 0
	Average unshared data size (kbytes): 0
	Average stack size (kbytes): 0
	Average total size (kbytes): 0
	Maximum resident set size (kbytes): 436848
	Average resident set size (kbytes): 0
	Major (requiring I/O) page faults: 0
	Minor (reclaiming a frame) page faults: 11272415
	Voluntary context switches: 1091750
	Involuntary context switches: 1174476
	Swaps: 0
	File system inputs: 0
	File system outputs: 1411984
	Socket messages sent: 0
	Socket messages received: 0
	Signals delivered: 0
	Page size (bytes): 4096
	Exit status: 0
