	Command being timed: "make -j65 llc"
	User time (seconds): 719.00
	System time (seconds): 60.11
	Percent of CPU this job got: 316%
	Elapsed (wall clock) time (h:mm:ss or m:ss): 4:06.52
	Average shared text size (kbytes): 0
	Average unshared data size (kbytes): 0
	Average stack size (kbytes): 0
	Average total size (kbytes): 0
	Maximum resident set size (kbytes): 435872
	Average resident set size (kbytes): 0
	Major (requiring I/O) page faults: 0
	Minor (reclaiming a frame) page faults: 11257663
	Voluntary context switches: 1090229
	Involuntary context switches: 1176284
	Swaps: 0
	File system inputs: 0
	File system outputs: 1412608
	Socket messages sent: 0
	Socket messages received: 0
	Signals delivered: 0
	Page size (bytes): 4096
	Exit status: 0
