	Command being timed: "gg-reduce bin/clang"
	User time (seconds): 13.45
	System time (seconds): 1.90
	Percent of CPU this job got: 4%
	Elapsed (wall clock) time (h:mm:ss or m:ss): 5:13.51
	Average shared text size (kbytes): 0
	Average unshared data size (kbytes): 0
	Average stack size (kbytes): 0
	Average total size (kbytes): 0
	Maximum resident set size (kbytes): 802412
	Average resident set size (kbytes): 0
	Major (requiring I/O) page faults: 0
	Minor (reclaiming a frame) page faults: 169091
	Voluntary context switches: 26098
	Involuntary context switches: 174
	Swaps: 0
	File system inputs: 0
	File system outputs: 352520
	Socket messages sent: 0
	Socket messages received: 0
	Signals delivered: 0
	Page size (bytes): 4096
	Exit status: 0
