	Command being timed: "gg-reduce bin/clang"
	User time (seconds): 13.07
	System time (seconds): 2.05
	Percent of CPU this job got: 4%
	Elapsed (wall clock) time (h:mm:ss or m:ss): 5:33.50
	Average shared text size (kbytes): 0
	Average unshared data size (kbytes): 0
	Average stack size (kbytes): 0
	Average total size (kbytes): 0
	Maximum resident set size (kbytes): 795860
	Average resident set size (kbytes): 0
	Major (requiring I/O) page faults: 0
	Minor (reclaiming a frame) page faults: 160339
	Voluntary context switches: 26147
	Involuntary context switches: 171
	Swaps: 0
	File system inputs: 0
	File system outputs: 352520
	Socket messages sent: 0
	Socket messages received: 0
	Signals delivered: 0
	Page size (bytes): 4096
	Exit status: 0
