	Command being timed: "gg-run make -j4 clang"
	User time (seconds): 623.77
	System time (seconds): 71.35
	Percent of CPU this job got: 301%
	Elapsed (wall clock) time (h:mm:ss or m:ss): 3:50.56
	Average shared text size (kbytes): 0
	Average unshared data size (kbytes): 0
	Average stack size (kbytes): 0
	Average total size (kbytes): 0
	Maximum resident set size (kbytes): 354152
	Average resident set size (kbytes): 0
	Major (requiring I/O) page faults: 0
	Minor (reclaiming a frame) page faults: 14243355
	Voluntary context switches: 75915
	Involuntary context switches: 84066
	Swaps: 0
	File system inputs: 0
	File system outputs: 2078368
	Socket messages sent: 0
	Socket messages received: 0
	Signals delivered: 0
	Page size (bytes): 4096
	Exit status: 0
