	Command being timed: "gg-reduce ssh sshd scp sftp ssh-keygen ssh-agent"
	User time (seconds): 1.38
	System time (seconds): 0.43
	Percent of CPU this job got: 18%
	Elapsed (wall clock) time (h:mm:ss or m:ss): 0:09.78
	Average shared text size (kbytes): 0
	Average unshared data size (kbytes): 0
	Average stack size (kbytes): 0
	Average total size (kbytes): 0
	Maximum resident set size (kbytes): 108264
	Average resident set size (kbytes): 0
	Major (requiring I/O) page faults: 0
	Minor (reclaiming a frame) page faults: 34884
	Voluntary context switches: 6756
	Involuntary context switches: 220
	Swaps: 0
	File system inputs: 0
	File system outputs: 47312
	Socket messages sent: 0
	Socket messages received: 0
	Signals delivered: 0
	Page size (bytes): 4096
	Exit status: 0
