	Command being timed: "make -j65 clang"
	User time (seconds): 905.47
	System time (seconds): 75.48
	Percent of CPU this job got: 300%
	Elapsed (wall clock) time (h:mm:ss or m:ss): 5:26.80
	Average shared text size (kbytes): 0
	Average unshared data size (kbytes): 0
	Average stack size (kbytes): 0
	Average total size (kbytes): 0
	Maximum resident set size (kbytes): 562996
	Average resident set size (kbytes): 0
	Major (requiring I/O) page faults: 0
	Minor (reclaiming a frame) page faults: 14686907
	Voluntary context switches: 1631264
	Involuntary context switches: 1485043
	Swaps: 0
	File system inputs: 16
	File system outputs: 2046808
	Socket messages sent: 0
	Socket messages received: 0
	Signals delivered: 0
	Page size (bytes): 4096
	Exit status: 0
