	Command being timed: "make -j65 clang"
	User time (seconds): 914.96
	System time (seconds): 77.52
	Percent of CPU this job got: 318%
	Elapsed (wall clock) time (h:mm:ss or m:ss): 5:11.48
	Average shared text size (kbytes): 0
	Average unshared data size (kbytes): 0
	Average stack size (kbytes): 0
	Average total size (kbytes): 0
	Maximum resident set size (kbytes): 562728
	Average resident set size (kbytes): 0
	Major (requiring I/O) page faults: 0
	Minor (reclaiming a frame) page faults: 14600186
	Voluntary context switches: 1640596
	Involuntary context switches: 1559292
	Swaps: 0
	File system inputs: 0
	File system outputs: 2046688
	Socket messages sent: 0
	Socket messages received: 0
	Signals delivered: 0
	Page size (bytes): 4096
	Exit status: 0
