	Command being timed: "make -j65 clang"
	User time (seconds): 906.02
	System time (seconds): 73.83
	Percent of CPU this job got: 305%
	Elapsed (wall clock) time (h:mm:ss or m:ss): 5:20.84
	Average shared text size (kbytes): 0
	Average unshared data size (kbytes): 0
	Average stack size (kbytes): 0
	Average total size (kbytes): 0
	Maximum resident set size (kbytes): 562704
	Average resident set size (kbytes): 0
	Major (requiring I/O) page faults: 0
	Minor (reclaiming a frame) page faults: 14662464
	Voluntary context switches: 1641707
	Involuntary context switches: 1580880
	Swaps: 0
	File system inputs: 0
	File system outputs: 2046984
	Socket messages sent: 0
	Socket messages received: 0
	Signals delivered: 0
	Page size (bytes): 4096
	Exit status: 0
