	Command being timed: "make -j65"
	User time (seconds): 297.37
	System time (seconds): 11.34
	Percent of CPU this job got: 323%
	Elapsed (wall clock) time (h:mm:ss or m:ss): 1:35.30
	Average shared text size (kbytes): 0
	Average unshared data size (kbytes): 0
	Average stack size (kbytes): 0
	Average total size (kbytes): 0
	Maximum resident set size (kbytes): 92740
	Average resident set size (kbytes): 0
	Major (requiring I/O) page faults: 0
	Minor (reclaiming a frame) page faults: 3494856
	Voluntary context switches: 130911
	Involuntary context switches: 169874
	Swaps: 0
	File system inputs: 0
	File system outputs: 523168
	Socket messages sent: 0
	Socket messages received: 0
	Signals delivered: 0
	Page size (bytes): 4096
	Exit status: 0
