	Command being timed: "make -j64 llc"
	User time (seconds): 199.30
	System time (seconds): 22.71
	Percent of CPU this job got: 1087%
	Elapsed (wall clock) time (h:mm:ss or m:ss): 0:20.41
	Average shared text size (kbytes): 0
	Average unshared data size (kbytes): 0
	Average stack size (kbytes): 0
	Average total size (kbytes): 0
	Maximum resident set size (kbytes): 352948
	Average resident set size (kbytes): 0
	Major (requiring I/O) page faults: 0
	Minor (reclaiming a frame) page faults: 5712227
	Voluntary context switches: 23086
	Involuntary context switches: 11804
	Swaps: 0
	File system inputs: 0
	File system outputs: 1635776
	Socket messages sent: 0
	Socket messages received: 0
	Signals delivered: 0
	Page size (bytes): 4096
	Exit status: 0
