	Command being timed: "make -j64 llc"
	User time (seconds): 8281.57
	System time (seconds): 587.50
	Percent of CPU this job got: 5348%
	Elapsed (wall clock) time (h:mm:ss or m:ss): 2:45.83
	Average shared text size (kbytes): 0
	Average unshared data size (kbytes): 0
	Average stack size (kbytes): 0
	Average total size (kbytes): 0
	Maximum resident set size (kbytes): 849584
	Average resident set size (kbytes): 0
	Major (requiring I/O) page faults: 0
	Minor (reclaiming a frame) page faults: 129294234
	Voluntary context switches: 323465
	Involuntary context switches: 88973
	Swaps: 0
	File system inputs: 0
	File system outputs: 10577928
	Socket messages sent: 0
	Socket messages received: 0
	Signals delivered: 0
	Page size (bytes): 4096
	Exit status: 0
