	Command being timed: "gg-force --engine lambda --jobs 2000 --timeout 2 bin/inkscape bin/inkview"
	User time (seconds): 9.82
	System time (seconds): 3.88
	Percent of CPU this job got: 27%
	Elapsed (wall clock) time (h:mm:ss or m:ss): 0:49.85
	Average shared text size (kbytes): 0
	Average unshared data size (kbytes): 0
	Average stack size (kbytes): 0
	Average total size (kbytes): 0
	Maximum resident set size (kbytes): 943736
	Average resident set size (kbytes): 0
	Major (requiring I/O) page faults: 0
	Minor (reclaiming a frame) page faults: 369131
	Voluntary context switches: 12546
	Involuntary context switches: 244
	Swaps: 0
	File system inputs: 0
	File system outputs: 58560
	Socket messages sent: 0
	Socket messages received: 0
	Signals delivered: 0
	Page size (bytes): 4096
	Exit status: 0
