	Command being timed: "gg-infer make -j4 inkscape inkview"
	User time (seconds): 389.84
	System time (seconds): 92.02
	Percent of CPU this job got: 192%
	Elapsed (wall clock) time (h:mm:ss or m:ss): 4:10.03
	Average shared text size (kbytes): 0
	Average unshared data size (kbytes): 0
	Average stack size (kbytes): 0
	Average total size (kbytes): 0
	Maximum resident set size (kbytes): 404632
	Average resident set size (kbytes): 0
	Major (requiring I/O) page faults: 0
	Minor (reclaiming a frame) page faults: 14759045
	Voluntary context switches: 20753
	Involuntary context switches: 90322
	Swaps: 0
	File system inputs: 0
	File system outputs: 1451664
	Socket messages sent: 0
	Socket messages received: 0
	Signals delivered: 0
	Page size (bytes): 4096
	Exit status: 0
