	Command being timed: "gg-force --engine lambda --jobs 2000 --timeout 2 bin/inkscape bin/inkview"
	User time (seconds): 9.86
	System time (seconds): 3.91
	Percent of CPU this job got: 26%
	Elapsed (wall clock) time (h:mm:ss or m:ss): 0:52.51
	Average shared text size (kbytes): 0
	Average unshared data size (kbytes): 0
	Average stack size (kbytes): 0
	Average total size (kbytes): 0
	Maximum resident set size (kbytes): 916784
	Average resident set size (kbytes): 0
	Major (requiring I/O) page faults: 0
	Minor (reclaiming a frame) page faults: 354133
	Voluntary context switches: 12458
	Involuntary context switches: 201
	Swaps: 0
	File system inputs: 0
	File system outputs: 58592
	Socket messages sent: 0
	Socket messages received: 0
	Signals delivered: 0
	Page size (bytes): 4096
	Exit status: 0
