	Command being timed: "gg-infer make -j4 inkscape inkview"
	User time (seconds): 392.62
	System time (seconds): 92.03
	Percent of CPU this job got: 192%
	Elapsed (wall clock) time (h:mm:ss or m:ss): 4:11.66
	Average shared text size (kbytes): 0
	Average unshared data size (kbytes): 0
	Average stack size (kbytes): 0
	Average total size (kbytes): 0
	Maximum resident set size (kbytes): 405088
	Average resident set size (kbytes): 0
	Major (requiring I/O) page faults: 0
	Minor (reclaiming a frame) page faults: 14758521
	Voluntary context switches: 20986
	Involuntary context switches: 90648
	Swaps: 0
	File system inputs: 0
	File system outputs: 1451584
	Socket messages sent: 0
	Socket messages received: 0
	Signals delivered: 0
	Page size (bytes): 4096
	Exit status: 0
