	Command being timed: "gg-force --engine lambda --jobs 2000 --timeout 2 bin/inkscape bin/inkview"
	User time (seconds): 9.76
	System time (seconds): 3.78
	Percent of CPU this job got: 29%
	Elapsed (wall clock) time (h:mm:ss or m:ss): 0:46.58
	Average shared text size (kbytes): 0
	Average unshared data size (kbytes): 0
	Average stack size (kbytes): 0
	Average total size (kbytes): 0
	Maximum resident set size (kbytes): 967180
	Average resident set size (kbytes): 0
	Major (requiring I/O) page faults: 0
	Minor (reclaiming a frame) page faults: 352456
	Voluntary context switches: 12078
	Involuntary context switches: 138
	Swaps: 0
	File system inputs: 0
	File system outputs: 58544
	Socket messages sent: 0
	Socket messages received: 0
	Signals delivered: 0
	Page size (bytes): 4096
	Exit status: 0
