	Command being timed: "gg-run make -j64"
	User time (seconds): 1.51
	System time (seconds): 0.66
	Percent of CPU this job got: 159%
	Elapsed (wall clock) time (h:mm:ss or m:ss): 0:01.36
	Average shared text size (kbytes): 0
	Average unshared data size (kbytes): 0
	Average stack size (kbytes): 0
	Average total size (kbytes): 0
	Maximum resident set size (kbytes): 45684
	Average resident set size (kbytes): 0
	Major (requiring I/O) page faults: 25
	Minor (reclaiming a frame) page faults: 142959
	Voluntary context switches: 3200
	Involuntary context switches: 62
	Swaps: 0
	File system inputs: 5216
	File system outputs: 270584
	Socket messages sent: 0
	Socket messages received: 0
	Signals delivered: 0
	Page size (bytes): 4096
	Exit status: 0
