	Command being timed: "gg-reduce src/frontend/mosh-server src/frontend/mosh-client"
	User time (seconds): 30.92
	System time (seconds): 2.03
	Percent of CPU this job got: 739%
	Elapsed (wall clock) time (h:mm:ss or m:ss): 0:04.45
	Average shared text size (kbytes): 0
	Average unshared data size (kbytes): 0
	Average stack size (kbytes): 0
	Average total size (kbytes): 0
	Maximum resident set size (kbytes): 228716
	Average resident set size (kbytes): 0
	Major (requiring I/O) page faults: 0
	Minor (reclaiming a frame) page faults: 929736
	Voluntary context switches: 703
	Involuntary context switches: 213
	Swaps: 0
	File system inputs: 0
	File system outputs: 209720
	Socket messages sent: 0
	Socket messages received: 0
	Signals delivered: 0
	Page size (bytes): 4096
	Exit status: 0
