	Command being timed: "gg-reduce src/frontend/mosh-server src/frontend/mosh-client"
	User time (seconds): 31.11
	System time (seconds): 1.74
	Percent of CPU this job got: 753%
	Elapsed (wall clock) time (h:mm:ss or m:ss): 0:04.36
	Average shared text size (kbytes): 0
	Average unshared data size (kbytes): 0
	Average stack size (kbytes): 0
	Average total size (kbytes): 0
	Maximum resident set size (kbytes): 230060
	Average resident set size (kbytes): 0
	Major (requiring I/O) page faults: 0
	Minor (reclaiming a frame) page faults: 913567
	Voluntary context switches: 714
	Involuntary context switches: 199
	Swaps: 0
	File system inputs: 0
	File system outputs: 209840
	Socket messages sent: 0
	Socket messages received: 0
	Signals delivered: 0
	Page size (bytes): 4096
	Exit status: 0
