	Command being timed: "gg-reduce src/frontend/mosh-server src/frontend/mosh-client"
	User time (seconds): 0.02
	System time (seconds): 0.01
	Percent of CPU this job got: 72%
	Elapsed (wall clock) time (h:mm:ss or m:ss): 0:00.05
	Average shared text size (kbytes): 0
	Average unshared data size (kbytes): 0
	Average stack size (kbytes): 0
	Average total size (kbytes): 0
	Maximum resident set size (kbytes): 27936
	Average resident set size (kbytes): 0
	Major (requiring I/O) page faults: 0
	Minor (reclaiming a frame) page faults: 4688
	Voluntary context switches: 19
	Involuntary context switches: 2
	Swaps: 0
	File system inputs: 0
	File system outputs: 20464
	Socket messages sent: 0
	Socket messages received: 0
	Signals delivered: 0
	Page size (bytes): 4096
	Exit status: 0
