	Command being timed: "gg-build-infer make -j4"
	User time (seconds): 145.75
	System time (seconds): 34.63
	Percent of CPU this job got: 306%
	Elapsed (wall clock) time (h:mm:ss or m:ss): 0:58.83
	Average shared text size (kbytes): 0
	Average unshared data size (kbytes): 0
	Average stack size (kbytes): 0
	Average total size (kbytes): 0
	Maximum resident set size (kbytes): 84016
	Average resident set size (kbytes): 0
	Major (requiring I/O) page faults: 5
	Minor (reclaiming a frame) page faults: 13322622
	Voluntary context switches: 186867
	Involuntary context switches: 81278
	Swaps: 0
	File system inputs: 264264
	File system outputs: 868192
	Socket messages sent: 0
	Socket messages received: 0
	Signals delivered: 0
	Page size (bytes): 4096
	Exit status: 0
