	Command being timed: "/home/ubuntu/excamera-results/scripts/run_K.sh sintel 16 888 0 24"
	User time (seconds): 14.92
	System time (seconds): 4.53
	Percent of CPU this job got: 24%
	Elapsed (wall clock) time (h:mm:ss or m:ss): 1:18.14
	Average shared text size (kbytes): 0
	Average unshared data size (kbytes): 0
	Average stack size (kbytes): 0
	Average total size (kbytes): 0
	Maximum resident set size (kbytes): 94820
	Average resident set size (kbytes): 0
	Major (requiring I/O) page faults: 0
	Minor (reclaiming a frame) page faults: 87297
	Voluntary context switches: 2771
	Involuntary context switches: 382
	Swaps: 0
	File system inputs: 0
	File system outputs: 1008
	Socket messages sent: 0
	Socket messages received: 0
	Signals delivered: 0
	Page size (bytes): 4096
	Exit status: 0
