	Command being timed: "gg-run make -j4"
	User time (seconds): 409.57
	System time (seconds): 115.89
	Percent of CPU this job got: 343%
	Elapsed (wall clock) time (h:mm:ss or m:ss): 2:32.87
	Average shared text size (kbytes): 0
	Average unshared data size (kbytes): 0
	Average stack size (kbytes): 0
	Average total size (kbytes): 0
	Maximum resident set size (kbytes): 168340
	Average resident set size (kbytes): 0
	Major (requiring I/O) page faults: 0
	Minor (reclaiming a frame) page faults: 9250423
	Voluntary context switches: 28203
	Involuntary context switches: 70553
	Swaps: 0
	File system inputs: 0
	File system outputs: 1610184
	Socket messages sent: 0
	Socket messages received: 0
	Signals delivered: 0
	Page size (bytes): 4096
	Exit status: 0
