	Command being timed: "gg-reduce src/inkscape src/inkview"
	User time (seconds): 18.56
	System time (seconds): 4.60
	Percent of CPU this job got: 31%
	Elapsed (wall clock) time (h:mm:ss or m:ss): 1:14.14
	Average shared text size (kbytes): 0
	Average unshared data size (kbytes): 0
	Average stack size (kbytes): 0
	Average total size (kbytes): 0
	Maximum resident set size (kbytes): 1205588
	Average resident set size (kbytes): 0
	Major (requiring I/O) page faults: 0
	Minor (reclaiming a frame) page faults: 294144
	Voluntary context switches: 25223
	Involuntary context switches: 384
	Swaps: 0
	File system inputs: 0
	File system outputs: 198904
	Socket messages sent: 0
	Socket messages received: 0
	Signals delivered: 0
	Page size (bytes): 4096
	Exit status: 0
