	Command being timed: "gg-run make -j4"
	User time (seconds): 408.86
	System time (seconds): 115.52
	Percent of CPU this job got: 339%
	Elapsed (wall clock) time (h:mm:ss or m:ss): 2:34.54
	Average shared text size (kbytes): 0
	Average unshared data size (kbytes): 0
	Average stack size (kbytes): 0
	Average total size (kbytes): 0
	Maximum resident set size (kbytes): 168460
	Average resident set size (kbytes): 0
	Major (requiring I/O) page faults: 0
	Minor (reclaiming a frame) page faults: 9266670
	Voluntary context switches: 30401
	Involuntary context switches: 70226
	Swaps: 0
	File system inputs: 0
	File system outputs: 1614328
	Socket messages sent: 0
	Socket messages received: 0
	Signals delivered: 0
	Page size (bytes): 4096
	Exit status: 0
