	Command being timed: "make -j65"
	User time (seconds): 964.65
	System time (seconds): 120.85
	Percent of CPU this job got: 360%
	Elapsed (wall clock) time (h:mm:ss or m:ss): 5:01.16
	Average shared text size (kbytes): 0
	Average unshared data size (kbytes): 0
	Average stack size (kbytes): 0
	Average total size (kbytes): 0
	Maximum resident set size (kbytes): 173140
	Average resident set size (kbytes): 0
	Major (requiring I/O) page faults: 1
	Minor (reclaiming a frame) page faults: 13398399
	Voluntary context switches: 883839
	Involuntary context switches: 1060540
	Swaps: 0
	File system inputs: 9264
	File system outputs: 585224
	Socket messages sent: 0
	Socket messages received: 0
	Signals delivered: 0
	Page size (bytes): 4096
	Exit status: 0
