	Command being timed: "make -j65 inkscape inkview"
	User time (seconds): 838.57
	System time (seconds): 304.56
	Percent of CPU this job got: 192%
	Elapsed (wall clock) time (h:mm:ss or m:ss): 9:54.70
	Average shared text size (kbytes): 0
	Average unshared data size (kbytes): 0
	Average stack size (kbytes): 0
	Average total size (kbytes): 0
	Maximum resident set size (kbytes): 545780
	Average resident set size (kbytes): 0
	Major (requiring I/O) page faults: 245
	Minor (reclaiming a frame) page faults: 23635224
	Voluntary context switches: 1118412
	Involuntary context switches: 1337029
	Swaps: 0
	File system inputs: 534056
	File system outputs: 397856
	Socket messages sent: 0
	Socket messages received: 0
	Signals delivered: 0
	Page size (bytes): 4096
	Exit status: 0
