	Command being timed: "make -j65 inkscape inkview"
	User time (seconds): 816.72
	System time (seconds): 299.02
	Percent of CPU this job got: 191%
	Elapsed (wall clock) time (h:mm:ss or m:ss): 9:42.11
	Average shared text size (kbytes): 0
	Average unshared data size (kbytes): 0
	Average stack size (kbytes): 0
	Average total size (kbytes): 0
	Maximum resident set size (kbytes): 541852
	Average resident set size (kbytes): 0
	Major (requiring I/O) page faults: 6
	Minor (reclaiming a frame) page faults: 23514450
	Voluntary context switches: 1116249
	Involuntary context switches: 1334861
	Swaps: 0
	File system inputs: 186872
	File system outputs: 396872
	Socket messages sent: 0
	Socket messages received: 0
	Signals delivered: 0
	Page size (bytes): 4096
	Exit status: 0
