	Command being timed: "make -j65 inkscape inkview"
	User time (seconds): 821.24
	System time (seconds): 300.67
	Percent of CPU this job got: 191%
	Elapsed (wall clock) time (h:mm:ss or m:ss): 9:46.10
	Average shared text size (kbytes): 0
	Average unshared data size (kbytes): 0
	Average stack size (kbytes): 0
	Average total size (kbytes): 0
	Maximum resident set size (kbytes): 563112
	Average resident set size (kbytes): 0
	Major (requiring I/O) page faults: 392
	Minor (reclaiming a frame) page faults: 23540478
	Voluntary context switches: 1120825
	Involuntary context switches: 1335130
	Swaps: 0
	File system inputs: 378384
	File system outputs: 396752
	Socket messages sent: 0
	Socket messages received: 0
	Signals delivered: 0
	Page size (bytes): 4096
	Exit status: 0
