	Command being timed: "gg-run make -j64"
	User time (seconds): 1.47
	System time (seconds): 0.72
	Percent of CPU this job got: 40%
	Elapsed (wall clock) time (h:mm:ss or m:ss): 0:05.44
	Average shared text size (kbytes): 0
	Average unshared data size (kbytes): 0
	Average stack size (kbytes): 0
	Average total size (kbytes): 0
	Maximum resident set size (kbytes): 45656
	Average resident set size (kbytes): 0
	Major (requiring I/O) page faults: 23
	Minor (reclaiming a frame) page faults: 142137
	Voluntary context switches: 3846
	Involuntary context switches: 80
	Swaps: 0
	File system inputs: 58104
	File system outputs: 271120
	Socket messages sent: 0
	Socket messages received: 0
	Signals delivered: 0
	Page size (bytes): 4096
	Exit status: 0
