	Command being timed: "gg-infer make -j64"
	User time (seconds): 19.16
	System time (seconds): 13.12
	Percent of CPU this job got: 1701%
	Elapsed (wall clock) time (h:mm:ss or m:ss): 0:01.89
	Average shared text size (kbytes): 0
	Average unshared data size (kbytes): 0
	Average stack size (kbytes): 0
	Average total size (kbytes): 0
	Maximum resident set size (kbytes): 17176
	Average resident set size (kbytes): 0
	Major (requiring I/O) page faults: 0
	Minor (reclaiming a frame) page faults: 1702122
	Voluntary context switches: 20073
	Involuntary context switches: 6500
	Swaps: 0
	File system inputs: 8
	File system outputs: 139024
	Socket messages sent: 0
	Socket messages received: 0
	Signals delivered: 0
	Page size (bytes): 4096
	Exit status: 0
