	Command being timed: "gg-infer make -j64"
	User time (seconds): 95.63
	System time (seconds): 38.96
	Percent of CPU this job got: 1917%
	Elapsed (wall clock) time (h:mm:ss or m:ss): 0:07.01
	Average shared text size (kbytes): 0
	Average unshared data size (kbytes): 0
	Average stack size (kbytes): 0
	Average total size (kbytes): 0
	Maximum resident set size (kbytes): 44884
	Average resident set size (kbytes): 0
	Major (requiring I/O) page faults: 0
	Minor (reclaiming a frame) page faults: 5069352
	Voluntary context switches: 47567
	Involuntary context switches: 18167
	Swaps: 0
	File system inputs: 3288
	File system outputs: 3716512
	Socket messages sent: 0
	Socket messages received: 0
	Signals delivered: 0
	Page size (bytes): 4096
	Exit status: 0
