	Command being timed: "gg-run make -j64"
	User time (seconds): 205.53
	System time (seconds): 29.22
	Percent of CPU this job got: 681%
	Elapsed (wall clock) time (h:mm:ss or m:ss): 0:34.46
	Average shared text size (kbytes): 0
	Average unshared data size (kbytes): 0
	Average stack size (kbytes): 0
	Average total size (kbytes): 0
	Maximum resident set size (kbytes): 68688
	Average resident set size (kbytes): 0
	Major (requiring I/O) page faults: 0
	Minor (reclaiming a frame) page faults: 4459323
	Voluntary context switches: 34553
	Involuntary context switches: 21581
	Swaps: 0
	File system inputs: 0
	File system outputs: 2774520
	Socket messages sent: 0
	Socket messages received: 0
	Signals delivered: 0
	Page size (bytes): 4096
	Exit status: 0
