	Command being timed: "gg-reduce ffmpeg ffserver ffprobe"
	User time (seconds): 948.25
	System time (seconds): 64.83
	Percent of CPU this job got: 3585%
	Elapsed (wall clock) time (h:mm:ss or m:ss): 0:28.25
	Average shared text size (kbytes): 0
	Average unshared data size (kbytes): 0
	Average stack size (kbytes): 0
	Average total size (kbytes): 0
	Maximum resident set size (kbytes): 264832
	Average resident set size (kbytes): 0
	Major (requiring I/O) page faults: 0
	Minor (reclaiming a frame) page faults: 18812044
	Voluntary context switches: 31172
	Involuntary context switches: 19781
	Swaps: 0
	File system inputs: 40
	File system outputs: 3742128
	Socket messages sent: 0
	Socket messages received: 0
	Signals delivered: 0
	Page size (bytes): 4096
	Exit status: 0
