	Command being timed: "gg-infer make -j64"
	User time (seconds): 19.17
	System time (seconds): 12.95
	Percent of CPU this job got: 1721%
	Elapsed (wall clock) time (h:mm:ss or m:ss): 0:01.86
	Average shared text size (kbytes): 0
	Average unshared data size (kbytes): 0
	Average stack size (kbytes): 0
	Average total size (kbytes): 0
	Maximum resident set size (kbytes): 17224
	Average resident set size (kbytes): 0
	Major (requiring I/O) page faults: 0
	Minor (reclaiming a frame) page faults: 1703234
	Voluntary context switches: 19439
	Involuntary context switches: 6520
	Swaps: 0
	File system inputs: 0
	File system outputs: 139024
	Socket messages sent: 0
	Socket messages received: 0
	Signals delivered: 0
	Page size (bytes): 4096
	Exit status: 0
