	Command being timed: "gg-reduce ffmpeg ffserver ffprobe"
	User time (seconds): 949.25
	System time (seconds): 64.66
	Percent of CPU this job got: 3588%
	Elapsed (wall clock) time (h:mm:ss or m:ss): 0:28.25
	Average shared text size (kbytes): 0
	Average unshared data size (kbytes): 0
	Average stack size (kbytes): 0
	Average total size (kbytes): 0
	Maximum resident set size (kbytes): 264672
	Average resident set size (kbytes): 0
	Major (requiring I/O) page faults: 0
	Minor (reclaiming a frame) page faults: 18761357
	Voluntary context switches: 31298
	Involuntary context switches: 19357
	Swaps: 0
	File system inputs: 96
	File system outputs: 3742128
	Socket messages sent: 0
	Socket messages received: 0
	Signals delivered: 0
	Page size (bytes): 4096
	Exit status: 0
