	Command being timed: "gg-run make -j64"
	User time (seconds): 151.63
	System time (seconds): 7.42
	Percent of CPU this job got: 577%
	Elapsed (wall clock) time (h:mm:ss or m:ss): 0:27.53
	Average shared text size (kbytes): 0
	Average unshared data size (kbytes): 0
	Average stack size (kbytes): 0
	Average total size (kbytes): 0
	Maximum resident set size (kbytes): 68660
	Average resident set size (kbytes): 0
	Major (requiring I/O) page faults: 0
	Minor (reclaiming a frame) page faults: 2175793
	Voluntary context switches: 15587
	Involuntary context switches: 8017
	Swaps: 0
	File system inputs: 0
	File system outputs: 103104
	Socket messages sent: 0
	Socket messages received: 0
	Signals delivered: 0
	Page size (bytes): 4096
	Exit status: 0
