	Command being timed: "gg-reduce ffmpeg ffserver ffprobe"
	User time (seconds): 949.02
	System time (seconds): 64.98
	Percent of CPU this job got: 3575%
	Elapsed (wall clock) time (h:mm:ss or m:ss): 0:28.36
	Average shared text size (kbytes): 0
	Average unshared data size (kbytes): 0
	Average stack size (kbytes): 0
	Average total size (kbytes): 0
	Maximum resident set size (kbytes): 263592
	Average resident set size (kbytes): 0
	Major (requiring I/O) page faults: 0
	Minor (reclaiming a frame) page faults: 18830420
	Voluntary context switches: 31246
	Involuntary context switches: 19575
	Swaps: 0
	File system inputs: 72
	File system outputs: 3742128
	Socket messages sent: 0
	Socket messages received: 0
	Signals delivered: 0
	Page size (bytes): 4096
	Exit status: 0
