	Command being timed: "gg-run make -j64"
	User time (seconds): 152.85
	System time (seconds): 7.60
	Percent of CPU this job got: 572%
	Elapsed (wall clock) time (h:mm:ss or m:ss): 0:28.05
	Average shared text size (kbytes): 0
	Average unshared data size (kbytes): 0
	Average stack size (kbytes): 0
	Average total size (kbytes): 0
	Maximum resident set size (kbytes): 68776
	Average resident set size (kbytes): 0
	Major (requiring I/O) page faults: 0
	Minor (reclaiming a frame) page faults: 2187452
	Voluntary context switches: 15276
	Involuntary context switches: 8184
	Swaps: 0
	File system inputs: 0
	File system outputs: 103104
	Socket messages sent: 0
	Socket messages received: 0
	Signals delivered: 0
	Page size (bytes): 4096
	Exit status: 0
