	Command being timed: "make -j48 llc"
	User time (seconds): 7008.25
	System time (seconds): 388.14
	Percent of CPU this job got: 4237%
	Elapsed (wall clock) time (h:mm:ss or m:ss): 2:54.53
	Average shared text size (kbytes): 0
	Average unshared data size (kbytes): 0
	Average stack size (kbytes): 0
	Average total size (kbytes): 0
	Maximum resident set size (kbytes): 985280
	Average resident set size (kbytes): 0
	Major (requiring I/O) page faults: 204
	Minor (reclaiming a frame) page faults: 136348838
	Voluntary context switches: 48197
	Involuntary context switches: 47063
	Swaps: 0
	File system inputs: 173432
	File system outputs: 2281160
	Socket messages sent: 0
	Socket messages received: 0
	Signals delivered: 0
	Page size (bytes): 4096
	Exit status: 0
