	Command being timed: "make -j48 llc"
	User time (seconds): 6998.71
	System time (seconds): 389.41
	Percent of CPU this job got: 4076%
	Elapsed (wall clock) time (h:mm:ss or m:ss): 3:01.24
	Average shared text size (kbytes): 0
	Average unshared data size (kbytes): 0
	Average stack size (kbytes): 0
	Average total size (kbytes): 0
	Maximum resident set size (kbytes): 985756
	Average resident set size (kbytes): 0
	Major (requiring I/O) page faults: 0
	Minor (reclaiming a frame) page faults: 136353625
	Voluntary context switches: 43915
	Involuntary context switches: 47291
	Swaps: 0
	File system inputs: 0
	File system outputs: 2281160
	Socket messages sent: 0
	Socket messages received: 0
	Signals delivered: 0
	Page size (bytes): 4096
	Exit status: 0
