	Command being timed: "gg-infer make -j64"
	User time (seconds): 360.97
	System time (seconds): 102.56
	Percent of CPU this job got: 1133%
	Elapsed (wall clock) time (h:mm:ss or m:ss): 0:40.87
	Average shared text size (kbytes): 0
	Average unshared data size (kbytes): 0
	Average stack size (kbytes): 0
	Average total size (kbytes): 0
	Maximum resident set size (kbytes): 83604
	Average resident set size (kbytes): 0
	Major (requiring I/O) page faults: 0
	Minor (reclaiming a frame) page faults: 16695764
	Voluntary context switches: 242962
	Involuntary context switches: 52203
	Swaps: 0
	File system inputs: 3360
	File system outputs: 2274464
	Socket messages sent: 0
	Socket messages received: 0
	Signals delivered: 0
	Page size (bytes): 4096
	Exit status: 0
