	Command being timed: "gg-force --jobs 64 app/.libs/gimp-2.8 app/.libs/gimp-console-2.8"
	User time (seconds): 631.98
	System time (seconds): 99.90
	Percent of CPU this job got: 4545%
	Elapsed (wall clock) time (h:mm:ss or m:ss): 0:16.10
	Average shared text size (kbytes): 0
	Average unshared data size (kbytes): 0
	Average stack size (kbytes): 0
	Average total size (kbytes): 0
	Maximum resident set size (kbytes): 201304
	Average resident set size (kbytes): 0
	Major (requiring I/O) page faults: 0
	Minor (reclaiming a frame) page faults: 20667937
	Voluntary context switches: 19233
	Involuntary context switches: 10848
	Swaps: 0
	File system inputs: 16
	File system outputs: 4299832
	Socket messages sent: 0
	Socket messages received: 0
	Signals delivered: 0
	Page size (bytes): 4096
	Exit status: 0
