	Command being timed: "gg-infer make -j64"
	User time (seconds): 362.00
	System time (seconds): 103.30
	Percent of CPU this job got: 1118%
	Elapsed (wall clock) time (h:mm:ss or m:ss): 0:41.60
	Average shared text size (kbytes): 0
	Average unshared data size (kbytes): 0
	Average stack size (kbytes): 0
	Average total size (kbytes): 0
	Maximum resident set size (kbytes): 83704
	Average resident set size (kbytes): 0
	Major (requiring I/O) page faults: 0
	Minor (reclaiming a frame) page faults: 16692813
	Voluntary context switches: 255007
	Involuntary context switches: 52069
	Swaps: 0
	File system inputs: 0
	File system outputs: 2296920
	Socket messages sent: 0
	Socket messages received: 0
	Signals delivered: 0
	Page size (bytes): 4096
	Exit status: 0
