	Command being timed: "gg-infer make -j64"
	User time (seconds): 359.91
	System time (seconds): 100.49
	Percent of CPU this job got: 1193%
	Elapsed (wall clock) time (h:mm:ss or m:ss): 0:38.56
	Average shared text size (kbytes): 0
	Average unshared data size (kbytes): 0
	Average stack size (kbytes): 0
	Average total size (kbytes): 0
	Maximum resident set size (kbytes): 83660
	Average resident set size (kbytes): 0
	Major (requiring I/O) page faults: 0
	Minor (reclaiming a frame) page faults: 16693744
	Voluntary context switches: 214864
	Involuntary context switches: 52760
	Swaps: 0
	File system inputs: 0
	File system outputs: 2183504
	Socket messages sent: 0
	Socket messages received: 0
	Signals delivered: 0
	Page size (bytes): 4096
	Exit status: 0
