	Command being timed: "gg-infer make -j64"
	User time (seconds): 361.27
	System time (seconds): 102.09
	Percent of CPU this job got: 1129%
	Elapsed (wall clock) time (h:mm:ss or m:ss): 0:41.01
	Average shared text size (kbytes): 0
	Average unshared data size (kbytes): 0
	Average stack size (kbytes): 0
	Average total size (kbytes): 0
	Maximum resident set size (kbytes): 83668
	Average resident set size (kbytes): 0
	Major (requiring I/O) page faults: 0
	Minor (reclaiming a frame) page faults: 16700981
	Voluntary context switches: 243789
	Involuntary context switches: 52171
	Swaps: 0
	File system inputs: 0
	File system outputs: 2307184
	Socket messages sent: 0
	Socket messages received: 0
	Signals delivered: 0
	Page size (bytes): 4096
	Exit status: 0
