	Command being timed: "gg-infer make -j64"
	User time (seconds): 362.12
	System time (seconds): 104.74
	Percent of CPU this job got: 1129%
	Elapsed (wall clock) time (h:mm:ss or m:ss): 0:41.32
	Average shared text size (kbytes): 0
	Average unshared data size (kbytes): 0
	Average stack size (kbytes): 0
	Average total size (kbytes): 0
	Maximum resident set size (kbytes): 83740
	Average resident set size (kbytes): 0
	Major (requiring I/O) page faults: 0
	Minor (reclaiming a frame) page faults: 16721622
	Voluntary context switches: 249788
	Involuntary context switches: 52618
	Swaps: 0
	File system inputs: 0
	File system outputs: 2339304
	Socket messages sent: 0
	Socket messages received: 0
	Signals delivered: 0
	Page size (bytes): 4096
	Exit status: 0
