	Command being timed: "gg-infer make -j64"
	User time (seconds): 361.38
	System time (seconds): 102.19
	Percent of CPU this job got: 1148%
	Elapsed (wall clock) time (h:mm:ss or m:ss): 0:40.36
	Average shared text size (kbytes): 0
	Average unshared data size (kbytes): 0
	Average stack size (kbytes): 0
	Average total size (kbytes): 0
	Maximum resident set size (kbytes): 83588
	Average resident set size (kbytes): 0
	Major (requiring I/O) page faults: 0
	Minor (reclaiming a frame) page faults: 16719766
	Voluntary context switches: 240215
	Involuntary context switches: 52139
	Swaps: 0
	File system inputs: 0
	File system outputs: 2330592
	Socket messages sent: 0
	Socket messages received: 0
	Signals delivered: 0
	Page size (bytes): 4096
	Exit status: 0
