	Command being timed: "gg-infer make -j64"
	User time (seconds): 363.39
	System time (seconds): 102.48
	Percent of CPU this job got: 1133%
	Elapsed (wall clock) time (h:mm:ss or m:ss): 0:41.11
	Average shared text size (kbytes): 0
	Average unshared data size (kbytes): 0
	Average stack size (kbytes): 0
	Average total size (kbytes): 0
	Maximum resident set size (kbytes): 83844
	Average resident set size (kbytes): 0
	Major (requiring I/O) page faults: 0
	Minor (reclaiming a frame) page faults: 16710919
	Voluntary context switches: 242231
	Involuntary context switches: 53115
	Swaps: 0
	File system inputs: 0
	File system outputs: 2315904
	Socket messages sent: 0
	Socket messages received: 0
	Signals delivered: 0
	Page size (bytes): 4096
	Exit status: 0
