	Command being timed: "gg-infer make -j64"
	User time (seconds): 362.01
	System time (seconds): 105.17
	Percent of CPU this job got: 1112%
	Elapsed (wall clock) time (h:mm:ss or m:ss): 0:42.01
	Average shared text size (kbytes): 0
	Average unshared data size (kbytes): 0
	Average stack size (kbytes): 0
	Average total size (kbytes): 0
	Maximum resident set size (kbytes): 83816
	Average resident set size (kbytes): 0
	Major (requiring I/O) page faults: 0
	Minor (reclaiming a frame) page faults: 16720269
	Voluntary context switches: 254842
	Involuntary context switches: 52675
	Swaps: 0
	File system inputs: 0
	File system outputs: 2361264
	Socket messages sent: 0
	Socket messages received: 0
	Signals delivered: 0
	Page size (bytes): 4096
	Exit status: 0
