	Command being timed: "gg-infer make -j64"
	User time (seconds): 362.36
	System time (seconds): 103.96
	Percent of CPU this job got: 1107%
	Elapsed (wall clock) time (h:mm:ss or m:ss): 0:42.09
	Average shared text size (kbytes): 0
	Average unshared data size (kbytes): 0
	Average stack size (kbytes): 0
	Average total size (kbytes): 0
	Maximum resident set size (kbytes): 83944
	Average resident set size (kbytes): 0
	Major (requiring I/O) page faults: 0
	Minor (reclaiming a frame) page faults: 16702183
	Voluntary context switches: 259840
	Involuntary context switches: 52453
	Swaps: 0
	File system inputs: 0
	File system outputs: 2298656
	Socket messages sent: 0
	Socket messages received: 0
	Signals delivered: 0
	Page size (bytes): 4096
	Exit status: 0
