	Command being timed: "make -j65"
	User time (seconds): 139.98
	System time (seconds): 16.75
	Percent of CPU this job got: 147%
	Elapsed (wall clock) time (h:mm:ss or m:ss): 1:46.47
	Average shared text size (kbytes): 0
	Average unshared data size (kbytes): 0
	Average stack size (kbytes): 0
	Average total size (kbytes): 0
	Maximum resident set size (kbytes): 161860
	Average resident set size (kbytes): 0
	Major (requiring I/O) page faults: 0
	Minor (reclaiming a frame) page faults: 5499116
	Voluntary context switches: 102508
	Involuntary context switches: 103535
	Swaps: 0
	File system inputs: 0
	File system outputs: 358976
	Socket messages sent: 0
	Socket messages received: 0
	Signals delivered: 0
	Page size (bytes): 4096
	Exit status: 0
