	Command being timed: "make -j65"
	User time (seconds): 88.13
	System time (seconds): 18.03
	Percent of CPU this job got: 318%
	Elapsed (wall clock) time (h:mm:ss or m:ss): 0:33.35
	Average shared text size (kbytes): 0
	Average unshared data size (kbytes): 0
	Average stack size (kbytes): 0
	Average total size (kbytes): 0
	Maximum resident set size (kbytes): 79184
	Average resident set size (kbytes): 0
	Major (requiring I/O) page faults: 0
	Minor (reclaiming a frame) page faults: 2999524
	Voluntary context switches: 133103
	Involuntary context switches: 136903
	Swaps: 0
	File system inputs: 0
	File system outputs: 312960
	Socket messages sent: 0
	Socket messages received: 0
	Signals delivered: 0
	Page size (bytes): 4096
	Exit status: 0
