	Command being timed: "make -j65"
	User time (seconds): 305.00
	System time (seconds): 14.58
	Percent of CPU this job got: 308%
	Elapsed (wall clock) time (h:mm:ss or m:ss): 1:43.49
	Average shared text size (kbytes): 0
	Average unshared data size (kbytes): 0
	Average stack size (kbytes): 0
	Average total size (kbytes): 0
	Maximum resident set size (kbytes): 268304
	Average resident set size (kbytes): 0
	Major (requiring I/O) page faults: 0
	Minor (reclaiming a frame) page faults: 3658555
	Voluntary context switches: 133362
	Involuntary context switches: 172269
	Swaps: 0
	File system inputs: 0
	File system outputs: 2633312
	Socket messages sent: 0
	Socket messages received: 0
	Signals delivered: 0
	Page size (bytes): 4096
	Exit status: 0
