	Command being timed: "gg-force --jobs 2000 --engine lambda=us-west-2 --engine lambda=us-east-1 --jobs 1000 --engine lambda=us-west-1 --engine lambda=us-east-2 --timeout 4 bin/inkscape bin/inkview"
	User time (seconds): 20.57
	System time (seconds): 3.27
	Percent of CPU this job got: 32%
	Elapsed (wall clock) time (h:mm:ss or m:ss): 1:14.51
	Average shared text size (kbytes): 0
	Average unshared data size (kbytes): 0
	Average stack size (kbytes): 0
	Average total size (kbytes): 0
	Maximum resident set size (kbytes): 634636
	Average resident set size (kbytes): 0
	Major (requiring I/O) page faults: 0
	Minor (reclaiming a frame) page faults: 164064
	Voluntary context switches: 3900
	Involuntary context switches: 231
	Swaps: 0
	File system inputs: 0
	File system outputs: 586440
	Socket messages sent: 0
	Socket messages received: 0
	Signals delivered: 0
	Page size (bytes): 4096
	Exit status: 0
