	Command being timed: "gg-reduce src/protoc"
	User time (seconds): 531.77
	System time (seconds): 31.16
	Percent of CPU this job got: 2583%
	Elapsed (wall clock) time (h:mm:ss or m:ss): 0:21.78
	Average shared text size (kbytes): 0
	Average unshared data size (kbytes): 0
	Average stack size (kbytes): 0
	Average total size (kbytes): 0
	Maximum resident set size (kbytes): 442648
	Average resident set size (kbytes): 0
	Major (requiring I/O) page faults: 0
	Minor (reclaiming a frame) page faults: 9199179
	Voluntary context switches: 11108
	Involuntary context switches: 3691
	Swaps: 0
	File system inputs: 8
	File system outputs: 2175800
	Socket messages sent: 0
	Socket messages received: 0
	Signals delivered: 0
	Page size (bytes): 4096
	Exit status: 0
