	Command being timed: "gg-run make -j4"
	User time (seconds): 407.79
	System time (seconds): 115.59
	Percent of CPU this job got: 340%
	Elapsed (wall clock) time (h:mm:ss or m:ss): 2:33.91
	Average shared text size (kbytes): 0
	Average unshared data size (kbytes): 0
	Average stack size (kbytes): 0
	Average total size (kbytes): 0
	Maximum resident set size (kbytes): 168328
	Average resident set size (kbytes): 0
	Major (requiring I/O) page faults: 0
	Minor (reclaiming a frame) page faults: 9249593
	Voluntary context switches: 33507
	Involuntary context switches: 71015
	Swaps: 0
	File system inputs: 0
	File system outputs: 1615224
	Socket messages sent: 0
	Socket messages received: 0
	Signals delivered: 0
	Page size (bytes): 4096
	Exit status: 0
