	Command being timed: "gg-run make -j4"
	User time (seconds): 406.97
	System time (seconds): 115.75
	Percent of CPU this job got: 339%
	Elapsed (wall clock) time (h:mm:ss or m:ss): 2:33.94
	Average shared text size (kbytes): 0
	Average unshared data size (kbytes): 0
	Average stack size (kbytes): 0
	Average total size (kbytes): 0
	Maximum resident set size (kbytes): 168344
	Average resident set size (kbytes): 0
	Major (requiring I/O) page faults: 0
	Minor (reclaiming a frame) page faults: 9275160
	Voluntary context switches: 30219
	Involuntary context switches: 70105
	Swaps: 0
	File system inputs: 0
	File system outputs: 1603408
	Socket messages sent: 0
	Socket messages received: 0
	Signals delivered: 0
	Page size (bytes): 4096
	Exit status: 0
