	Command being timed: "gg-run make -j4"
	User time (seconds): 407.48
	System time (seconds): 115.73
	Percent of CPU this job got: 339%
	Elapsed (wall clock) time (h:mm:ss or m:ss): 2:34.24
	Average shared text size (kbytes): 0
	Average unshared data size (kbytes): 0
	Average stack size (kbytes): 0
	Average total size (kbytes): 0
	Maximum resident set size (kbytes): 168412
	Average resident set size (kbytes): 0
	Major (requiring I/O) page faults: 0
	Minor (reclaiming a frame) page faults: 9265146
	Voluntary context switches: 29189
	Involuntary context switches: 71611
	Swaps: 0
	File system inputs: 0
	File system outputs: 1608352
	Socket messages sent: 0
	Socket messages received: 0
	Signals delivered: 0
	Page size (bytes): 4096
	Exit status: 0
