	Command being timed: "gg-run make -j4 llc"
	User time (seconds): 509.76
	System time (seconds): 55.88
	Percent of CPU this job got: 338%
	Elapsed (wall clock) time (h:mm:ss or m:ss): 2:47.11
	Average shared text size (kbytes): 0
	Average unshared data size (kbytes): 0
	Average stack size (kbytes): 0
	Average total size (kbytes): 0
	Maximum resident set size (kbytes): 353672
	Average resident set size (kbytes): 0
	Major (requiring I/O) page faults: 0
	Minor (reclaiming a frame) page faults: 11105159
	Voluntary context switches: 56504
	Involuntary context switches: 64149
	Swaps: 0
	File system inputs: 0
	File system outputs: 1743272
	Socket messages sent: 0
	Socket messages received: 0
	Signals delivered: 0
	Page size (bytes): 4096
	Exit status: 0
