	Command being timed: "gg-reduce src/protoc"
	User time (seconds): 1.11
	System time (seconds): 0.50
	Percent of CPU this job got: 1%
	Elapsed (wall clock) time (h:mm:ss or m:ss): 2:08.11
	Average shared text size (kbytes): 0
	Average unshared data size (kbytes): 0
	Average stack size (kbytes): 0
	Average total size (kbytes): 0
	Maximum resident set size (kbytes): 184328
	Average resident set size (kbytes): 0
	Major (requiring I/O) page faults: 0
	Minor (reclaiming a frame) page faults: 33295
	Voluntary context switches: 10448
	Involuntary context switches: 123
	Swaps: 0
	File system inputs: 0
	File system outputs: 199312
	Socket messages sent: 0
	Socket messages received: 0
	Signals delivered: 0
	Page size (bytes): 4096
	Exit status: 0
