	Command being timed: "gg-reduce src/protoc"
	User time (seconds): 1.04
	System time (seconds): 0.36
	Percent of CPU this job got: 3%
	Elapsed (wall clock) time (h:mm:ss or m:ss): 0:41.19
	Average shared text size (kbytes): 0
	Average unshared data size (kbytes): 0
	Average stack size (kbytes): 0
	Average total size (kbytes): 0
	Maximum resident set size (kbytes): 187668
	Average resident set size (kbytes): 0
	Major (requiring I/O) page faults: 0
	Minor (reclaiming a frame) page faults: 32904
	Voluntary context switches: 10445
	Involuntary context switches: 81
	Swaps: 0
	File system inputs: 0
	File system outputs: 199312
	Socket messages sent: 0
	Socket messages received: 0
	Signals delivered: 0
	Page size (bytes): 4096
	Exit status: 0
