	Command being timed: "gg-run make -j64 llc"
	User time (seconds): 1271.89
	System time (seconds): 114.85
	Percent of CPU this job got: 2774%
	Elapsed (wall clock) time (h:mm:ss or m:ss): 0:49.97
	Average shared text size (kbytes): 0
	Average unshared data size (kbytes): 0
	Average stack size (kbytes): 0
	Average total size (kbytes): 0
	Maximum resident set size (kbytes): 387648
	Average resident set size (kbytes): 0
	Major (requiring I/O) page faults: 0
	Minor (reclaiming a frame) page faults: 27137287
	Voluntary context switches: 71562
	Involuntary context switches: 68517
	Swaps: 0
	File system inputs: 0
	File system outputs: 3474120
	Socket messages sent: 0
	Socket messages received: 0
	Signals delivered: 0
	Page size (bytes): 4096
	Exit status: 0
