	Command being timed: "gg-run make -j64 llc"
	User time (seconds): 500.98
	System time (seconds): 62.76
	Percent of CPU this job got: 2614%
	Elapsed (wall clock) time (h:mm:ss or m:ss): 0:21.56
	Average shared text size (kbytes): 0
	Average unshared data size (kbytes): 0
	Average stack size (kbytes): 0
	Average total size (kbytes): 0
	Maximum resident set size (kbytes): 354252
	Average resident set size (kbytes): 0
	Major (requiring I/O) page faults: 0
	Minor (reclaiming a frame) page faults: 11415670
	Voluntary context switches: 41298
	Involuntary context switches: 38186
	Swaps: 0
	File system inputs: 8
	File system outputs: 951768
	Socket messages sent: 0
	Socket messages received: 0
	Signals delivered: 0
	Page size (bytes): 4096
	Exit status: 0
