	Command being timed: "gg-run make -j64 llc"
	User time (seconds): 498.97
	System time (seconds): 62.37
	Percent of CPU this job got: 2462%
	Elapsed (wall clock) time (h:mm:ss or m:ss): 0:22.79
	Average shared text size (kbytes): 0
	Average unshared data size (kbytes): 0
	Average stack size (kbytes): 0
	Average total size (kbytes): 0
	Maximum resident set size (kbytes): 353108
	Average resident set size (kbytes): 0
	Major (requiring I/O) page faults: 0
	Minor (reclaiming a frame) page faults: 11093904
	Voluntary context switches: 41426
	Involuntary context switches: 36992
	Swaps: 0
	File system inputs: 0
	File system outputs: 929424
	Socket messages sent: 0
	Socket messages received: 0
	Signals delivered: 0
	Page size (bytes): 4096
	Exit status: 0
