	Command being timed: "gg-infer make -j4 inkscape inkview"
	User time (seconds): 394.15
	System time (seconds): 103.63
	Percent of CPU this job got: 192%
	Elapsed (wall clock) time (h:mm:ss or m:ss): 4:18.51
	Average shared text size (kbytes): 0
	Average unshared data size (kbytes): 0
	Average stack size (kbytes): 0
	Average total size (kbytes): 0
	Maximum resident set size (kbytes): 404600
	Average resident set size (kbytes): 0
	Major (requiring I/O) page faults: 0
	Minor (reclaiming a frame) page faults: 14872708
	Voluntary context switches: 21031
	Involuntary context switches: 93653
	Swaps: 0
	File system inputs: 0
	File system outputs: 1637328
	Socket messages sent: 0
	Socket messages received: 0
	Signals delivered: 0
	Page size (bytes): 4096
	Exit status: 0
