	Command being timed: "make -j49 inkscape inkview"
	User time (seconds): 951.10
	System time (seconds): 357.06
	Percent of CPU this job got: 318%
	Elapsed (wall clock) time (h:mm:ss or m:ss): 6:50.43
	Average shared text size (kbytes): 0
	Average unshared data size (kbytes): 0
	Average stack size (kbytes): 0
	Average total size (kbytes): 0
	Maximum resident set size (kbytes): 623072
	Average resident set size (kbytes): 0
	Major (requiring I/O) page faults: 0
	Minor (reclaiming a frame) page faults: 27217329
	Voluntary context switches: 1164713
	Involuntary context switches: 1369525
	Swaps: 0
	File system inputs: 64056
	File system outputs: 414888
	Socket messages sent: 0
	Socket messages received: 0
	Signals delivered: 0
	Page size (bytes): 4096
	Exit status: 0
