	Command being timed: "make -j49 inkscape inkview"
	User time (seconds): 938.69
	System time (seconds): 362.44
	Percent of CPU this job got: 519%
	Elapsed (wall clock) time (h:mm:ss or m:ss): 4:10.58
	Average shared text size (kbytes): 0
	Average unshared data size (kbytes): 0
	Average stack size (kbytes): 0
	Average total size (kbytes): 0
	Maximum resident set size (kbytes): 622756
	Average resident set size (kbytes): 0
	Major (requiring I/O) page faults: 0
	Minor (reclaiming a frame) page faults: 27192583
	Voluntary context switches: 1161722
	Involuntary context switches: 1277411
	Swaps: 0
	File system inputs: 0
	File system outputs: 413568
	Socket messages sent: 0
	Socket messages received: 0
	Signals delivered: 0
	Page size (bytes): 4096
	Exit status: 0
