	Command being timed: "gg-force --jobs 64 bin/inkscape bin/inkview"
	User time (seconds): 6071.91
	System time (seconds): 470.87
	Percent of CPU this job got: 5757%
	Elapsed (wall clock) time (h:mm:ss or m:ss): 1:53.64
	Average shared text size (kbytes): 0
	Average unshared data size (kbytes): 0
	Average stack size (kbytes): 0
	Average total size (kbytes): 0
	Maximum resident set size (kbytes): 513660
	Average resident set size (kbytes): 0
	Major (requiring I/O) page faults: 0
	Minor (reclaiming a frame) page faults: 111706815
	Voluntary context switches: 149069
	Involuntary context switches: 35867
	Swaps: 0
	File system inputs: 272
	File system outputs: 9380752
	Socket messages sent: 0
	Socket messages received: 0
	Signals delivered: 0
	Page size (bytes): 4096
	Exit status: 0
