	Command being timed: "gg-run make -j64"
	User time (seconds): 62.52
	System time (seconds): 52.81
	Percent of CPU this job got: 337%
	Elapsed (wall clock) time (h:mm:ss or m:ss): 0:34.16
	Average shared text size (kbytes): 0
	Average unshared data size (kbytes): 0
	Average stack size (kbytes): 0
	Average total size (kbytes): 0
	Maximum resident set size (kbytes): 174872
	Average resident set size (kbytes): 0
	Major (requiring I/O) page faults: 0
	Minor (reclaiming a frame) page faults: 2266515
	Voluntary context switches: 15782
	Involuntary context switches: 4927
	Swaps: 0
	File system inputs: 0
	File system outputs: 114088
	Socket messages sent: 0
	Socket messages received: 0
	Signals delivered: 0
	Page size (bytes): 4096
	Exit status: 0
