	Command being timed: "gg-run make -j64"
	User time (seconds): 448.47
	System time (seconds): 348.47
	Percent of CPU this job got: 1814%
	Elapsed (wall clock) time (h:mm:ss or m:ss): 0:43.91
	Average shared text size (kbytes): 0
	Average unshared data size (kbytes): 0
	Average stack size (kbytes): 0
	Average total size (kbytes): 0
	Maximum resident set size (kbytes): 168276
	Average resident set size (kbytes): 0
	Major (requiring I/O) page faults: 0
	Minor (reclaiming a frame) page faults: 9266696
	Voluntary context switches: 39149
	Involuntary context switches: 44247
	Swaps: 0
	File system inputs: 0
	File system outputs: 1564136
	Socket messages sent: 0
	Socket messages received: 0
	Signals delivered: 0
	Page size (bytes): 4096
	Exit status: 0
