	Command being timed: "gg-reduce src/inkscape src/inkview"
	User time (seconds): 1.31
	System time (seconds): 0.33
	Percent of CPU this job got: 96%
	Elapsed (wall clock) time (h:mm:ss or m:ss): 0:01.70
	Average shared text size (kbytes): 0
	Average unshared data size (kbytes): 0
	Average stack size (kbytes): 0
	Average total size (kbytes): 0
	Maximum resident set size (kbytes): 391248
	Average resident set size (kbytes): 0
	Major (requiring I/O) page faults: 0
	Minor (reclaiming a frame) page faults: 88597
	Voluntary context switches: 117
	Involuntary context switches: 23
	Swaps: 0
	File system inputs: 0
	File system outputs: 75480
	Socket messages sent: 0
	Socket messages received: 0
	Signals delivered: 0
	Page size (bytes): 4096
	Exit status: 0
