	Command being timed: "gg-infer make -j64 inkscape inkview"
	User time (seconds): 58.05
	System time (seconds): 83.02
	Percent of CPU this job got: 866%
	Elapsed (wall clock) time (h:mm:ss or m:ss): 0:16.28
	Average shared text size (kbytes): 0
	Average unshared data size (kbytes): 0
	Average stack size (kbytes): 0
	Average total size (kbytes): 0
	Maximum resident set size (kbytes): 404868
	Average resident set size (kbytes): 0
	Major (requiring I/O) page faults: 0
	Minor (reclaiming a frame) page faults: 2304178
	Voluntary context switches: 12331
	Involuntary context switches: 6494
	Swaps: 0
	File system inputs: 8
	File system outputs: 170960
	Socket messages sent: 0
	Socket messages received: 0
	Signals delivered: 0
	Page size (bytes): 4096
	Exit status: 0
