	Command being timed: "gg-infer make -j64 inkscape inkview"
	User time (seconds): 554.54
	System time (seconds): 153.59
	Percent of CPU this job got: 2188%
	Elapsed (wall clock) time (h:mm:ss or m:ss): 0:32.35
	Average shared text size (kbytes): 0
	Average unshared data size (kbytes): 0
	Average stack size (kbytes): 0
	Average total size (kbytes): 0
	Maximum resident set size (kbytes): 404516
	Average resident set size (kbytes): 0
	Major (requiring I/O) page faults: 0
	Minor (reclaiming a frame) page faults: 14906881
	Voluntary context switches: 32902
	Involuntary context switches: 48804
	Swaps: 0
	File system inputs: 0
	File system outputs: 1952744
	Socket messages sent: 0
	Socket messages received: 0
	Signals delivered: 0
	Page size (bytes): 4096
	Exit status: 0
