	Command being timed: "gg-reduce src/inkscape src/inkview"
	User time (seconds): 5815.04
	System time (seconds): 364.46
	Percent of CPU this job got: 5888%
	Elapsed (wall clock) time (h:mm:ss or m:ss): 1:44.94
	Average shared text size (kbytes): 0
	Average unshared data size (kbytes): 0
	Average stack size (kbytes): 0
	Average total size (kbytes): 0
	Maximum resident set size (kbytes): 438608
	Average resident set size (kbytes): 0
	Major (requiring I/O) page faults: 0
	Minor (reclaiming a frame) page faults: 79052384
	Voluntary context switches: 144488
	Involuntary context switches: 40843
	Swaps: 0
	File system inputs: 8
	File system outputs: 7473872
	Socket messages sent: 0
	Socket messages received: 0
	Signals delivered: 0
	Page size (bytes): 4096
	Exit status: 0
