	Command being timed: "make -j64 clang"
	User time (seconds): 13159.17
	System time (seconds): 796.36
	Percent of CPU this job got: 5514%
	Elapsed (wall clock) time (h:mm:ss or m:ss): 4:13.08
	Average shared text size (kbytes): 0
	Average unshared data size (kbytes): 0
	Average stack size (kbytes): 0
	Average total size (kbytes): 0
	Maximum resident set size (kbytes): 1207108
	Average resident set size (kbytes): 0
	Major (requiring I/O) page faults: 0
	Minor (reclaiming a frame) page faults: 184336826
	Voluntary context switches: 475397
	Involuntary context switches: 93145
	Swaps: 0
	File system inputs: 968
	File system outputs: 2943728
	Socket messages sent: 0
	Socket messages received: 0
	Signals delivered: 0
	Page size (bytes): 4096
	Exit status: 0
