	Command being timed: "gg-run make -j4 ssh sshd scp sftp ssh-keygen ssh-agent"
	User time (seconds): 13.38
	System time (seconds): 2.54
	Percent of CPU this job got: 340%
	Elapsed (wall clock) time (h:mm:ss or m:ss): 0:04.68
	Average shared text size (kbytes): 0
	Average unshared data size (kbytes): 0
	Average stack size (kbytes): 0
	Average total size (kbytes): 0
	Maximum resident set size (kbytes): 45296
	Average resident set size (kbytes): 0
	Major (requiring I/O) page faults: 0
	Minor (reclaiming a frame) page faults: 633120
	Voluntary context switches: 4638
	Involuntary context switches: 3960
	Swaps: 0
	File system inputs: 0
	File system outputs: 170352
	Socket messages sent: 0
	Socket messages received: 0
	Signals delivered: 0
	Page size (bytes): 4096
	Exit status: 0
