	Command being timed: "gg-run make -j4 ssh sshd scp sftp ssh-keygen ssh-agent"
	User time (seconds): 13.54
	System time (seconds): 2.45
	Percent of CPU this job got: 347%
	Elapsed (wall clock) time (h:mm:ss or m:ss): 0:04.60
	Average shared text size (kbytes): 0
	Average unshared data size (kbytes): 0
	Average stack size (kbytes): 0
	Average total size (kbytes): 0
	Maximum resident set size (kbytes): 45472
	Average resident set size (kbytes): 0
	Major (requiring I/O) page faults: 0
	Minor (reclaiming a frame) page faults: 633413
	Voluntary context switches: 4004
	Involuntary context switches: 3987
	Swaps: 0
	File system inputs: 0
	File system outputs: 173264
	Socket messages sent: 0
	Socket messages received: 0
	Signals delivered: 0
	Page size (bytes): 4096
	Exit status: 0
