	Command being timed: "gg-reduce ssh sshd scp sftp ssh-keygen ssh-agent"
	User time (seconds): 1.34
	System time (seconds): 0.40
	Percent of CPU this job got: 10%
	Elapsed (wall clock) time (h:mm:ss or m:ss): 0:16.14
	Average shared text size (kbytes): 0
	Average unshared data size (kbytes): 0
	Average stack size (kbytes): 0
	Average total size (kbytes): 0
	Maximum resident set size (kbytes): 85752
	Average resident set size (kbytes): 0
	Major (requiring I/O) page faults: 0
	Minor (reclaiming a frame) page faults: 27954
	Voluntary context switches: 7994
	Involuntary context switches: 234
	Swaps: 0
	File system inputs: 0
	File system outputs: 47312
	Socket messages sent: 0
	Socket messages received: 0
	Signals delivered: 0
	Page size (bytes): 4096
	Exit status: 0
