	Command being timed: "make -j64 inkscape inkview"
	User time (seconds): 51.55
	System time (seconds): 19.19
	Percent of CPU this job got: 360%
	Elapsed (wall clock) time (h:mm:ss or m:ss): 0:19.63
	Average shared text size (kbytes): 0
	Average unshared data size (kbytes): 0
	Average stack size (kbytes): 0
	Average total size (kbytes): 0
	Maximum resident set size (kbytes): 405064
	Average resident set size (kbytes): 0
	Major (requiring I/O) page faults: 0
	Minor (reclaiming a frame) page faults: 2209946
	Voluntary context switches: 6220
	Involuntary context switches: 1613
	Swaps: 0
	File system inputs: 0
	File system outputs: 265528
	Socket messages sent: 0
	Socket messages received: 0
	Signals delivered: 0
	Page size (bytes): 4096
	Exit status: 0
