	Command being timed: "make -j64 inkscape inkview"
	User time (seconds): 4736.75
	System time (seconds): 1175.90
	Percent of CPU this job got: 4302%
	Elapsed (wall clock) time (h:mm:ss or m:ss): 2:17.43
	Average shared text size (kbytes): 0
	Average unshared data size (kbytes): 0
	Average stack size (kbytes): 0
	Average total size (kbytes): 0
	Maximum resident set size (kbytes): 607640
	Average resident set size (kbytes): 0
	Major (requiring I/O) page faults: 0
	Minor (reclaiming a frame) page faults: 105448964
	Voluntary context switches: 144727
	Involuntary context switches: 152192
	Swaps: 0
	File system inputs: 0
	File system outputs: 9733920
	Socket messages sent: 0
	Socket messages received: 0
	Signals delivered: 0
	Page size (bytes): 4096
	Exit status: 0
