	Command being timed: "gg-run make -j4 cmake"
<<<<<<< HEAD
	User time (seconds): 40.32
	System time (seconds): 8.41
	Percent of CPU this job got: 327%
	Elapsed (wall clock) time (h:mm:ss or m:ss): 0:14.86
=======
	User time (seconds): 40.13
	System time (seconds): 8.62
	Percent of CPU this job got: 252%
	Elapsed (wall clock) time (h:mm:ss or m:ss): 0:19.27
>>>>>>> Add results for {openssh,cmake}#gg-ec2-64.
	Average shared text size (kbytes): 0
	Average unshared data size (kbytes): 0
	Average stack size (kbytes): 0
	Average total size (kbytes): 0
<<<<<<< HEAD
	Maximum resident set size (kbytes): 45812
	Average resident set size (kbytes): 0
	Major (requiring I/O) page faults: 0
	Minor (reclaiming a frame) page faults: 1894134
	Voluntary context switches: 14694
	Involuntary context switches: 14297
	Swaps: 0
	File system inputs: 0
	File system outputs: 401040
=======
	Maximum resident set size (kbytes): 45860
	Average resident set size (kbytes): 0
	Major (requiring I/O) page faults: 0
	Minor (reclaiming a frame) page faults: 1900251
	Voluntary context switches: 14335
	Involuntary context switches: 14273
	Swaps: 0
	File system inputs: 0
	File system outputs: 400536
>>>>>>> Add results for {openssh,cmake}#gg-ec2-64.
	Socket messages sent: 0
	Socket messages received: 0
	Signals delivered: 0
	Page size (bytes): 4096
	Exit status: 0
