	Command being timed: "gg-run make -j4 cmake"
<<<<<<< HEAD
	User time (seconds): 39.72
	System time (seconds): 8.55
	Percent of CPU this job got: 328%
	Elapsed (wall clock) time (h:mm:ss or m:ss): 0:14.69
=======
	User time (seconds): 40.54
	System time (seconds): 8.69
	Percent of CPU this job got: 254%
	Elapsed (wall clock) time (h:mm:ss or m:ss): 0:19.35
>>>>>>> Add results for {openssh,cmake}#gg-ec2-64.
	Average shared text size (kbytes): 0
	Average unshared data size (kbytes): 0
	Average stack size (kbytes): 0
	Average total size (kbytes): 0
<<<<<<< HEAD
	Maximum resident set size (kbytes): 45988
	Average resident set size (kbytes): 0
	Major (requiring I/O) page faults: 0
	Minor (reclaiming a frame) page faults: 1897282
	Voluntary context switches: 14536
	Involuntary context switches: 14045
	Swaps: 0
	File system inputs: 0
	File system outputs: 400472
=======
	Maximum resident set size (kbytes): 46128
	Average resident set size (kbytes): 0
	Major (requiring I/O) page faults: 0
	Minor (reclaiming a frame) page faults: 1898717
	Voluntary context switches: 14501
	Involuntary context switches: 14325
	Swaps: 0
	File system inputs: 0
	File system outputs: 400520
>>>>>>> Add results for {openssh,cmake}#gg-ec2-64.
	Socket messages sent: 0
	Socket messages received: 0
	Signals delivered: 0
	Page size (bytes): 4096
	Exit status: 0
