	Command being timed: "gg-run make -j4 cmake"
<<<<<<< HEAD
	User time (seconds): 39.86
	System time (seconds): 8.51
	Percent of CPU this job got: 327%
	Elapsed (wall clock) time (h:mm:ss or m:ss): 0:14.75
=======
	User time (seconds): 39.90
	System time (seconds): 8.44
	Percent of CPU this job got: 256%
	Elapsed (wall clock) time (h:mm:ss or m:ss): 0:18.86
>>>>>>> Add results for {openssh,cmake}#gg-ec2-64.
	Average shared text size (kbytes): 0
	Average unshared data size (kbytes): 0
	Average stack size (kbytes): 0
	Average total size (kbytes): 0
<<<<<<< HEAD
	Maximum resident set size (kbytes): 46032
	Average resident set size (kbytes): 0
	Major (requiring I/O) page faults: 0
	Minor (reclaiming a frame) page faults: 1893410
	Voluntary context switches: 14627
	Involuntary context switches: 14307
	Swaps: 0
	File system inputs: 0
	File system outputs: 400544
=======
	Maximum resident set size (kbytes): 45612
	Average resident set size (kbytes): 0
	Major (requiring I/O) page faults: 0
	Minor (reclaiming a frame) page faults: 1900119
	Voluntary context switches: 14477
	Involuntary context switches: 14100
	Swaps: 0
	File system inputs: 0
	File system outputs: 400520
>>>>>>> Add results for {openssh,cmake}#gg-ec2-64.
	Socket messages sent: 0
	Socket messages received: 0
	Signals delivered: 0
	Page size (bytes): 4096
	Exit status: 0
