	Command being timed: "gg-reduce bin/cmake"
<<<<<<< HEAD
	User time (seconds): 2.30
	System time (seconds): 0.55
	Percent of CPU this job got: 6%
	Elapsed (wall clock) time (h:mm:ss or m:ss): 0:44.87
=======
	User time (seconds): 2.68
	System time (seconds): 0.70
	Percent of CPU this job got: 6%
	Elapsed (wall clock) time (h:mm:ss or m:ss): 0:48.86
>>>>>>> Add results for {openssh,cmake}#gg-ec2-64.
	Average shared text size (kbytes): 0
	Average unshared data size (kbytes): 0
	Average stack size (kbytes): 0
	Average total size (kbytes): 0
<<<<<<< HEAD
	Maximum resident set size (kbytes): 173260
	Average resident set size (kbytes): 0
	Major (requiring I/O) page faults: 0
	Minor (reclaiming a frame) page faults: 40851
	Voluntary context switches: 11226
	Involuntary context switches: 124
=======
	Maximum resident set size (kbytes): 154472
	Average resident set size (kbytes): 0
	Major (requiring I/O) page faults: 0
	Minor (reclaiming a frame) page faults: 40508
	Voluntary context switches: 10578
	Involuntary context switches: 126
>>>>>>> Add results for {openssh,cmake}#gg-ec2-64.
	Swaps: 0
	File system inputs: 0
	File system outputs: 88984
	Socket messages sent: 0
	Socket messages received: 0
	Signals delivered: 0
	Page size (bytes): 4096
	Exit status: 0
