	Command being timed: "gg-run make -j4 cmake"
<<<<<<< HEAD
	User time (seconds): 40.23
	System time (seconds): 8.98
	Percent of CPU this job got: 325%
	Elapsed (wall clock) time (h:mm:ss or m:ss): 0:15.12
=======
	User time (seconds): 40.15
	System time (seconds): 8.32
	Percent of CPU this job got: 254%
	Elapsed (wall clock) time (h:mm:ss or m:ss): 0:19.05
>>>>>>> Add results for {openssh,cmake}#gg-ec2-64.
	Average shared text size (kbytes): 0
	Average unshared data size (kbytes): 0
	Average stack size (kbytes): 0
	Average total size (kbytes): 0
<<<<<<< HEAD
	Maximum resident set size (kbytes): 45524
	Average resident set size (kbytes): 0
	Major (requiring I/O) page faults: 0
	Minor (reclaiming a frame) page faults: 1897972
	Voluntary context switches: 14495
	Involuntary context switches: 14284
	Swaps: 0
	File system inputs: 0
	File system outputs: 400504
=======
	Maximum resident set size (kbytes): 45092
	Average resident set size (kbytes): 0
	Major (requiring I/O) page faults: 0
	Minor (reclaiming a frame) page faults: 1896377
	Voluntary context switches: 14524
	Involuntary context switches: 14213
	Swaps: 0
	File system inputs: 0
	File system outputs: 354072
>>>>>>> Add results for {openssh,cmake}#gg-ec2-64.
	Socket messages sent: 0
	Socket messages received: 0
	Signals delivered: 0
	Page size (bytes): 4096
	Exit status: 0
