	Command being timed: "gg-reduce bin/cmake"
<<<<<<< HEAD
	User time (seconds): 2.46
	System time (seconds): 0.54
	Percent of CPU this job got: 6%
	Elapsed (wall clock) time (h:mm:ss or m:ss): 0:47.00
=======
	User time (seconds): 2.23
	System time (seconds): 0.69
	Percent of CPU this job got: 6%
	Elapsed (wall clock) time (h:mm:ss or m:ss): 0:46.90
>>>>>>> Add results for {openssh,cmake}#gg-ec2-64.
	Average shared text size (kbytes): 0
	Average unshared data size (kbytes): 0
	Average stack size (kbytes): 0
	Average total size (kbytes): 0
<<<<<<< HEAD
	Maximum resident set size (kbytes): 147944
	Average resident set size (kbytes): 0
	Major (requiring I/O) page faults: 0
	Minor (reclaiming a frame) page faults: 42924
	Voluntary context switches: 11159
	Involuntary context switches: 120
=======
	Maximum resident set size (kbytes): 171100
	Average resident set size (kbytes): 0
	Major (requiring I/O) page faults: 0
	Minor (reclaiming a frame) page faults: 40614
	Voluntary context switches: 10198
	Involuntary context switches: 102
>>>>>>> Add results for {openssh,cmake}#gg-ec2-64.
	Swaps: 0
	File system inputs: 0
	File system outputs: 88984
	Socket messages sent: 0
	Socket messages received: 0
	Signals delivered: 0
	Page size (bytes): 4096
	Exit status: 0
