	Command being timed: "gg-run make -j4 cmake"
<<<<<<< HEAD
	User time (seconds): 40.26
	System time (seconds): 8.98
	Percent of CPU this job got: 326%
	Elapsed (wall clock) time (h:mm:ss or m:ss): 0:15.10
=======
	User time (seconds): 39.75
	System time (seconds): 8.64
	Percent of CPU this job got: 255%
	Elapsed (wall clock) time (h:mm:ss or m:ss): 0:18.92
>>>>>>> Add results for {openssh,cmake}#gg-ec2-64.
	Average shared text size (kbytes): 0
	Average unshared data size (kbytes): 0
	Average stack size (kbytes): 0
	Average total size (kbytes): 0
<<<<<<< HEAD
	Maximum resident set size (kbytes): 45128
	Average resident set size (kbytes): 0
	Major (requiring I/O) page faults: 0
	Minor (reclaiming a frame) page faults: 1898415
	Voluntary context switches: 14578
	Involuntary context switches: 14159
	Swaps: 0
	File system inputs: 0
	File system outputs: 400592
=======
	Maximum resident set size (kbytes): 46044
	Average resident set size (kbytes): 0
	Major (requiring I/O) page faults: 0
	Minor (reclaiming a frame) page faults: 1899444
	Voluntary context switches: 14213
	Involuntary context switches: 14185
	Swaps: 0
	File system inputs: 0
	File system outputs: 400400
>>>>>>> Add results for {openssh,cmake}#gg-ec2-64.
	Socket messages sent: 0
	Socket messages received: 0
	Signals delivered: 0
	Page size (bytes): 4096
	Exit status: 0
