	Command being timed: "gg-run make -j4 cmake"
<<<<<<< HEAD
	User time (seconds): 39.73
	System time (seconds): 9.11
	Percent of CPU this job got: 327%
	Elapsed (wall clock) time (h:mm:ss or m:ss): 0:14.92
=======
	User time (seconds): 40.45
	System time (seconds): 8.69
	Percent of CPU this job got: 255%
	Elapsed (wall clock) time (h:mm:ss or m:ss): 0:19.22
>>>>>>> Add results for {openssh,cmake}#gg-ec2-64.
	Average shared text size (kbytes): 0
	Average unshared data size (kbytes): 0
	Average stack size (kbytes): 0
	Average total size (kbytes): 0
<<<<<<< HEAD
	Maximum resident set size (kbytes): 45996
	Average resident set size (kbytes): 0
	Major (requiring I/O) page faults: 0
	Minor (reclaiming a frame) page faults: 1900886
	Voluntary context switches: 14719
	Involuntary context switches: 14246
	Swaps: 0
	File system inputs: 0
	File system outputs: 400512
=======
	Maximum resident set size (kbytes): 45912
	Average resident set size (kbytes): 0
	Major (requiring I/O) page faults: 0
	Minor (reclaiming a frame) page faults: 1896935
	Voluntary context switches: 14266
	Involuntary context switches: 14196
	Swaps: 0
	File system inputs: 0
	File system outputs: 353896
>>>>>>> Add results for {openssh,cmake}#gg-ec2-64.
	Socket messages sent: 0
	Socket messages received: 0
	Signals delivered: 0
	Page size (bytes): 4096
	Exit status: 0
