	Command being timed: "gg-reduce bin/cmake"
<<<<<<< HEAD
	User time (seconds): 2.31
	System time (seconds): 0.66
	Percent of CPU this job got: 6%
	Elapsed (wall clock) time (h:mm:ss or m:ss): 0:46.29
=======
	User time (seconds): 2.35
	System time (seconds): 0.86
	Percent of CPU this job got: 6%
	Elapsed (wall clock) time (h:mm:ss or m:ss): 0:50.79
>>>>>>> Add results for {openssh,cmake}#gg-ec2-64.
	Average shared text size (kbytes): 0
	Average unshared data size (kbytes): 0
	Average stack size (kbytes): 0
	Average total size (kbytes): 0
<<<<<<< HEAD
	Maximum resident set size (kbytes): 145488
	Average resident set size (kbytes): 0
	Major (requiring I/O) page faults: 0
	Minor (reclaiming a frame) page faults: 38031
	Voluntary context switches: 11089
	Involuntary context switches: 124
=======
	Maximum resident set size (kbytes): 151376
	Average resident set size (kbytes): 0
	Major (requiring I/O) page faults: 0
	Minor (reclaiming a frame) page faults: 43424
	Voluntary context switches: 11496
	Involuntary context switches: 189
>>>>>>> Add results for {openssh,cmake}#gg-ec2-64.
	Swaps: 0
	File system inputs: 0
	File system outputs: 88984
	Socket messages sent: 0
	Socket messages received: 0
	Signals delivered: 0
	Page size (bytes): 4096
	Exit status: 0
