	Command being timed: "gg-run make -j4 cmake"
	User time (seconds): 40.16
	System time (seconds): 8.46
	Percent of CPU this job got: 257%
	Elapsed (wall clock) time (h:mm:ss or m:ss): 0:18.91
	Average shared text size (kbytes): 0
	Average unshared data size (kbytes): 0
	Average stack size (kbytes): 0
	Average total size (kbytes): 0
	Maximum resident set size (kbytes): 45688
	Average resident set size (kbytes): 0
	Major (requiring I/O) page faults: 0
	Minor (reclaiming a frame) page faults: 1898173
	Voluntary context switches: 14317
	Involuntary context switches: 14016
	Swaps: 0
	File system inputs: 0
	File system outputs: 354064
	Socket messages sent: 0
	Socket messages received: 0
	Signals delivered: 0
	Page size (bytes): 4096
	Exit status: 0
