	Command being timed: "gg-run make -j4 cmake"
<<<<<<< HEAD
	User time (seconds): 39.67
	System time (seconds): 8.66
	Percent of CPU this job got: 328%
	Elapsed (wall clock) time (h:mm:ss or m:ss): 0:14.73
=======
	User time (seconds): 40.10
	System time (seconds): 9.22
	Percent of CPU this job got: 253%
	Elapsed (wall clock) time (h:mm:ss or m:ss): 0:19.48
>>>>>>> Add results for {openssh,cmake}#gg-ec2-64.
	Average shared text size (kbytes): 0
	Average unshared data size (kbytes): 0
	Average stack size (kbytes): 0
	Average total size (kbytes): 0
<<<<<<< HEAD
	Maximum resident set size (kbytes): 46076
	Average resident set size (kbytes): 0
	Major (requiring I/O) page faults: 0
	Minor (reclaiming a frame) page faults: 1892979
	Voluntary context switches: 14550
	Involuntary context switches: 14264
	Swaps: 0
	File system inputs: 0
	File system outputs: 400360
=======
	Maximum resident set size (kbytes): 46396
	Average resident set size (kbytes): 0
	Major (requiring I/O) page faults: 0
	Minor (reclaiming a frame) page faults: 1900551
	Voluntary context switches: 14494
	Involuntary context switches: 14056
	Swaps: 0
	File system inputs: 0
	File system outputs: 400400
>>>>>>> Add results for {openssh,cmake}#gg-ec2-64.
	Socket messages sent: 0
	Socket messages received: 0
	Signals delivered: 0
	Page size (bytes): 4096
	Exit status: 0
