	Command being timed: "gg-reduce bin/cmake"
	User time (seconds): 2.72
	System time (seconds): 0.82
	Percent of CPU this job got: 5%
	Elapsed (wall clock) time (h:mm:ss or m:ss): 1:06.05
	Average shared text size (kbytes): 0
	Average unshared data size (kbytes): 0
	Average stack size (kbytes): 0
	Average total size (kbytes): 0
	Maximum resident set size (kbytes): 154216
	Average resident set size (kbytes): 0
	Major (requiring I/O) page faults: 0
	Minor (reclaiming a frame) page faults: 42210
	Voluntary context switches: 10816
	Involuntary context switches: 166
	Swaps: 0
	File system inputs: 0
	File system outputs: 88984
	Socket messages sent: 0
	Socket messages received: 0
	Signals delivered: 0
	Page size (bytes): 4096
	Exit status: 0
