	Command being timed: "gg-run make -j4 llc"
	User time (seconds): 936.89
	System time (seconds): 57.36
	Percent of CPU this job got: 365%
	Elapsed (wall clock) time (h:mm:ss or m:ss): 4:31.93
	Average shared text size (kbytes): 0
	Average unshared data size (kbytes): 0
	Average stack size (kbytes): 0
	Average total size (kbytes): 0
	Maximum resident set size (kbytes): 356612
	Average resident set size (kbytes): 0
	Major (requiring I/O) page faults: 0
	Minor (reclaiming a frame) page faults: 11177339
	Voluntary context switches: 56783
	Involuntary context switches: 76184
	Swaps: 0
	File system inputs: 0
	File system outputs: 1739104
	Socket messages sent: 0
	Socket messages received: 0
	Signals delivered: 0
	Page size (bytes): 4096
	Exit status: 0
