	Command being timed: "gg-run make -j4 llc"
	User time (seconds): 912.87
	System time (seconds): 55.10
	Percent of CPU this job got: 349%
	Elapsed (wall clock) time (h:mm:ss or m:ss): 4:37.24
	Average shared text size (kbytes): 0
	Average unshared data size (kbytes): 0
	Average stack size (kbytes): 0
	Average total size (kbytes): 0
	Maximum resident set size (kbytes): 355528
	Average resident set size (kbytes): 0
	Major (requiring I/O) page faults: 0
	Minor (reclaiming a frame) page faults: 11167172
	Voluntary context switches: 55781
	Involuntary context switches: 67162
	Swaps: 0
	File system inputs: 0
	File system outputs: 1784488
	Socket messages sent: 0
	Socket messages received: 0
	Signals delivered: 0
	Page size (bytes): 4096
	Exit status: 0
