	Command being timed: "gg-run make -j4 llc"
	User time (seconds): 939.93
	System time (seconds): 56.98
	Percent of CPU this job got: 368%
	Elapsed (wall clock) time (h:mm:ss or m:ss): 4:30.86
	Average shared text size (kbytes): 0
	Average unshared data size (kbytes): 0
	Average stack size (kbytes): 0
	Average total size (kbytes): 0
	Maximum resident set size (kbytes): 356016
	Average resident set size (kbytes): 0
	Major (requiring I/O) page faults: 0
	Minor (reclaiming a frame) page faults: 11181795
	Voluntary context switches: 57720
	Involuntary context switches: 76508
	Swaps: 0
	File system inputs: 0
	File system outputs: 1739632
	Socket messages sent: 0
	Socket messages received: 0
	Signals delivered: 0
	Page size (bytes): 4096
	Exit status: 0
