	Command being timed: "gg-run make -j4 llc"
	User time (seconds): 933.93
	System time (seconds): 58.10
	Percent of CPU this job got: 361%
	Elapsed (wall clock) time (h:mm:ss or m:ss): 4:34.77
	Average shared text size (kbytes): 0
	Average unshared data size (kbytes): 0
	Average stack size (kbytes): 0
	Average total size (kbytes): 0
	Maximum resident set size (kbytes): 355672
	Average resident set size (kbytes): 0
	Major (requiring I/O) page faults: 0
	Minor (reclaiming a frame) page faults: 11162705
	Voluntary context switches: 57639
	Involuntary context switches: 76432
	Swaps: 0
	File system inputs: 0
	File system outputs: 1749760
	Socket messages sent: 0
	Socket messages received: 0
	Signals delivered: 0
	Page size (bytes): 4096
	Exit status: 0
