	Command being timed: "gg-run make -j4 llc"
	User time (seconds): 930.18
	System time (seconds): 57.08
	Percent of CPU this job got: 324%
	Elapsed (wall clock) time (h:mm:ss or m:ss): 5:04.44
	Average shared text size (kbytes): 0
	Average unshared data size (kbytes): 0
	Average stack size (kbytes): 0
	Average total size (kbytes): 0
	Maximum resident set size (kbytes): 356512
	Average resident set size (kbytes): 0
	Major (requiring I/O) page faults: 0
	Minor (reclaiming a frame) page faults: 11160592
	Voluntary context switches: 57253
	Involuntary context switches: 72284
	Swaps: 0
	File system inputs: 0
	File system outputs: 1738016
	Socket messages sent: 0
	Socket messages received: 0
	Signals delivered: 0
	Page size (bytes): 4096
	Exit status: 0
