	Command being timed: "gg-reduce bin/llc"
	User time (seconds): 12.92
	System time (seconds): 4.76
	Percent of CPU this job got: 27%
	Elapsed (wall clock) time (h:mm:ss or m:ss): 1:04.91
	Average shared text size (kbytes): 0
	Average unshared data size (kbytes): 0
	Average stack size (kbytes): 0
	Average total size (kbytes): 0
	Maximum resident set size (kbytes): 1033540
	Average resident set size (kbytes): 0
	Major (requiring I/O) page faults: 0
	Minor (reclaiming a frame) page faults: 199161
	Voluntary context switches: 21829
	Involuntary context switches: 341
	Swaps: 0
	File system inputs: 8
	File system outputs: 440184
	Socket messages sent: 0
	Socket messages received: 0
	Signals delivered: 0
	Page size (bytes): 4096
	Exit status: 0
