	Command being timed: "make -j64 llc"
	User time (seconds): 9620.56
	System time (seconds): 676.63
	Percent of CPU this job got: 4088%
	Elapsed (wall clock) time (h:mm:ss or m:ss): 4:11.84
	Average shared text size (kbytes): 0
	Average unshared data size (kbytes): 0
	Average stack size (kbytes): 0
	Average total size (kbytes): 0
	Maximum resident set size (kbytes): 5261108
	Average resident set size (kbytes): 0
	Major (requiring I/O) page faults: 4
	Minor (reclaiming a frame) page faults: 156544284
	Voluntary context switches: 608782
	Involuntary context switches: 84182
	Swaps: 0
	File system inputs: 992
	File system outputs: 45693112
	Socket messages sent: 0
	Socket messages received: 0
	Signals delivered: 0
	Page size (bytes): 4096
	Exit status: 0
