	Command being timed: "make -j64 llc"
	User time (seconds): 9627.50
	System time (seconds): 693.16
	Percent of CPU this job got: 4107%
	Elapsed (wall clock) time (h:mm:ss or m:ss): 4:11.29
	Average shared text size (kbytes): 0
	Average unshared data size (kbytes): 0
	Average stack size (kbytes): 0
	Average total size (kbytes): 0
	Maximum resident set size (kbytes): 5260880
	Average resident set size (kbytes): 0
	Major (requiring I/O) page faults: 0
	Minor (reclaiming a frame) page faults: 158786265
	Voluntary context switches: 615822
	Involuntary context switches: 83311
	Swaps: 0
	File system inputs: 80
	File system outputs: 45688416
	Socket messages sent: 0
	Socket messages received: 0
	Signals delivered: 0
	Page size (bytes): 4096
	Exit status: 0
