	Command being timed: "make -j64 llc"
	User time (seconds): 9518.04
	System time (seconds): 702.57
	Percent of CPU this job got: 3972%
	Elapsed (wall clock) time (h:mm:ss or m:ss): 4:17.25
	Average shared text size (kbytes): 0
	Average unshared data size (kbytes): 0
	Average stack size (kbytes): 0
	Average total size (kbytes): 0
	Maximum resident set size (kbytes): 5260872
	Average resident set size (kbytes): 0
	Major (requiring I/O) page faults: 0
	Minor (reclaiming a frame) page faults: 159417961
	Voluntary context switches: 593657
	Involuntary context switches: 83470
	Swaps: 0
	File system inputs: 80
	File system outputs: 45688400
	Socket messages sent: 0
	Socket messages received: 0
	Signals delivered: 0
	Page size (bytes): 4096
	Exit status: 0
