	Command being timed: "gg-run make -j64 ssh sshd scp sftp ssh-keygen ssh-agent"
	User time (seconds): 12.52
	System time (seconds): 2.49
	Percent of CPU this job got: 3671%
	Elapsed (wall clock) time (h:mm:ss or m:ss): 0:00.40
	Average shared text size (kbytes): 0
	Average unshared data size (kbytes): 0
	Average stack size (kbytes): 0
	Average total size (kbytes): 0
	Maximum resident set size (kbytes): 18660
	Average resident set size (kbytes): 0
	Major (requiring I/O) page faults: 0
	Minor (reclaiming a frame) page faults: 609229
	Voluntary context switches: 2778
	Involuntary context switches: 1911
	Swaps: 0
	File system inputs: 0
	File system outputs: 25040
	Socket messages sent: 0
	Socket messages received: 0
	Signals delivered: 0
	Page size (bytes): 4096
	Exit status: 0
