	Command being timed: "gg-run make -j64 ssh sshd scp sftp ssh-keygen ssh-agent"
	User time (seconds): 12.19
	System time (seconds): 2.86
	Percent of CPU this job got: 3593%
	Elapsed (wall clock) time (h:mm:ss or m:ss): 0:00.41
	Average shared text size (kbytes): 0
	Average unshared data size (kbytes): 0
	Average stack size (kbytes): 0
	Average total size (kbytes): 0
	Maximum resident set size (kbytes): 18624
	Average resident set size (kbytes): 0
	Major (requiring I/O) page faults: 0
	Minor (reclaiming a frame) page faults: 609855
	Voluntary context switches: 2696
	Involuntary context switches: 1899
	Swaps: 0
	File system inputs: 0
	File system outputs: 25040
	Socket messages sent: 0
	Socket messages received: 0
	Signals delivered: 0
	Page size (bytes): 4096
	Exit status: 0
