	Command being timed: "gg-reduce ffmpeg ffserver ffprobe"
	User time (seconds): 758.92
	System time (seconds): 51.40
	Percent of CPU this job got: 3585%
	Elapsed (wall clock) time (h:mm:ss or m:ss): 0:22.59
	Average shared text size (kbytes): 0
	Average unshared data size (kbytes): 0
	Average stack size (kbytes): 0
	Average total size (kbytes): 0
	Maximum resident set size (kbytes): 206332
	Average resident set size (kbytes): 0
	Major (requiring I/O) page faults: 0
	Minor (reclaiming a frame) page faults: 15960229
	Voluntary context switches: 30814
	Involuntary context switches: 17159
	Swaps: 0
	File system inputs: 88
	File system outputs: 1641920
	Socket messages sent: 0
	Socket messages received: 0
	Signals delivered: 0
	Page size (bytes): 4096
	Exit status: 0
