	Command being timed: "gg-run make -j64"
	User time (seconds): 204.90
	System time (seconds): 22.55
	Percent of CPU this job got: 637%
	Elapsed (wall clock) time (h:mm:ss or m:ss): 0:35.70
	Average shared text size (kbytes): 0
	Average unshared data size (kbytes): 0
	Average stack size (kbytes): 0
	Average total size (kbytes): 0
	Maximum resident set size (kbytes): 68604
	Average resident set size (kbytes): 0
	Major (requiring I/O) page faults: 0
	Minor (reclaiming a frame) page faults: 4226372
	Voluntary context switches: 34416
	Involuntary context switches: 18631
	Swaps: 0
	File system inputs: 712
	File system outputs: 3146424
	Socket messages sent: 0
	Socket messages received: 0
	Signals delivered: 0
	Page size (bytes): 4096
	Exit status: 0
