	Command being timed: "gg-run make -j64"
	User time (seconds): 151.08
	System time (seconds): 7.78
	Percent of CPU this job got: 578%
	Elapsed (wall clock) time (h:mm:ss or m:ss): 0:27.47
	Average shared text size (kbytes): 0
	Average unshared data size (kbytes): 0
	Average stack size (kbytes): 0
	Average total size (kbytes): 0
	Maximum resident set size (kbytes): 68548
	Average resident set size (kbytes): 0
	Major (requiring I/O) page faults: 0
	Minor (reclaiming a frame) page faults: 2192137
	Voluntary context switches: 15631
	Involuntary context switches: 7977
	Swaps: 0
	File system inputs: 24
	File system outputs: 102840
	Socket messages sent: 0
	Socket messages received: 0
	Signals delivered: 0
	Page size (bytes): 4096
	Exit status: 0
