	Command being timed: "gg-reduce ffmpeg ffserver ffprobe"
	User time (seconds): 760.23
	System time (seconds): 51.90
	Percent of CPU this job got: 3610%
	Elapsed (wall clock) time (h:mm:ss or m:ss): 0:22.49
	Average shared text size (kbytes): 0
	Average unshared data size (kbytes): 0
	Average stack size (kbytes): 0
	Average total size (kbytes): 0
	Maximum resident set size (kbytes): 205568
	Average resident set size (kbytes): 0
	Major (requiring I/O) page faults: 0
	Minor (reclaiming a frame) page faults: 15958709
	Voluntary context switches: 30857
	Involuntary context switches: 16977
	Swaps: 0
	File system inputs: 48
	File system outputs: 1641920
	Socket messages sent: 0
	Socket messages received: 0
	Signals delivered: 0
	Page size (bytes): 4096
	Exit status: 0
